<?xml version="1.0" encoding="UTF-8"?>
<testsuites>
  <testsuite name="Application Test Suite" tests="1" assertions="1" failures="0" errors="0" time="2.649914">
    <testsuite name="Tests\Feature\sDeliveryOrderManagement\DeliveryOrderCancelAPITest" file="/var/www/tests/Feature/sDeliveryOrderManagement/DeliveryOrderCancelAPITest.php" tests="1" assertions="1" failures="0" errors="0" time="2.649914">
      <testcase name="testCancelOrderDataUpdateIntoDB" class="Tests\Feature\sDeliveryOrderManagement\DeliveryOrderCancelAPITest" file="/var/www/tests/Feature/sDeliveryOrderManagement/DeliveryOrderCancelAPITest.php" line="83" assertions="1" time="2.649914"/>
    </testsuite>
  </testsuite>
</testsuites>
