<?xml version="1.0" encoding="UTF-8"?>
<testsuites>
  <testsuite name="Application Test Suite" tests="1" assertions="2" failures="0" errors="0" time="2.624886">
    <testsuite name="Tests\Feature\sDeliverOrderPlacement\OrderPlaceDeliveryPriceCheckAPITest" file="/var/www/tests/Feature/sDeliverOrderPlacement/OrderPlaceDeliveryPriceCheckAPITest.php" tests="1" assertions="2" failures="0" errors="0" time="2.624886">
      <testcase name="testSuccessfulResponseToFetchProductPriceAccordingtoWeight" class="Tests\Feature\sDeliverOrderPlacement\OrderPlaceDeliveryPriceCheckAPITest" file="/var/www/tests/Feature/sDeliverOrderPlacement/OrderPlaceDeliveryPriceCheckAPITest.php" line="29" assertions="2" time="2.624886"/>
    </testsuite>
  </testsuite>
</testsuites>
