<?xml version="1.0" encoding="UTF-8"?>
<testsuites>
  <testsuite name="Application Test Suite" tests="1" assertions="23" failures="0" errors="0" time="3.318728">
    <testsuite name="Tests\Feature\sProServiceBookCategory\sProOrderDetailsTest" file="/var/www/tests/Feature/sProServiceBookCategory/sProOrderDetailsTest.php" tests="1" assertions="23" failures="0" errors="0" time="3.318728">
      <testcase name="testSProOrderDetailsAPIWithMultipleServiceDetails" class="Tests\Feature\sProServiceBookCategory\sProOrderDetailsTest" file="/var/www/tests/Feature/sProServiceBookCategory/sProOrderDetailsTest.php" line="96" assertions="23" time="3.318728"/>
    </testsuite>
  </testsuite>
</testsuites>
