<?xml version="1.0" encoding="UTF-8"?>
<testsuites>
  <testsuite name="Application Test Suite" tests="1" assertions="1" failures="1" errors="0" time="11.878713">
    <testsuite name="Tests\Feature\TopUp\SingleTopUpTest" file="/var/www/tests/Feature/TopUp/SingleTopUpTest.php" tests="1" assertions="1" failures="1" errors="0" time="11.878713">
      <testcase name="testTopupTestBlockNumber" class="Tests\Feature\TopUp\SingleTopUpTest" file="/var/www/tests/Feature/TopUp/SingleTopUpTest.php" line="460" assertions="1" time="11.878713">
        <failure type="PHPUnit_Framework_ExpectationFailedException">Tests\Feature\TopUp\SingleTopUpTest::testTopupTestBlockNumber
Failed asserting that 200 matches expected 403.

/var/www/tests/Feature/TopUp/SingleTopUpTest.php:473
</failure>
      </testcase>
    </testsuite>
  </testsuite>
</testsuites>
