<?xml version="1.0" encoding="UTF-8"?>
<testsuites>
  <testsuite name="Application Test Suite" tests="1" assertions="8" failures="0" errors="0" time="0.144534">
    <testsuite name="Tests\Feature\Payment\EMIDetailsInfo\EMIDetailsInfoTest" file="/var/www/tests/Feature/Payment/EMIDetailsInfo/EMIDetailsInfoTest.php" tests="1" assertions="8" failures="0" errors="0" time="0.144534">
      <testcase name="testEMIInfoByGivingNoParameterAmount" class="Tests\Feature\Payment\EMIDetailsInfo\EMIDetailsInfoTest" file="/var/www/tests/Feature/Payment/EMIDetailsInfo/EMIDetailsInfoTest.php" line="11" assertions="8" time="0.144534"/>
    </testsuite>
  </testsuite>
</testsuites>
