<?xml version="1.0" encoding="UTF-8"?>
<testsuites>
  <testsuite name="Application Test Suite" tests="1" assertions="2" failures="0" errors="0" time="0.448940">
    <testsuite name="Tests\Feature\CustomerTransactionWallet\CustomerTransactionWalletTest" file="/var/www/tests/Feature/CustomerTransactionWallet/CustomerTransactionWalletTest.php" tests="1" assertions="2" failures="0" errors="0" time="0.448940">
      <testcase name="testCustomerTransactionWalletAPIForStatusCode200" class="Tests\Feature\CustomerTransactionWallet\CustomerTransactionWalletTest" file="/var/www/tests/Feature/CustomerTransactionWallet/CustomerTransactionWalletTest.php" line="19" assertions="2" time="0.448940"/>
    </testsuite>
  </testsuite>
</testsuites>
