<?xml version="1.0" encoding="UTF-8"?>
<testsuites>
  <testsuite name="Application Test Suite" tests="1" assertions="5" failures="0" errors="0" time="0.144243">
    <testsuite name="Tests\Feature\Payment\EMIDetailsInfo\EMIDetailsInfoTest" file="/var/www/tests/Feature/Payment/EMIDetailsInfo/EMIDetailsInfoTest.php" tests="1" assertions="5" failures="0" errors="0" time="0.144243">
      <testcase name="testEMIInfoByGivingParameterOfZeroAmount" class="Tests\Feature\Payment\EMIDetailsInfo\EMIDetailsInfoTest" file="/var/www/tests/Feature/Payment/EMIDetailsInfo/EMIDetailsInfoTest.php" line="150" assertions="5" time="0.144243"/>
    </testsuite>
  </testsuite>
</testsuites>
