<?xml version="1.0" encoding="UTF-8"?>
<testsuites>
  <testsuite name="Application Test Suite" tests="1" assertions="1" failures="0" errors="0" time="13.017114">
    <testsuite name="Tests\Feature\TopUp\SbusinessSingleTopupTest" file="/var/www/tests/Feature/TopUp/SbusinessSingleTopupTest.php" tests="1" assertions="1" failures="0" errors="0" time="13.017114">
      <testcase name="testBusinessSuccessfulTopupDeductAmountFromBusinessMemberWallet" class="Tests\Feature\TopUp\SbusinessSingleTopupTest" file="/var/www/tests/Feature/TopUp/SbusinessSingleTopupTest.php" line="517" assertions="1" time="13.017114"/>
    </testsuite>
  </testsuite>
</testsuites>
