<?xml version="1.0" encoding="UTF-8"?>
<testsuites>
  <testsuite name="Application Test Suite" tests="15" assertions="29" failures="0" errors="0" time="47.209864">
    <testsuite name="Tests\Feature\sDeliveryOrderManagement\DeliveryOrderCancelAPITest" file="/var/www/tests/Feature/sDeliveryOrderManagement/DeliveryOrderCancelAPITest.php" tests="4" assertions="8" failures="0" errors="0" time="13.114477">
      <testcase name="testCancelPosDeliveryOrder" class="Tests\Feature\sDeliveryOrderManagement\DeliveryOrderCancelAPITest" file="/var/www/tests/Feature/sDeliveryOrderManagement/DeliveryOrderCancelAPITest.php" line="38" assertions="3" time="2.862730"/>
      <testcase name="testFailedToCancelPosDeliveryOrderDueToAuthorizationError" class="Tests\Feature\sDeliveryOrderManagement\DeliveryOrderCancelAPITest" file="/var/www/tests/Feature/sDeliveryOrderManagement/DeliveryOrderCancelAPITest.php" line="53" assertions="2" time="2.413821"/>
      <testcase name="testPosOrderIdFieldIsRequired" class="Tests\Feature\sDeliveryOrderManagement\DeliveryOrderCancelAPITest" file="/var/www/tests/Feature/sDeliveryOrderManagement/DeliveryOrderCancelAPITest.php" line="67" assertions="2" time="5.718467"/>
      <testcase name="testCancelOrderDataUpdateIntoDB" class="Tests\Feature\sDeliveryOrderManagement\DeliveryOrderCancelAPITest" file="/var/www/tests/Feature/sDeliveryOrderManagement/DeliveryOrderCancelAPITest.php" line="85" assertions="1" time="2.119459"/>
    </testsuite>
    <testsuite name="Tests\Feature\sDeliveryOrderManagement\DeliveryOrderInfoAPITest" file="/var/www/tests/Feature/sDeliveryOrderManagement/DeliveryOrderInfoAPITest.php" tests="2" assertions="4" failures="0" errors="0" time="6.528569">
      <testcase name="testPosDeliveryOrderInfo" class="Tests\Feature\sDeliveryOrderManagement\DeliveryOrderInfoAPITest" file="/var/www/tests/Feature/sDeliveryOrderManagement/DeliveryOrderInfoAPITest.php" line="46" assertions="2" time="2.413154"/>
      <testcase name="test401ResponseforPosDeliveryOrderInfo" class="Tests\Feature\sDeliveryOrderManagement\DeliveryOrderInfoAPITest" file="/var/www/tests/Feature/sDeliveryOrderManagement/DeliveryOrderInfoAPITest.php" line="57" assertions="2" time="4.115415"/>
    </testsuite>
    <testsuite name="Tests\Feature\sDeliveryOrderManagement\DeliveryOrderStatusAPITest" file="/var/www/tests/Feature/sDeliveryOrderManagement/DeliveryOrderStatusAPITest.php" tests="3" assertions="7" failures="0" errors="0" time="6.735530">
      <testcase name="testGetDeliveryOrderStatusUpdate" class="Tests\Feature\sDeliveryOrderManagement\DeliveryOrderStatusAPITest" file="/var/www/tests/Feature/sDeliveryOrderManagement/DeliveryOrderStatusAPITest.php" line="35" assertions="2" time="2.215420"/>
      <testcase name="testDeliveryOrderStatusForAuthorizationError" class="Tests\Feature\sDeliveryOrderManagement\DeliveryOrderStatusAPITest" file="/var/www/tests/Feature/sDeliveryOrderManagement/DeliveryOrderStatusAPITest.php" line="47" assertions="2" time="2.096156"/>
      <testcase name="testDeliveryOrderCreatedStatusUpdate" class="Tests\Feature\sDeliveryOrderManagement\DeliveryOrderStatusAPITest" file="/var/www/tests/Feature/sDeliveryOrderManagement/DeliveryOrderStatusAPITest.php" line="58" assertions="3" time="2.423954"/>
    </testsuite>
    <testsuite name="Tests\Feature\sDeliveryOrderManagement\DeliveryVendorUpdateAPITest" file="/var/www/tests/Feature/sDeliveryOrderManagement/DeliveryVendorUpdateAPITest.php" tests="6" assertions="10" failures="0" errors="0" time="20.831288">
      <testcase name="testsDeliveryUpdateVendor" class="Tests\Feature\sDeliveryOrderManagement\DeliveryVendorUpdateAPITest" file="/var/www/tests/Feature/sDeliveryOrderManagement/DeliveryVendorUpdateAPITest.php" line="36" assertions="2" time="2.174437"/>
      <testcase name="testVendorSelectSelfDeliverySystem" class="Tests\Feature\sDeliveryOrderManagement\DeliveryVendorUpdateAPITest" file="/var/www/tests/Feature/sDeliveryOrderManagement/DeliveryVendorUpdateAPITest.php" line="51" assertions="2" time="2.066423"/>
      <testcase name="testAuthorizationError" class="Tests\Feature\sDeliveryOrderManagement\DeliveryVendorUpdateAPITest" file="/var/www/tests/Feature/sDeliveryOrderManagement/DeliveryVendorUpdateAPITest.php" line="66" assertions="2" time="6.141623"/>
      <testcase name="testDataValidationError" class="Tests\Feature\sDeliveryOrderManagement\DeliveryVendorUpdateAPITest" file="/var/www/tests/Feature/sDeliveryOrderManagement/DeliveryVendorUpdateAPITest.php" line="81" assertions="2" time="5.551746"/>
      <testcase name="testDeliveryVendorDataSuccessfullyUpdateIntoDB" class="Tests\Feature\sDeliveryOrderManagement\DeliveryVendorUpdateAPITest" file="/var/www/tests/Feature/sDeliveryOrderManagement/DeliveryVendorUpdateAPITest.php" line="96" assertions="1" time="2.212500"/>
      <testcase name="testSeltDeliverySuccessfullyUpdateIntoDB" class="Tests\Feature\sDeliveryOrderManagement\DeliveryVendorUpdateAPITest" file="/var/www/tests/Feature/sDeliveryOrderManagement/DeliveryVendorUpdateAPITest.php" line="112" assertions="1" time="2.684559"/>
    </testsuite>
  </testsuite>
</testsuites>
