<?xml version="1.0" encoding="UTF-8"?>
<testsuites>
  <testsuite name="Application Test Suite" tests="18" assertions="36" failures="0" errors="0" time="89.248334">
    <testsuite name="Tests\Feature\UserProfileUpdate\UserProfileUpdateV3Test" file="/var/www/tests/Feature/UserProfileUpdate/UserProfileUpdateV3Test.php" tests="18" assertions="36" failures="0" errors="0" time="89.248334">
      <testcase name="testUserProfileUpdateAPIV3ByUpdatingName" class="Tests\Feature\UserProfileUpdate\UserProfileUpdateV3Test" file="/var/www/tests/Feature/UserProfileUpdate/UserProfileUpdateV3Test.php" line="22" assertions="2" time="4.493999"/>
      <testcase name="testUserProfileUpdateAPIV3ByUpdatingEmail" class="Tests\Feature\UserProfileUpdate\UserProfileUpdateV3Test" file="/var/www/tests/Feature/UserProfileUpdate/UserProfileUpdateV3Test.php" line="43" assertions="2" time="3.941129"/>
      <testcase name="testUserProfileUpdateAPIV3ByUpdatingDateOfBirth" class="Tests\Feature\UserProfileUpdate\UserProfileUpdateV3Test" file="/var/www/tests/Feature/UserProfileUpdate/UserProfileUpdateV3Test.php" line="64" assertions="2" time="3.832308"/>
      <testcase name="testUserProfileUpdateAPIV3ByUpdatingGender" class="Tests\Feature\UserProfileUpdate\UserProfileUpdateV3Test" file="/var/www/tests/Feature/UserProfileUpdate/UserProfileUpdateV3Test.php" line="85" assertions="2" time="3.968429"/>
      <testcase name="testUserProfileUpdateAPIV3ByUpdatingAddress" class="Tests\Feature\UserProfileUpdate\UserProfileUpdateV3Test" file="/var/www/tests/Feature/UserProfileUpdate/UserProfileUpdateV3Test.php" line="106" assertions="2" time="4.146319"/>
      <testcase name="testUserProfileUpdateAPIV3ByUpdatingDateOfBirthGender" class="Tests\Feature\UserProfileUpdate\UserProfileUpdateV3Test" file="/var/www/tests/Feature/UserProfileUpdate/UserProfileUpdateV3Test.php" line="127" assertions="2" time="4.100020"/>
      <testcase name="testUserProfileUpdateAPIV3ByUpdatingDateOfBirthName" class="Tests\Feature\UserProfileUpdate\UserProfileUpdateV3Test" file="/var/www/tests/Feature/UserProfileUpdate/UserProfileUpdateV3Test.php" line="149" assertions="2" time="3.891917"/>
      <testcase name="testUserProfileUpdateAPIV3ByUpdatingDateOfBirthGenderName" class="Tests\Feature\UserProfileUpdate\UserProfileUpdateV3Test" file="/var/www/tests/Feature/UserProfileUpdate/UserProfileUpdateV3Test.php" line="171" assertions="2" time="5.962527"/>
      <testcase name="testUserProfileUpdateAPIV3ByUpdatingDateOfBirthEmailGenderName" class="Tests\Feature\UserProfileUpdate\UserProfileUpdateV3Test" file="/var/www/tests/Feature/UserProfileUpdate/UserProfileUpdateV3Test.php" line="194" assertions="2" time="4.419881"/>
      <testcase name="testUserProfileUpdateAPIV3ByUpdatingDateOfBirthEmailGenderNameAddress" class="Tests\Feature\UserProfileUpdate\UserProfileUpdateV3Test" file="/var/www/tests/Feature/UserProfileUpdate/UserProfileUpdateV3Test.php" line="218" assertions="2" time="4.814222"/>
      <testcase name="testUserProfileUpdateAPIV3ByGivingInvalidGender" class="Tests\Feature\UserProfileUpdate\UserProfileUpdateV3Test" file="/var/www/tests/Feature/UserProfileUpdate/UserProfileUpdateV3Test.php" line="243" assertions="2" time="5.630423"/>
      <testcase name="testUserProfileUpdateAPIV3ByGivingInvalidRememberToken" class="Tests\Feature\UserProfileUpdate\UserProfileUpdateV3Test" file="/var/www/tests/Feature/UserProfileUpdate/UserProfileUpdateV3Test.php" line="267" assertions="2" time="4.170212"/>
      <testcase name="testUserProfileUpdateAPIV3ByNotGivingRememberToken" class="Tests\Feature\UserProfileUpdate\UserProfileUpdateV3Test" file="/var/www/tests/Feature/UserProfileUpdate/UserProfileUpdateV3Test.php" line="291" assertions="2" time="4.266537"/>
      <testcase name="testUserProfileUpdateAPIV3ByGivingInvalidCustomerId" class="Tests\Feature\UserProfileUpdate\UserProfileUpdateV3Test" file="/var/www/tests/Feature/UserProfileUpdate/UserProfileUpdateV3Test.php" line="315" assertions="2" time="5.847933"/>
      <testcase name="testUserProfileUpdateAPIV3ByGivingInvalidDateOfBirth" class="Tests\Feature\UserProfileUpdate\UserProfileUpdateV3Test" file="/var/www/tests/Feature/UserProfileUpdate/UserProfileUpdateV3Test.php" line="339" assertions="2" time="6.910408"/>
      <testcase name="testUserProfileUpdateAPIV3ByGivingCharacterInputInDateOfBirth" class="Tests\Feature\UserProfileUpdate\UserProfileUpdateV3Test" file="/var/www/tests/Feature/UserProfileUpdate/UserProfileUpdateV3Test.php" line="365" assertions="2" time="5.583226"/>
      <testcase name="testUserProfileUpdateAPIV3ByGivingInvalidEmail" class="Tests\Feature\UserProfileUpdate\UserProfileUpdateV3Test" file="/var/www/tests/Feature/UserProfileUpdate/UserProfileUpdateV3Test.php" line="391" assertions="2" time="7.337983"/>
      <testcase name="testUserProfileUpdateAPIV3ByGivingInvalidDateOfBirthGenderEmail" class="Tests\Feature\UserProfileUpdate\UserProfileUpdateV3Test" file="/var/www/tests/Feature/UserProfileUpdate/UserProfileUpdateV3Test.php" line="415" assertions="2" time="5.930861"/>
    </testsuite>
  </testsuite>
</testsuites>
