<?xml version="1.0" encoding="UTF-8"?>
<testsuites>
  <testsuite name="Application Test Suite" tests="12" assertions="24" failures="0" errors="0" time="63.549241">
    <testsuite name="Tests\Feature\UserProfileUpdate\UserProfileUpdateV1Test" file="/var/www/tests/Feature/UserProfileUpdate/UserProfileUpdateV1Test.php" tests="12" assertions="24" failures="0" errors="0" time="63.549241">
      <testcase name="testUserProfileUpdateAPIV1ByUpdatingNameGenderBirthdayAddress" class="Tests\Feature\UserProfileUpdate\UserProfileUpdateV1Test" file="/var/www/tests/Feature/UserProfileUpdate/UserProfileUpdateV1Test.php" line="22" assertions="2" time="3.843082"/>
      <testcase name="testUserProfileUpdateAPIV1ByUpdatingNameOnly" class="Tests\Feature\UserProfileUpdate\UserProfileUpdateV1Test" file="/var/www/tests/Feature/UserProfileUpdate/UserProfileUpdateV1Test.php" line="49" assertions="2" time="3.833406"/>
      <testcase name="testUserProfileUpdateAPIV1ByUpdatingGenderOnly" class="Tests\Feature\UserProfileUpdate\UserProfileUpdateV1Test" file="/var/www/tests/Feature/UserProfileUpdate/UserProfileUpdateV1Test.php" line="67" assertions="2" time="3.481427"/>
      <testcase name="testUserProfileUpdateAPIV1ByUpdatingBirthdayOnly" class="Tests\Feature\UserProfileUpdate\UserProfileUpdateV1Test" file="/var/www/tests/Feature/UserProfileUpdate/UserProfileUpdateV1Test.php" line="85" assertions="2" time="3.415439"/>
      <testcase name="testUserProfileUpdateAPIV1ByUpdatingAddressOnly" class="Tests\Feature\UserProfileUpdate\UserProfileUpdateV1Test" file="/var/www/tests/Feature/UserProfileUpdate/UserProfileUpdateV1Test.php" line="103" assertions="2" time="4.110622"/>
      <testcase name="testUserProfileUpdateAPIV1ByGivingNullValueOfName" class="Tests\Feature\UserProfileUpdate\UserProfileUpdateV1Test" file="/var/www/tests/Feature/UserProfileUpdate/UserProfileUpdateV1Test.php" line="121" assertions="2" time="5.661696"/>
      <testcase name="testUserProfileUpdateAPIV1ByGivingNullValueOfGender" class="Tests\Feature\UserProfileUpdate\UserProfileUpdateV1Test" file="/var/www/tests/Feature/UserProfileUpdate/UserProfileUpdateV1Test.php" line="139" assertions="2" time="5.317519"/>
      <testcase name="testUserProfileUpdateAPIV1ByGivingNullValueOfBirthday" class="Tests\Feature\UserProfileUpdate\UserProfileUpdateV1Test" file="/var/www/tests/Feature/UserProfileUpdate/UserProfileUpdateV1Test.php" line="157" assertions="2" time="7.050198"/>
      <testcase name="testUserProfileUpdateAPIV1ByGivingNullValueOfAddress" class="Tests\Feature\UserProfileUpdate\UserProfileUpdateV1Test" file="/var/www/tests/Feature/UserProfileUpdate/UserProfileUpdateV1Test.php" line="175" assertions="2" time="6.970765"/>
      <testcase name="testUserProfileUpdateAPIV1ByGivingInvalidBirthday" class="Tests\Feature\UserProfileUpdate\UserProfileUpdateV1Test" file="/var/www/tests/Feature/UserProfileUpdate/UserProfileUpdateV1Test.php" line="193" assertions="2" time="7.046500"/>
      <testcase name="testUserProfileUpdateAPIV1ByGivingCharacterInputInBirthday" class="Tests\Feature\UserProfileUpdate\UserProfileUpdateV1Test" file="/var/www/tests/Feature/UserProfileUpdate/UserProfileUpdateV1Test.php" line="213" assertions="2" time="6.654355"/>
      <testcase name="testUserProfileUpdateAPIV1ByGivingInvalidGender" class="Tests\Feature\UserProfileUpdate\UserProfileUpdateV1Test" file="/var/www/tests/Feature/UserProfileUpdate/UserProfileUpdateV1Test.php" line="233" assertions="2" time="6.164232"/>
    </testsuite>
  </testsuite>
</testsuites>
