<?xml version="1.0" encoding="UTF-8"?>
<testsuites>
  <testsuite name="Application Test Suite" tests="1" assertions="0" failures="0" errors="1" time="0.000000">
    <testsuite name="Tests\Feature\CustomerTransactionWallet\CustomerTransactionWalletTest" file="/var/www/tests/Feature/CustomerTransactionWallet/CustomerTransactionWalletTest.php" tests="1" assertions="0" failures="0" errors="1" time="0.000000">
      <testcase name="testCustomerTransactionWalletAPIToCheckEmptyDiscountMessageForShebaCredit" class="Tests\Feature\CustomerTransactionWallet\CustomerTransactionWalletTest" file="/var/www/tests/Feature/CustomerTransactionWallet/CustomerTransactionWalletTest.php" line="153" assertions="0" time="0.000000">
        <error type="PHPUnit_Framework_Exception">Tests\Feature\CustomerTransactionWallet\CustomerTransactionWalletTest::testCustomerTransactionWalletAPIToCheckEmptyDiscountMessageForShebaCredit
PHPUnit_Framework_Exception: array:4 [
  "code" =&gt; 200
  "message" =&gt; "Successful"
  "payments" =&gt; array:5 [
    0 =&gt; array:9 [
      "name" =&gt; "Sheba Credit"
      "name_bn" =&gt; null
      "is_published" =&gt; 1
      "description" =&gt; ""
      "asset" =&gt; "sheba_credit"
      "method_name" =&gt; "wallet"
      "icon" =&gt; null
      "cash_in_charge" =&gt; 0
      "discount_message" =&gt; ""
    ]
    1 =&gt; array:9 [
      "name" =&gt; "bKash"
      "name_bn" =&gt; "বিকাশ"
      "is_published" =&gt; 1
      "description" =&gt; ""
      "asset" =&gt; "bkash"
      "method_name" =&gt; "bkash"
      "icon" =&gt; "https://cdn-shebaxyz.s3.ap-south-1.amazonaws.com/payments/Bkash.png"
      "cash_in_charge" =&gt; 0
      "discount_message" =&gt; ""
    ]
    2 =&gt; array:9 [
      "name" =&gt; "Nagad"
      "name_bn" =&gt; "নগদ"
      "is_published" =&gt; 1
      "description" =&gt; ""
      "asset" =&gt; "nagad"
      "method_name" =&gt; "nagad"
      "icon" =&gt; "https://cdn-shebaxyz.s3.ap-south-1.amazonaws.com/payments/Nagad.png"
      "cash_in_charge" =&gt; 0
      "discount_message" =&gt; ""
    ]
    3 =&gt; array:9 [
      "name" =&gt; "City Bank (American Express)"
      "name_bn" =&gt; null
      "is_published" =&gt; 1
      "description" =&gt; ""
      "asset" =&gt; "cbl"
      "method_name" =&gt; "cbl"
      "icon" =&gt; "https://cdn-shebaxyz.s3.ap-south-1.amazonaws.com/payments/City+Bank.png"
      "cash_in_charge" =&gt; 0
      "discount_message" =&gt; ""
    ]
    4 =&gt; array:9 [
      "name" =&gt; "Other Cards"
      "name_bn" =&gt; "ভিসা / মাস্টার ও অন্যান্য"
      "is_published" =&gt; 1
      "description" =&gt; ""
      "asset" =&gt; "ssl"
      "method_name" =&gt; "online"
      "icon" =&gt; "https://cdn-shebaxyz.s3.ap-south-1.amazonaws.com/payments/online.png"
      "cash_in_charge" =&gt; 0
      "discount_message" =&gt; ""
    ]
  ]
  "discount_message" =&gt; "Pay online and stay relaxed!!!"
]

</error>
      </testcase>
    </testsuite>
  </testsuite>
</testsuites>
