<?xml version="1.0" encoding="UTF-8"?>
<testsuites>
  <testsuite name="Application Test Suite" tests="1" assertions="0" failures="0" errors="1" time="0.102906">
    <testsuite name="Tests\Feature\Payment\EMIDetailsInfo\EMIDetailsInfoTest" file="/var/www/tests/Feature/Payment/EMIDetailsInfo/EMIDetailsInfoTest.php" tests="1" assertions="0" failures="0" errors="1" time="0.102906">
      <testcase name="testEMIInfoByGivingNoParameterAmount" class="Tests\Feature\Payment\EMIDetailsInfo\EMIDetailsInfoTest" file="/var/www/tests/Feature/Payment/EMIDetailsInfo/EMIDetailsInfoTest.php" line="11" assertions="0" time="0.102906">
        <error type="Error">Tests\Feature\Payment\EMIDetailsInfo\EMIDetailsInfoTest::testEMIInfoByGivingNoParameterAmount
Error: Call to a member function decodeResponseJson() on array

/var/www/tests/Feature/Payment/EMIDetailsInfo/EMIDetailsInfoTest.php:46
</error>
      </testcase>
    </testsuite>
  </testsuite>
</testsuites>
