<?xml version="1.0" encoding="UTF-8"?>
<testsuites>
  <testsuite name="Application Test Suite" tests="1" assertions="2" failures="0" errors="0" time="1.832141">
    <testsuite name="Tests\Feature\sProServiceBookCategory\sProServiceListTest" file="/var/www/tests/Feature/sProServiceBookCategory/sProServiceListTest.php" tests="1" assertions="2" failures="0" errors="0" time="1.832141">
      <testcase name="testSProServiceListAPIWithNoLatValidLng" class="Tests\Feature\sProServiceBookCategory\sProServiceListTest" file="/var/www/tests/Feature/sProServiceBookCategory/sProServiceListTest.php" line="287" assertions="2" time="1.832141"/>
    </testsuite>
  </testsuite>
</testsuites>
