<?xml version="1.0" encoding="UTF-8"?>
<testsuites>
  <testsuite name="Application Test Suite" tests="6" assertions="11" failures="0" errors="0" time="13.333671">
    <testsuite name="Tests\Feature\sDeliverOrderPlacement\OrderPlaceDeliveryPriceCheckAPITest" file="/var/www/tests/Feature/sDeliverOrderPlacement/OrderPlaceDeliveryPriceCheckAPITest.php" tests="6" assertions="11" failures="0" errors="0" time="13.333671">
      <testcase name="testSuccessfulResponseToFetchProductPriceAccordingtoWeight" class="Tests\Feature\sDeliverOrderPlacement\OrderPlaceDeliveryPriceCheckAPITest" file="/var/www/tests/Feature/sDeliverOrderPlacement/OrderPlaceDeliveryPriceCheckAPITest.php" line="29" assertions="2" time="2.596533"/>
      <testcase name="testDataFailedToPassValidationResponseToFetchProductPriceAccordingtoWeight" class="Tests\Feature\sDeliverOrderPlacement\OrderPlaceDeliveryPriceCheckAPITest" file="/var/www/tests/Feature/sDeliverOrderPlacement/OrderPlaceDeliveryPriceCheckAPITest.php" line="49" assertions="2" time="2.189098"/>
      <testcase name="testDatasValidationResponseToFetchProductPriceWithoutCODAmount" class="Tests\Feature\sDeliverOrderPlacement\OrderPlaceDeliveryPriceCheckAPITest" file="/var/www/tests/Feature/sDeliverOrderPlacement/OrderPlaceDeliveryPriceCheckAPITest.php" line="66" assertions="2" time="2.293484"/>
      <testcase name="testDatasValidationResponseToFetchProductPriceWithoutPartnerId" class="Tests\Feature\sDeliverOrderPlacement\OrderPlaceDeliveryPriceCheckAPITest" file="/var/www/tests/Feature/sDeliverOrderPlacement/OrderPlaceDeliveryPriceCheckAPITest.php" line="83" assertions="2" time="2.195370"/>
      <testcase name="testDatasValidationResponseToFetchProductPriceWithoutDeliveryDistrictandThana" class="Tests\Feature\sDeliverOrderPlacement\OrderPlaceDeliveryPriceCheckAPITest" file="/var/www/tests/Feature/sDeliverOrderPlacement/OrderPlaceDeliveryPriceCheckAPITest.php" line="100" assertions="2" time="2.674248"/>
      <testcase name="testProductPriceChangeAccordingtoWeight" class="Tests\Feature\sDeliverOrderPlacement\OrderPlaceDeliveryPriceCheckAPITest" file="/var/www/tests/Feature/sDeliverOrderPlacement/OrderPlaceDeliveryPriceCheckAPITest.php" line="136" assertions="1" time="1.384938"/>
    </testsuite>
  </testsuite>
</testsuites>
