<?xml version="1.0" encoding="UTF-8"?>
<testsuites>
  <testsuite name="Application Test Suite" tests="13" assertions="27" failures="1" errors="0" time="33.884131">
    <testsuite name="Tests\Feature\sDeliveryRegistration\DeliveryRegisterAPITest" file="/var/www/tests/Feature/sDeliveryRegistration/DeliveryRegisterAPITest.php" tests="9" assertions="17" failures="1" errors="0" time="28.804147">
      <testcase name="testSuccessfulRegistrationWithAllInfo" class="Tests\Feature\sDeliveryRegistration\DeliveryRegisterAPITest" file="/var/www/tests/Feature/sDeliveryRegistration/DeliveryRegisterAPITest.php" line="31" assertions="1" time="5.015010">
        <failure type="PHPUnit_Framework_ExpectationFailedException">Tests\Feature\sDeliveryRegistration\DeliveryRegisterAPITest::testSuccessfulRegistrationWithAllInfo
Failed asserting that 500 matches expected 200.

/var/www/tests/Feature/sDeliveryRegistration/DeliveryRegisterAPITest.php:59
</failure>
      </testcase>
      <testcase name="testWithoutNameCannotBeRegistered" class="Tests\Feature\sDeliveryRegistration\DeliveryRegisterAPITest" file="/var/www/tests/Feature/sDeliveryRegistration/DeliveryRegisterAPITest.php" line="63" assertions="2" time="2.930261"/>
      <testcase name="testWithoutDistrictCannotBeRegistered" class="Tests\Feature\sDeliveryRegistration\DeliveryRegisterAPITest" file="/var/www/tests/Feature/sDeliveryRegistration/DeliveryRegisterAPITest.php" line="95" assertions="2" time="4.002160"/>
      <testcase name="testWithoutThanaCannotBeRegistered" class="Tests\Feature\sDeliveryRegistration\DeliveryRegisterAPITest" file="/var/www/tests/Feature/sDeliveryRegistration/DeliveryRegisterAPITest.php" line="126" assertions="2" time="3.724080"/>
      <testcase name="testEmptyMobileNoCannotBeAccepted" class="Tests\Feature\sDeliveryRegistration\DeliveryRegisterAPITest" file="/var/www/tests/Feature/sDeliveryRegistration/DeliveryRegisterAPITest.php" line="157" assertions="2" time="3.002835"/>
      <testcase name="testEmptyPaymentMethodCannotBeAccepted" class="Tests\Feature\sDeliveryRegistration\DeliveryRegisterAPITest" file="/var/www/tests/Feature/sDeliveryRegistration/DeliveryRegisterAPITest.php" line="188" assertions="2" time="3.092146"/>
      <testcase name="testWithoutContactNameCannotBeAccepted" class="Tests\Feature\sDeliveryRegistration\DeliveryRegisterAPITest" file="/var/www/tests/Feature/sDeliveryRegistration/DeliveryRegisterAPITest.php" line="219" assertions="2" time="3.293763"/>
      <testcase name="testWithoutAccountTypeCannotBeAccepted" class="Tests\Feature\sDeliveryRegistration\DeliveryRegisterAPITest" file="/var/www/tests/Feature/sDeliveryRegistration/DeliveryRegisterAPITest.php" line="250" assertions="2" time="2.639982"/>
      <testcase name="testWithWrongAuthorization" class="Tests\Feature\sDeliveryRegistration\DeliveryRegisterAPITest" file="/var/www/tests/Feature/sDeliveryRegistration/DeliveryRegisterAPITest.php" line="281" assertions="2" time="1.103910"/>
    </testsuite>
    <testsuite name="Tests\Feature\sDeliveryRegistration\RegistrationInfoApiTest" file="/var/www/tests/Feature/sDeliveryRegistration/RegistrationInfoApiTest.php" tests="2" assertions="4" failures="0" errors="0" time="3.078476">
      <testcase name="testSuccessfulRegistrationInfo" class="Tests\Feature\sDeliveryRegistration\RegistrationInfoApiTest" file="/var/www/tests/Feature/sDeliveryRegistration/RegistrationInfoApiTest.php" line="37" assertions="2" time="2.076353"/>
      <testcase name="testWithWrongAuthorizationIsNotAccepted" class="Tests\Feature\sDeliveryRegistration\RegistrationInfoApiTest" file="/var/www/tests/Feature/sDeliveryRegistration/RegistrationInfoApiTest.php" line="47" assertions="2" time="1.002123"/>
    </testsuite>
    <testsuite name="Tests\Feature\sDeliveryRegistration\WebstoreDashboardInfoApiTest" file="/var/www/tests/Feature/sDeliveryRegistration/WebstoreDashboardInfoApiTest.php" tests="2" assertions="6" failures="0" errors="0" time="2.001508">
      <testcase name="testSuccessfulResponseWhenPartnerIsRegisteredForDelivery" class="Tests\Feature\sDeliveryRegistration\WebstoreDashboardInfoApiTest" file="/var/www/tests/Feature/sDeliveryRegistration/WebstoreDashboardInfoApiTest.php" line="38" assertions="3" time="0.946769"/>
      <testcase name="testSuccessfulResponseWhenPartnerIsNotRegisteredForDelivery" class="Tests\Feature\sDeliveryRegistration\WebstoreDashboardInfoApiTest" file="/var/www/tests/Feature/sDeliveryRegistration/WebstoreDashboardInfoApiTest.php" line="47" assertions="3" time="1.054739"/>
    </testsuite>
  </testsuite>
</testsuites>
