<?xml version="1.0" encoding="UTF-8"?>
<testsuites>
  <testsuite name="Application Test Suite" tests="1" assertions="0" failures="0" errors="1" time="0.000000">
    <testsuite name="Tests\Feature\sProServiceBookCategory\sProOrderDetailsTest" file="/var/www/tests/Feature/sProServiceBookCategory/sProOrderDetailsTest.php" tests="1" assertions="0" failures="0" errors="1" time="0.000000">
      <testcase name="testSProOrderDetailsAPIWithoutServiceDetails" class="Tests\Feature\sProServiceBookCategory\sProOrderDetailsTest" file="/var/www/tests/Feature/sProServiceBookCategory/sProOrderDetailsTest.php" line="64" assertions="0" time="0.000000">
        <error type="PHPUnit_Framework_Exception">Tests\Feature\sProServiceBookCategory\sProOrderDetailsTest::testSProOrderDetailsAPIWithoutServiceDetails
PHPUnit_Framework_Exception: array:3 [
  "code" =&gt; 200
  "message" =&gt; "Successful"
  "data" =&gt; array:2 [
    "instruction_keys" =&gt; array:2 [
      0 =&gt; "work_start"
      1 =&gt; "work_end"
    ]
    "instructions" =&gt; array:2 [
      "work_start" =&gt; array:3 [
        "header" =&gt; "কাজের শুরুতে"
        "title" =&gt; "কাজের শুরুতে কি কি করণীয়"
        "list" =&gt; array:5 [
          0 =&gt; "সেবার টি-শার্ট পরে কাজে যেতে হবে"
          1 =&gt; "পরিষ্কার পরিচ্ছন্ন হয়ে যেতে হবে"
          2 =&gt; "মাস্ক এন্ড হ্যান্ড গ্লোভস পরিধান করতে হবে"
          3 =&gt; "সার্ভিসের জন্য প্রয়োজনীয় সরঞ্জাম সাথে নিতে হবে"
          4 =&gt; "কাস্টমারের সাথে সময় এবং স্থান প্রয়োজন হলে কনফার্ম করে নিতে হবে"
        ]
      ]
      "work_end" =&gt; array:3 [
        "header" =&gt; "কাজের শেষে"
        "title" =&gt; "কাজের শেষে কি কি করণীয়"
        "list" =&gt; array:4 [
          0 =&gt; "ওয়ারেন্টিযুক্ত সার্ভিসের ক্ষেত্রে কাস্টমারকে সার্ভিস ওয়ারেন্টি সম্পর্কে জানতে হবে"
          1 =&gt; "সার্ভিস রিভিউ এন্ড রেটিং এর জন্য অনুরোধ করতে পারেন, কিন্তু ৫ স্টার দেয়ার জন্যে জোর দেয়া যাবে না"
          2 =&gt; "কাস্টমারের যদি অন্য কোন সেবার সার্ভিস প্রয়োজন হয়, তাহলে  অর্ডার তৈরি অথবা সার্ভিস রিকোয়েস্ট করে দিতে পারেন"
          3 =&gt; "বের হওয়ার আগে কাস্টমারকে সালাম দিতে হবে"
        ]
      ]
    ]
  ]
]

</error>
      </testcase>
    </testsuite>
  </testsuite>
</testsuites>
