<?xml version="1.0" encoding="UTF-8"?>
<testsuites>
  <testsuite name="Application Test Suite" tests="31" assertions="62" failures="0" errors="0" time="162.096535">
    <testsuite name="Tests\Feature\UserProfileUpdate\UserProfileUpdateV1Test" file="/var/www/tests/Feature/UserProfileUpdate/UserProfileUpdateV1Test.php" tests="12" assertions="24" failures="0" errors="0" time="63.263855">
      <testcase name="testUserProfileUpdateAPIV1ByUpdatingNameGenderBirthdayAddress" class="Tests\Feature\UserProfileUpdate\UserProfileUpdateV1Test" file="/var/www/tests/Feature/UserProfileUpdate/UserProfileUpdateV1Test.php" line="22" assertions="2" time="4.022923"/>
      <testcase name="testUserProfileUpdateAPIV1ByUpdatingNameOnly" class="Tests\Feature\UserProfileUpdate\UserProfileUpdateV1Test" file="/var/www/tests/Feature/UserProfileUpdate/UserProfileUpdateV1Test.php" line="49" assertions="2" time="3.786074"/>
      <testcase name="testUserProfileUpdateAPIV1ByUpdatingGenderOnly" class="Tests\Feature\UserProfileUpdate\UserProfileUpdateV1Test" file="/var/www/tests/Feature/UserProfileUpdate/UserProfileUpdateV1Test.php" line="67" assertions="2" time="3.819613"/>
      <testcase name="testUserProfileUpdateAPIV1ByUpdatingBirthdayOnly" class="Tests\Feature\UserProfileUpdate\UserProfileUpdateV1Test" file="/var/www/tests/Feature/UserProfileUpdate/UserProfileUpdateV1Test.php" line="85" assertions="2" time="4.567371"/>
      <testcase name="testUserProfileUpdateAPIV1ByUpdatingAddressOnly" class="Tests\Feature\UserProfileUpdate\UserProfileUpdateV1Test" file="/var/www/tests/Feature/UserProfileUpdate/UserProfileUpdateV1Test.php" line="103" assertions="2" time="3.959677"/>
      <testcase name="testUserProfileUpdateAPIV1ByGivingNullValueOfName" class="Tests\Feature\UserProfileUpdate\UserProfileUpdateV1Test" file="/var/www/tests/Feature/UserProfileUpdate/UserProfileUpdateV1Test.php" line="121" assertions="2" time="5.786858"/>
      <testcase name="testUserProfileUpdateAPIV1ByGivingNullValueOfGender" class="Tests\Feature\UserProfileUpdate\UserProfileUpdateV1Test" file="/var/www/tests/Feature/UserProfileUpdate/UserProfileUpdateV1Test.php" line="139" assertions="2" time="6.601973"/>
      <testcase name="testUserProfileUpdateAPIV1ByGivingNullValueOfBirthday" class="Tests\Feature\UserProfileUpdate\UserProfileUpdateV1Test" file="/var/www/tests/Feature/UserProfileUpdate/UserProfileUpdateV1Test.php" line="157" assertions="2" time="5.861573"/>
      <testcase name="testUserProfileUpdateAPIV1ByGivingNullValueOfAddress" class="Tests\Feature\UserProfileUpdate\UserProfileUpdateV1Test" file="/var/www/tests/Feature/UserProfileUpdate/UserProfileUpdateV1Test.php" line="175" assertions="2" time="5.824784"/>
      <testcase name="testUserProfileUpdateAPIV1ByGivingInvalidBirthday" class="Tests\Feature\UserProfileUpdate\UserProfileUpdateV1Test" file="/var/www/tests/Feature/UserProfileUpdate/UserProfileUpdateV1Test.php" line="193" assertions="2" time="7.840534"/>
      <testcase name="testUserProfileUpdateAPIV1ByGivingCharacterInputInBirthday" class="Tests\Feature\UserProfileUpdate\UserProfileUpdateV1Test" file="/var/www/tests/Feature/UserProfileUpdate/UserProfileUpdateV1Test.php" line="213" assertions="2" time="5.323755"/>
      <testcase name="testUserProfileUpdateAPIV1ByGivingInvalidGender" class="Tests\Feature\UserProfileUpdate\UserProfileUpdateV1Test" file="/var/www/tests/Feature/UserProfileUpdate/UserProfileUpdateV1Test.php" line="233" assertions="2" time="5.868720"/>
    </testsuite>
    <testsuite name="Tests\Feature\UserProfileUpdate\UserProfileUpdateV3Test" file="/var/www/tests/Feature/UserProfileUpdate/UserProfileUpdateV3Test.php" tests="19" assertions="38" failures="0" errors="0" time="98.832680">
      <testcase name="testUserProfileUpdateAPIV3ByUpdatingName" class="Tests\Feature\UserProfileUpdate\UserProfileUpdateV3Test" file="/var/www/tests/Feature/UserProfileUpdate/UserProfileUpdateV3Test.php" line="92" assertions="2" time="5.879365"/>
      <testcase name="testUserProfileUpdateAPIV3ByUpdatingEmail" class="Tests\Feature\UserProfileUpdate\UserProfileUpdateV3Test" file="/var/www/tests/Feature/UserProfileUpdate/UserProfileUpdateV3Test.php" line="113" assertions="2" time="4.986118"/>
      <testcase name="testUserProfileUpdateAPIV3ByUpdatingDateOfBirth" class="Tests\Feature\UserProfileUpdate\UserProfileUpdateV3Test" file="/var/www/tests/Feature/UserProfileUpdate/UserProfileUpdateV3Test.php" line="134" assertions="2" time="4.617863"/>
      <testcase name="testUserProfileUpdateAPIV3ByUpdatingGender" class="Tests\Feature\UserProfileUpdate\UserProfileUpdateV3Test" file="/var/www/tests/Feature/UserProfileUpdate/UserProfileUpdateV3Test.php" line="155" assertions="2" time="5.147583"/>
      <testcase name="testUserProfileUpdateAPIV3ByUpdatingAddress" class="Tests\Feature\UserProfileUpdate\UserProfileUpdateV3Test" file="/var/www/tests/Feature/UserProfileUpdate/UserProfileUpdateV3Test.php" line="176" assertions="2" time="4.979313"/>
      <testcase name="testUserProfileUpdateAPIV3ByUpdatingDateOfBirthGender" class="Tests\Feature\UserProfileUpdate\UserProfileUpdateV3Test" file="/var/www/tests/Feature/UserProfileUpdate/UserProfileUpdateV3Test.php" line="197" assertions="2" time="4.942473"/>
      <testcase name="testUserProfileUpdateAPIV3ByUpdatingDateOfBirthName" class="Tests\Feature\UserProfileUpdate\UserProfileUpdateV3Test" file="/var/www/tests/Feature/UserProfileUpdate/UserProfileUpdateV3Test.php" line="219" assertions="2" time="4.501477"/>
      <testcase name="testUserProfileUpdateAPIV3ByUpdatingDateOfBirthGenderName" class="Tests\Feature\UserProfileUpdate\UserProfileUpdateV3Test" file="/var/www/tests/Feature/UserProfileUpdate/UserProfileUpdateV3Test.php" line="241" assertions="2" time="3.908025"/>
      <testcase name="testUserProfileUpdateAPIV3ByUpdatingDateOfBirthEmailGenderName" class="Tests\Feature\UserProfileUpdate\UserProfileUpdateV3Test" file="/var/www/tests/Feature/UserProfileUpdate/UserProfileUpdateV3Test.php" line="264" assertions="2" time="4.539788"/>
      <testcase name="testUserProfileUpdateAPIV3ByUpdatingDateOfBirthEmailGenderNameAddress" class="Tests\Feature\UserProfileUpdate\UserProfileUpdateV3Test" file="/var/www/tests/Feature/UserProfileUpdate/UserProfileUpdateV3Test.php" line="288" assertions="2" time="5.129327"/>
      <testcase name="testUserProfileUpdateAPIV3ByNotGivingIsOldUser" class="Tests\Feature\UserProfileUpdate\UserProfileUpdateV3Test" file="/var/www/tests/Feature/UserProfileUpdate/UserProfileUpdateV3Test.php" line="313" assertions="2" time="5.919033"/>
      <testcase name="testUserProfileUpdateAPIV3ByGivingInvalidGender" class="Tests\Feature\UserProfileUpdate\UserProfileUpdateV3Test" file="/var/www/tests/Feature/UserProfileUpdate/UserProfileUpdateV3Test.php" line="336" assertions="2" time="5.328923"/>
      <testcase name="testUserProfileUpdateAPIV3ByGivingInvalidRememberToken" class="Tests\Feature\UserProfileUpdate\UserProfileUpdateV3Test" file="/var/www/tests/Feature/UserProfileUpdate/UserProfileUpdateV3Test.php" line="360" assertions="2" time="4.136702"/>
      <testcase name="testUserProfileUpdateAPIV3ByNotGivingRememberToken" class="Tests\Feature\UserProfileUpdate\UserProfileUpdateV3Test" file="/var/www/tests/Feature/UserProfileUpdate/UserProfileUpdateV3Test.php" line="384" assertions="2" time="4.323882"/>
      <testcase name="testUserProfileUpdateAPIV3ByGivingInvalidCustomerId" class="Tests\Feature\UserProfileUpdate\UserProfileUpdateV3Test" file="/var/www/tests/Feature/UserProfileUpdate/UserProfileUpdateV3Test.php" line="408" assertions="2" time="5.009796"/>
      <testcase name="testUserProfileUpdateAPIV3ByGivingInvalidDateOfBirth" class="Tests\Feature\UserProfileUpdate\UserProfileUpdateV3Test" file="/var/www/tests/Feature/UserProfileUpdate/UserProfileUpdateV3Test.php" line="432" assertions="2" time="5.704031"/>
      <testcase name="testUserProfileUpdateAPIV3ByGivingCharacterInputInDateOfBirth" class="Tests\Feature\UserProfileUpdate\UserProfileUpdateV3Test" file="/var/www/tests/Feature/UserProfileUpdate/UserProfileUpdateV3Test.php" line="458" assertions="2" time="6.055939"/>
      <testcase name="testUserProfileUpdateAPIV3ByGivingInvalidEmail" class="Tests\Feature\UserProfileUpdate\UserProfileUpdateV3Test" file="/var/www/tests/Feature/UserProfileUpdate/UserProfileUpdateV3Test.php" line="484" assertions="2" time="6.264845"/>
      <testcase name="testUserProfileUpdateAPIV3ByGivingInvalidDateOfBirthGenderEmail" class="Tests\Feature\UserProfileUpdate\UserProfileUpdateV3Test" file="/var/www/tests/Feature/UserProfileUpdate/UserProfileUpdateV3Test.php" line="508" assertions="2" time="7.458197"/>
    </testsuite>
  </testsuite>
</testsuites>
