<?xml version="1.0" encoding="UTF-8"?>
<testsuites>
  <testsuite name="Application Test Suite" tests="21" assertions="0" failures="0" errors="21" time="16.160993">
    <testsuite name="Tests\Feature\OrderManagement\NewOrderListTest" file="/var/www/tests/Feature/OrderManagement/NewOrderListTest.php" tests="21" assertions="0" failures="0" errors="21" time="16.160993">
      <testcase name="testOrderRequestsWithoutFilterResponseCode" class="Tests\Feature\OrderManagement\NewOrderListTest" file="/var/www/tests/Feature/OrderManagement/NewOrderListTest.php" line="33" assertions="0" time="1.832403">
        <error type="Error">Tests\Feature\OrderManagement\NewOrderListTest::testOrderRequestsWithoutFilterResponseCode
Error: Call to undefined method Tests\Feature\OrderManagement\NewOrderListTest::mxOrderCreate()

/var/www/tests/Feature/OrderManagement/NewOrderListTest.php:27
</error>
      </testcase>
      <testcase name="testOrderRequestsWithInvalidFilterResponseCode" class="Tests\Feature\OrderManagement\NewOrderListTest" file="/var/www/tests/Feature/OrderManagement/NewOrderListTest.php" line="40" assertions="0" time="0.693121">
        <error type="Error">Tests\Feature\OrderManagement\NewOrderListTest::testOrderRequestsWithInvalidFilterResponseCode
Error: Call to undefined method Tests\Feature\OrderManagement\NewOrderListTest::mxOrderCreate()

/var/www/tests/Feature/OrderManagement/NewOrderListTest.php:27
</error>
      </testcase>
      <testcase name="testOrderRequestsWithInvalidRememberTokenResponseCode" class="Tests\Feature\OrderManagement\NewOrderListTest" file="/var/www/tests/Feature/OrderManagement/NewOrderListTest.php" line="47" assertions="0" time="0.678977">
        <error type="Error">Tests\Feature\OrderManagement\NewOrderListTest::testOrderRequestsWithInvalidRememberTokenResponseCode
Error: Call to undefined method Tests\Feature\OrderManagement\NewOrderListTest::mxOrderCreate()

/var/www/tests/Feature/OrderManagement/NewOrderListTest.php:27
</error>
      </testcase>
      <testcase name="testEmptyOrderListResponseCode" class="Tests\Feature\OrderManagement\NewOrderListTest" file="/var/www/tests/Feature/OrderManagement/NewOrderListTest.php" line="54" assertions="0" time="0.650478">
        <error type="Error">Tests\Feature\OrderManagement\NewOrderListTest::testEmptyOrderListResponseCode
Error: Call to undefined method Tests\Feature\OrderManagement\NewOrderListTest::mxOrderCreate()

/var/www/tests/Feature/OrderManagement/NewOrderListTest.php:27
</error>
      </testcase>
      <testcase name="testCustomerNameAvailableOnResponse" class="Tests\Feature\OrderManagement\NewOrderListTest" file="/var/www/tests/Feature/OrderManagement/NewOrderListTest.php" line="73" assertions="0" time="0.662180">
        <error type="Error">Tests\Feature\OrderManagement\NewOrderListTest::testCustomerNameAvailableOnResponse
Error: Call to undefined method Tests\Feature\OrderManagement\NewOrderListTest::mxOrderCreate()

/var/www/tests/Feature/OrderManagement/NewOrderListTest.php:27
</error>
      </testcase>
      <testcase name="testCreatedAtReadableTimeKeyPresentOnResponse" class="Tests\Feature\OrderManagement\NewOrderListTest" file="/var/www/tests/Feature/OrderManagement/NewOrderListTest.php" line="95" assertions="0" time="0.652388">
        <error type="Error">Tests\Feature\OrderManagement\NewOrderListTest::testCreatedAtReadableTimeKeyPresentOnResponse
Error: Call to undefined method Tests\Feature\OrderManagement\NewOrderListTest::mxOrderCreate()

/var/www/tests/Feature/OrderManagement/NewOrderListTest.php:27
</error>
      </testcase>
      <testcase name="testCategoryNameKeyPresentOnResponse" class="Tests\Feature\OrderManagement\NewOrderListTest" file="/var/www/tests/Feature/OrderManagement/NewOrderListTest.php" line="103" assertions="0" time="0.749838">
        <error type="Error">Tests\Feature\OrderManagement\NewOrderListTest::testCategoryNameKeyPresentOnResponse
Error: Call to undefined method Tests\Feature\OrderManagement\NewOrderListTest::mxOrderCreate()

/var/www/tests/Feature/OrderManagement/NewOrderListTest.php:27
</error>
      </testcase>
      <testcase name="testAddressKeyPresentOnResponse" class="Tests\Feature\OrderManagement\NewOrderListTest" file="/var/www/tests/Feature/OrderManagement/NewOrderListTest.php" line="111" assertions="0" time="0.706428">
        <error type="Error">Tests\Feature\OrderManagement\NewOrderListTest::testAddressKeyPresentOnResponse
Error: Call to undefined method Tests\Feature\OrderManagement\NewOrderListTest::mxOrderCreate()

/var/www/tests/Feature/OrderManagement/NewOrderListTest.php:27
</error>
      </testcase>
      <testcase name="testScheduleAtKeyPresentOnResponse" class="Tests\Feature\OrderManagement\NewOrderListTest" file="/var/www/tests/Feature/OrderManagement/NewOrderListTest.php" line="119" assertions="0" time="0.783158">
        <error type="Error">Tests\Feature\OrderManagement\NewOrderListTest::testScheduleAtKeyPresentOnResponse
Error: Call to undefined method Tests\Feature\OrderManagement\NewOrderListTest::mxOrderCreate()

/var/www/tests/Feature/OrderManagement/NewOrderListTest.php:27
</error>
      </testcase>
      <testcase name="testTotalPriceKeyPresentOnResponse" class="Tests\Feature\OrderManagement\NewOrderListTest" file="/var/www/tests/Feature/OrderManagement/NewOrderListTest.php" line="127" assertions="0" time="1.166772">
        <error type="Error">Tests\Feature\OrderManagement\NewOrderListTest::testTotalPriceKeyPresentOnResponse
Error: Call to undefined method Tests\Feature\OrderManagement\NewOrderListTest::mxOrderCreate()

/var/www/tests/Feature/OrderManagement/NewOrderListTest.php:27
</error>
      </testcase>
      <testcase name="testOrderCodeKeyPresentOnResponse" class="Tests\Feature\OrderManagement\NewOrderListTest" file="/var/www/tests/Feature/OrderManagement/NewOrderListTest.php" line="135" assertions="0" time="0.882909">
        <error type="Error">Tests\Feature\OrderManagement\NewOrderListTest::testOrderCodeKeyPresentOnResponse
Error: Call to undefined method Tests\Feature\OrderManagement\NewOrderListTest::mxOrderCreate()

/var/www/tests/Feature/OrderManagement/NewOrderListTest.php:27
</error>
      </testcase>
      <testcase name="testScheduleTimeStartKeyPresentOnResponse" class="Tests\Feature\OrderManagement\NewOrderListTest" file="/var/www/tests/Feature/OrderManagement/NewOrderListTest.php" line="143" assertions="0" time="0.634937">
        <error type="Error">Tests\Feature\OrderManagement\NewOrderListTest::testScheduleTimeStartKeyPresentOnResponse
Error: Call to undefined method Tests\Feature\OrderManagement\NewOrderListTest::mxOrderCreate()

/var/www/tests/Feature/OrderManagement/NewOrderListTest.php:27
</error>
      </testcase>
      <testcase name="testScheduleTimeEndKeyPresentOnResponse" class="Tests\Feature\OrderManagement\NewOrderListTest" file="/var/www/tests/Feature/OrderManagement/NewOrderListTest.php" line="151" assertions="0" time="0.731974">
        <error type="Error">Tests\Feature\OrderManagement\NewOrderListTest::testScheduleTimeEndKeyPresentOnResponse
Error: Call to undefined method Tests\Feature\OrderManagement\NewOrderListTest::mxOrderCreate()

/var/www/tests/Feature/OrderManagement/NewOrderListTest.php:27
</error>
      </testcase>
      <testcase name="testCreatedAtReadableTimeValuePresentOnResponse" class="Tests\Feature\OrderManagement\NewOrderListTest" file="/var/www/tests/Feature/OrderManagement/NewOrderListTest.php" line="159" assertions="0" time="0.710832">
        <error type="Error">Tests\Feature\OrderManagement\NewOrderListTest::testCreatedAtReadableTimeValuePresentOnResponse
Error: Call to undefined method Tests\Feature\OrderManagement\NewOrderListTest::mxOrderCreate()

/var/www/tests/Feature/OrderManagement/NewOrderListTest.php:27
</error>
      </testcase>
      <testcase name="testCategoryNameValuePresentOnResponse" class="Tests\Feature\OrderManagement\NewOrderListTest" file="/var/www/tests/Feature/OrderManagement/NewOrderListTest.php" line="167" assertions="0" time="0.673748">
        <error type="Error">Tests\Feature\OrderManagement\NewOrderListTest::testCategoryNameValuePresentOnResponse
Error: Call to undefined method Tests\Feature\OrderManagement\NewOrderListTest::mxOrderCreate()

/var/www/tests/Feature/OrderManagement/NewOrderListTest.php:27
</error>
      </testcase>
      <testcase name="testAddressValuePresentOnResponse" class="Tests\Feature\OrderManagement\NewOrderListTest" file="/var/www/tests/Feature/OrderManagement/NewOrderListTest.php" line="176" assertions="0" time="0.675901">
        <error type="Error">Tests\Feature\OrderManagement\NewOrderListTest::testAddressValuePresentOnResponse
Error: Call to undefined method Tests\Feature\OrderManagement\NewOrderListTest::mxOrderCreate()

/var/www/tests/Feature/OrderManagement/NewOrderListTest.php:27
</error>
      </testcase>
      <testcase name="testScheduleAtValuePresentOnResponse" class="Tests\Feature\OrderManagement\NewOrderListTest" file="/var/www/tests/Feature/OrderManagement/NewOrderListTest.php" line="185" assertions="0" time="0.621536">
        <error type="Error">Tests\Feature\OrderManagement\NewOrderListTest::testScheduleAtValuePresentOnResponse
Error: Call to undefined method Tests\Feature\OrderManagement\NewOrderListTest::mxOrderCreate()

/var/www/tests/Feature/OrderManagement/NewOrderListTest.php:27
</error>
      </testcase>
      <testcase name="testTotalPriceValuePresentOnResponse" class="Tests\Feature\OrderManagement\NewOrderListTest" file="/var/www/tests/Feature/OrderManagement/NewOrderListTest.php" line="196" assertions="0" time="0.664933">
        <error type="Error">Tests\Feature\OrderManagement\NewOrderListTest::testTotalPriceValuePresentOnResponse
Error: Call to undefined method Tests\Feature\OrderManagement\NewOrderListTest::mxOrderCreate()

/var/www/tests/Feature/OrderManagement/NewOrderListTest.php:27
</error>
      </testcase>
      <testcase name="testOrderCodeValuePresentOnResponse" class="Tests\Feature\OrderManagement\NewOrderListTest" file="/var/www/tests/Feature/OrderManagement/NewOrderListTest.php" line="205" assertions="0" time="0.661361">
        <error type="Error">Tests\Feature\OrderManagement\NewOrderListTest::testOrderCodeValuePresentOnResponse
Error: Call to undefined method Tests\Feature\OrderManagement\NewOrderListTest::mxOrderCreate()

/var/www/tests/Feature/OrderManagement/NewOrderListTest.php:27
</error>
      </testcase>
      <testcase name="testScheduleTimeStartValuePresentOnResponse" class="Tests\Feature\OrderManagement\NewOrderListTest" file="/var/www/tests/Feature/OrderManagement/NewOrderListTest.php" line="213" assertions="0" time="0.691494">
        <error type="Error">Tests\Feature\OrderManagement\NewOrderListTest::testScheduleTimeStartValuePresentOnResponse
Error: Call to undefined method Tests\Feature\OrderManagement\NewOrderListTest::mxOrderCreate()

/var/www/tests/Feature/OrderManagement/NewOrderListTest.php:27
</error>
      </testcase>
      <testcase name="testScheduleTimeEndValuePresentOnResponse" class="Tests\Feature\OrderManagement\NewOrderListTest" file="/var/www/tests/Feature/OrderManagement/NewOrderListTest.php" line="221" assertions="0" time="0.635624">
        <error type="Error">Tests\Feature\OrderManagement\NewOrderListTest::testScheduleTimeEndValuePresentOnResponse
Error: Call to undefined method Tests\Feature\OrderManagement\NewOrderListTest::mxOrderCreate()

/var/www/tests/Feature/OrderManagement/NewOrderListTest.php:27
</error>
      </testcase>
    </testsuite>
  </testsuite>
</testsuites>
