<?xml version="1.0" encoding="UTF-8"?>
<testsuites>
  <testsuite name="Application Test Suite" tests="18" assertions="36" failures="0" errors="0" time="95.116527">
    <testsuite name="Tests\Feature\UserProfileUpdate\UserProfileCreateTest" file="/var/www/tests/Feature/UserProfileUpdate/UserProfileCreateTest.php" tests="18" assertions="36" failures="0" errors="0" time="95.116527">
      <testcase name="testUserProfileCreateAPIByUpdatingName" class="Tests\Feature\UserProfileUpdate\UserProfileCreateTest" file="/var/www/tests/Feature/UserProfileUpdate/UserProfileCreateTest.php" line="22" assertions="2" time="3.737970"/>
      <testcase name="testUserProfileCreateAPIByUpdatingEmail" class="Tests\Feature\UserProfileUpdate\UserProfileCreateTest" file="/var/www/tests/Feature/UserProfileUpdate/UserProfileCreateTest.php" line="43" assertions="2" time="4.013056"/>
      <testcase name="testUserProfileCreateAPIByUpdatingDateOfBirth" class="Tests\Feature\UserProfileUpdate\UserProfileCreateTest" file="/var/www/tests/Feature/UserProfileUpdate/UserProfileCreateTest.php" line="64" assertions="2" time="4.042576"/>
      <testcase name="testUserProfileCreateAPIByUpdatingGender" class="Tests\Feature\UserProfileUpdate\UserProfileCreateTest" file="/var/www/tests/Feature/UserProfileUpdate/UserProfileCreateTest.php" line="85" assertions="2" time="4.752355"/>
      <testcase name="testUserProfileCreateAPIByUpdatingAddress" class="Tests\Feature\UserProfileUpdate\UserProfileCreateTest" file="/var/www/tests/Feature/UserProfileUpdate/UserProfileCreateTest.php" line="106" assertions="2" time="4.135059"/>
      <testcase name="testUserProfileCreateAPIByUpdatingDateOfBirthGender" class="Tests\Feature\UserProfileUpdate\UserProfileCreateTest" file="/var/www/tests/Feature/UserProfileUpdate/UserProfileCreateTest.php" line="127" assertions="2" time="4.351109"/>
      <testcase name="testUserProfileCreateAPIByUpdatingDateOfBirthName" class="Tests\Feature\UserProfileUpdate\UserProfileCreateTest" file="/var/www/tests/Feature/UserProfileUpdate/UserProfileCreateTest.php" line="149" assertions="2" time="5.489486"/>
      <testcase name="testUserProfileCreateAPIByUpdatingDateOfBirthGenderName" class="Tests\Feature\UserProfileUpdate\UserProfileCreateTest" file="/var/www/tests/Feature/UserProfileUpdate/UserProfileCreateTest.php" line="171" assertions="2" time="5.302657"/>
      <testcase name="testUserProfileCreateAPIByUpdatingDateOfBirthEmailGenderName" class="Tests\Feature\UserProfileUpdate\UserProfileCreateTest" file="/var/www/tests/Feature/UserProfileUpdate/UserProfileCreateTest.php" line="194" assertions="2" time="5.019308"/>
      <testcase name="testUserProfileCreateAPIByUpdatingDateOfBirthEmailGenderNameAddress" class="Tests\Feature\UserProfileUpdate\UserProfileCreateTest" file="/var/www/tests/Feature/UserProfileUpdate/UserProfileCreateTest.php" line="218" assertions="2" time="5.901892"/>
      <testcase name="testUserProfileCreateAPIByGivingInvalidGender" class="Tests\Feature\UserProfileUpdate\UserProfileCreateTest" file="/var/www/tests/Feature/UserProfileUpdate/UserProfileCreateTest.php" line="243" assertions="2" time="6.378714"/>
      <testcase name="testUserProfileCreateAPIByGivingInvalidRememberToken" class="Tests\Feature\UserProfileUpdate\UserProfileCreateTest" file="/var/www/tests/Feature/UserProfileUpdate/UserProfileCreateTest.php" line="267" assertions="2" time="4.495298"/>
      <testcase name="testUserProfileCreateAPIByNotGivingRememberToken" class="Tests\Feature\UserProfileUpdate\UserProfileCreateTest" file="/var/www/tests/Feature/UserProfileUpdate/UserProfileCreateTest.php" line="291" assertions="2" time="5.775016"/>
      <testcase name="testUserProfileCreateAPIByGivingInvalidCustomerId" class="Tests\Feature\UserProfileUpdate\UserProfileCreateTest" file="/var/www/tests/Feature/UserProfileUpdate/UserProfileCreateTest.php" line="315" assertions="2" time="4.493351"/>
      <testcase name="testUserProfileCreateAPIByGivingInvalidDateOfBirth" class="Tests\Feature\UserProfileUpdate\UserProfileCreateTest" file="/var/www/tests/Feature/UserProfileUpdate/UserProfileCreateTest.php" line="339" assertions="2" time="6.464545"/>
      <testcase name="testUserProfileCreateAPIByGivingCharacterInputInDateOfBirth" class="Tests\Feature\UserProfileUpdate\UserProfileCreateTest" file="/var/www/tests/Feature/UserProfileUpdate/UserProfileCreateTest.php" line="365" assertions="2" time="6.830969"/>
      <testcase name="testUserProfileCreateAPIByGivingInvalidEmail" class="Tests\Feature\UserProfileUpdate\UserProfileCreateTest" file="/var/www/tests/Feature/UserProfileUpdate/UserProfileCreateTest.php" line="391" assertions="2" time="5.975283"/>
      <testcase name="testUserProfileCreateAPIByGivingInvalidDateOfBirthGenderEmail" class="Tests\Feature\UserProfileUpdate\UserProfileCreateTest" file="/var/www/tests/Feature/UserProfileUpdate/UserProfileCreateTest.php" line="415" assertions="2" time="7.957883"/>
    </testsuite>
  </testsuite>
</testsuites>
