<?xml version="1.0" encoding="UTF-8"?>
<testsuites>
  <testsuite name="Application Test Suite" tests="9" assertions="47" failures="0" errors="0" time="81.708860">
    <testsuite name="Tests\Feature\UserProfileUpdate\SProInfoCallDetailsTest" file="/var/www/tests/Feature/UserProfileUpdate/SProInfoCallDetailsTest.php" tests="9" assertions="47" failures="0" errors="0" time="81.708860">
      <testcase name="testInfoCallDetailsAPIForInvalidInfoCallId" class="Tests\Feature\UserProfileUpdate\SProInfoCallDetailsTest" file="/var/www/tests/Feature/UserProfileUpdate/SProInfoCallDetailsTest.php" line="45" assertions="2" time="5.182316"/>
      <testcase name="testInfoCallDetailsAPIForPassingChacracterAsInfoCallId" class="Tests\Feature\UserProfileUpdate\SProInfoCallDetailsTest" file="/var/www/tests/Feature/UserProfileUpdate/SProInfoCallDetailsTest.php" line="67" assertions="2" time="5.645457"/>
      <testcase name="testInfoCallDetailsAPIForPassingInvalidURL" class="Tests\Feature\UserProfileUpdate\SProInfoCallDetailsTest" file="/var/www/tests/Feature/UserProfileUpdate/SProInfoCallDetailsTest.php" line="89" assertions="1" time="4.792907"/>
      <testcase name="testInfoCallDetailsAPIForInvalidAuthorizedToken" class="Tests\Feature\UserProfileUpdate\SProInfoCallDetailsTest" file="/var/www/tests/Feature/UserProfileUpdate/SProInfoCallDetailsTest.php" line="119" assertions="2" time="4.995956"/>
      <testcase name="testInfoCallDetailsAPIForOpenInfoCall" class="Tests\Feature\UserProfileUpdate\SProInfoCallDetailsTest" file="/var/www/tests/Feature/UserProfileUpdate/SProInfoCallDetailsTest.php" line="141" assertions="5" time="5.044003"/>
      <testcase name="testInfoCallDetailsAPIForRejectedInfoCall" class="Tests\Feature\UserProfileUpdate\SProInfoCallDetailsTest" file="/var/www/tests/Feature/UserProfileUpdate/SProInfoCallDetailsTest.php" line="175" assertions="7" time="5.900721"/>
      <testcase name="testInfoCallDetailsAPIForConvertedInfoCallRunning" class="Tests\Feature\UserProfileUpdate\SProInfoCallDetailsTest" file="/var/www/tests/Feature/UserProfileUpdate/SProInfoCallDetailsTest.php" line="216" assertions="9" time="20.542149"/>
      <testcase name="testInfoCallDetailsAPIForConvertedInfoCallCompleted" class="Tests\Feature\UserProfileUpdate\SProInfoCallDetailsTest" file="/var/www/tests/Feature/UserProfileUpdate/SProInfoCallDetailsTest.php" line="323" assertions="10" time="13.350754"/>
      <testcase name="testInfoCallDetailsAPIForConvertedInfoCallCanceled" class="Tests\Feature\UserProfileUpdate\SProInfoCallDetailsTest" file="/var/www/tests/Feature/UserProfileUpdate/SProInfoCallDetailsTest.php" line="433" assertions="9" time="16.254597"/>
    </testsuite>
  </testsuite>
</testsuites>
