<?xml version="1.0" encoding="UTF-8"?>
<testsuites>
  <testsuite name="Application Test Suite" tests="31" assertions="66" failures="0" errors="0" time="206.310829">
    <testsuite name="Tests\Feature\TopUp\SbusinessSingleTopupTest" file="/var/www/tests/Feature/TopUp/SbusinessSingleTopupTest.php" tests="31" assertions="66" failures="0" errors="0" time="206.310829">
      <testcase name="testSuccessfulBusinessTopupResponse" class="Tests\Feature\TopUp\SbusinessSingleTopupTest" file="/var/www/tests/Feature/TopUp/SbusinessSingleTopupTest.php" line="93" assertions="2" time="13.262464"/>
      <testcase name="testBusinessTopupResponseForInvalidMobileNumber" class="Tests\Feature\TopUp\SbusinessSingleTopupTest" file="/var/www/tests/Feature/TopUp/SbusinessSingleTopupTest.php" line="112" assertions="2" time="3.174851"/>
      <testcase name="testBusinessTopupResponseForForeignMobileNumber" class="Tests\Feature\TopUp\SbusinessSingleTopupTest" file="/var/www/tests/Feature/TopUp/SbusinessSingleTopupTest.php" line="129" assertions="2" time="3.062311"/>
      <testcase name="testBusinessTopupResponseForNullMobileNumber" class="Tests\Feature\TopUp\SbusinessSingleTopupTest" file="/var/www/tests/Feature/TopUp/SbusinessSingleTopupTest.php" line="148" assertions="2" time="3.111236"/>
      <testcase name="testBusinessTopupResponseWithoutlMobileNumber" class="Tests\Feature\TopUp\SbusinessSingleTopupTest" file="/var/www/tests/Feature/TopUp/SbusinessSingleTopupTest.php" line="167" assertions="2" time="2.631314"/>
      <testcase name="testBusinessTopupResponseForInvalidVendorID" class="Tests\Feature\TopUp\SbusinessSingleTopupTest" file="/var/www/tests/Feature/TopUp/SbusinessSingleTopupTest.php" line="184" assertions="2" time="3.200954"/>
      <testcase name="testBusinessTopupResponseForNullVendorID" class="Tests\Feature\TopUp\SbusinessSingleTopupTest" file="/var/www/tests/Feature/TopUp/SbusinessSingleTopupTest.php" line="201" assertions="2" time="3.133699"/>
      <testcase name="testBusinessTopupResponseWithoutVendorID" class="Tests\Feature\TopUp\SbusinessSingleTopupTest" file="/var/www/tests/Feature/TopUp/SbusinessSingleTopupTest.php" line="219" assertions="2" time="3.516518"/>
      <testcase name="testBusinessTopupResponseWithNullConnection" class="Tests\Feature\TopUp\SbusinessSingleTopupTest" file="/var/www/tests/Feature/TopUp/SbusinessSingleTopupTest.php" line="236" assertions="2" time="3.562873"/>
      <testcase name="testBusinessTopupResponseWithoutConnectionType" class="Tests\Feature\TopUp\SbusinessSingleTopupTest" file="/var/www/tests/Feature/TopUp/SbusinessSingleTopupTest.php" line="252" assertions="2" time="3.205670"/>
      <testcase name="testBusinessTopupResponseWithNullAmount" class="Tests\Feature\TopUp\SbusinessSingleTopupTest" file="/var/www/tests/Feature/TopUp/SbusinessSingleTopupTest.php" line="268" assertions="2" time="3.160712"/>
      <testcase name="testBusinessTopupResponseWithoutAmount" class="Tests\Feature\TopUp\SbusinessSingleTopupTest" file="/var/www/tests/Feature/TopUp/SbusinessSingleTopupTest.php" line="284" assertions="2" time="3.224814"/>
      <testcase name="testBusinessTopupResponseWithNullPassword" class="Tests\Feature\TopUp\SbusinessSingleTopupTest" file="/var/www/tests/Feature/TopUp/SbusinessSingleTopupTest.php" line="300" assertions="2" time="3.352925"/>
      <testcase name="testBusinessTopupResponseWithoutPassword" class="Tests\Feature\TopUp\SbusinessSingleTopupTest" file="/var/www/tests/Feature/TopUp/SbusinessSingleTopupTest.php" line="317" assertions="2" time="3.099755"/>
      <testcase name="testBusinessTopupResponseWithUnverifiedEmailUser" class="Tests\Feature\TopUp\SbusinessSingleTopupTest" file="/var/www/tests/Feature/TopUp/SbusinessSingleTopupTest.php" line="340" assertions="2" time="11.580531"/>
      <testcase name="testBusinessTopupResponseWithinsufficientBalance" class="Tests\Feature\TopUp\SbusinessSingleTopupTest" file="/var/www/tests/Feature/TopUp/SbusinessSingleTopupTest.php" line="361" assertions="2" time="1.176042"/>
      <testcase name="testBusinessTopupSessionoutResponse" class="Tests\Feature\TopUp\SbusinessSingleTopupTest" file="/var/www/tests/Feature/TopUp/SbusinessSingleTopupTest.php" line="382" assertions="2" time="1.020449"/>
      <testcase name="testBusinessTopupBlacklistNumberResponse" class="Tests\Feature\TopUp\SbusinessSingleTopupTest" file="/var/www/tests/Feature/TopUp/SbusinessSingleTopupTest.php" line="400" assertions="2" time="1.001291"/>
      <testcase name="testBusinessTopupMinimumAmountResponse" class="Tests\Feature\TopUp\SbusinessSingleTopupTest" file="/var/www/tests/Feature/TopUp/SbusinessSingleTopupTest.php" line="417" assertions="2" time="3.074184"/>
      <testcase name="testBusinessTopupMaximumAmountResponse" class="Tests\Feature\TopUp\SbusinessSingleTopupTest" file="/var/www/tests/Feature/TopUp/SbusinessSingleTopupTest.php" line="434" assertions="2" time="3.066711"/>
      <testcase name="testBusinessTopupPrepaidMaxLimitResponse" class="Tests\Feature\TopUp\SbusinessSingleTopupTest" file="/var/www/tests/Feature/TopUp/SbusinessSingleTopupTest.php" line="455" assertions="0" time="11.880949"/>
      <testcase name="testOneBusinessMemberTopUpRequestCreateOneTopUpOrder" class="Tests\Feature\TopUp\SbusinessSingleTopupTest" file="/var/www/tests/Feature/TopUp/SbusinessSingleTopupTest.php" line="476" assertions="1" time="11.884232"/>
      <testcase name="testBusinessTopUpOrderDataMatchesOnTopUpOrderTable" class="Tests\Feature\TopUp\SbusinessSingleTopupTest" file="/var/www/tests/Feature/TopUp/SbusinessSingleTopupTest.php" line="492" assertions="9" time="11.737387"/>
      <testcase name="testBusinessSuccessfulTopupDeductAmountFromBusinessMemberWallet" class="Tests\Feature\TopUp\SbusinessSingleTopupTest" file="/var/www/tests/Feature/TopUp/SbusinessSingleTopupTest.php" line="519" assertions="1" time="11.988648"/>
      <testcase name="testBusinessSuccessfulTopupTransactionStoreBusinessMemberLatLngInfo" class="Tests\Feature\TopUp\SbusinessSingleTopupTest" file="/var/www/tests/Feature/TopUp/SbusinessSingleTopupTest.php" line="545" assertions="3" time="11.745524"/>
      <testcase name="testBusinessSuccessfulTopupTransactionStoreBusinessMemberIP" class="Tests\Feature\TopUp\SbusinessSingleTopupTest" file="/var/www/tests/Feature/TopUp/SbusinessSingleTopupTest.php" line="572" assertions="2" time="11.675971"/>
      <testcase name="testBusinessSuccessfulTopupTransactionStoreUserAgentType" class="Tests\Feature\TopUp\SbusinessSingleTopupTest" file="/var/www/tests/Feature/TopUp/SbusinessSingleTopupTest.php" line="598" assertions="2" time="11.892227"/>
      <testcase name="testSuccessfulTopupTransactionStoreUserAgentDeviceInformation" class="Tests\Feature\TopUp\SbusinessSingleTopupTest" file="/var/www/tests/Feature/TopUp/SbusinessSingleTopupTest.php" line="624" assertions="2" time="11.908259"/>
      <testcase name="testBusinessSuccessfulTopupTransactionStoreTopupTransactionID" class="Tests\Feature\TopUp\SbusinessSingleTopupTest" file="/var/www/tests/Feature/TopUp/SbusinessSingleTopupTest.php" line="649" assertions="2" time="12.065295"/>
      <testcase name="testBusinessSuccessfulTopupPartnerCommissionCheck" class="Tests\Feature\TopUp\SbusinessSingleTopupTest" file="/var/www/tests/Feature/TopUp/SbusinessSingleTopupTest.php" line="674" assertions="2" time="11.848948"/>
      <testcase name="testBusinessSuccessfulTopupSpecificPartnerCommissionCheck" class="Tests\Feature\TopUp\SbusinessSingleTopupTest" file="/var/www/tests/Feature/TopUp/SbusinessSingleTopupTest.php" line="698" assertions="2" time="12.064085"/>
    </testsuite>
  </testsuite>
</testsuites>
