<?xml version="1.0" encoding="UTF-8"?>
<testsuites>
  <testsuite name="Application Test Suite" tests="1" assertions="0" failures="0" errors="1" time="2.041472">
    <testsuite name="Tests\Feature\sDeliverOrderPlacement\OrderPlacementAPITest" file="/var/www/tests/Feature/sDeliverOrderPlacement/OrderPlacementAPITest.php" tests="1" assertions="0" failures="0" errors="1" time="2.041472">
      <testcase name="testDummy" class="Tests\Feature\sDeliverOrderPlacement\OrderPlacementAPITest" file="/var/www/tests/Feature/sDeliverOrderPlacement/OrderPlacementAPITest.php" line="44" assertions="0" time="2.041472">
        <error type="Illuminate\Database\QueryException">Tests\Feature\sDeliverOrderPlacement\OrderPlacementAPITest::testDummy
Illuminate\Database\QueryException: SQLSTATE[23000]: Integrity constraint violation: 1452 Cannot add or update a child row: a foreign key constraint fails (`sheba_testing`.`partner_pos_categories`, CONSTRAINT `partner_pos_categories_category_id_foreign` FOREIGN KEY (`category_id`) REFERENCES `pos_categories` (`id`) ON DELETE CASCADE ON UPDATE CAS) (SQL: insert into `partner_pos_categories` (`created_by`, `created_by_name`, `updated_by`, `updated_by_name`, `created_at`, `updated_at`, `partner_id`, `category_id`) values (1, IT - Shafiqul Islam, 1, IT - Shafiqul Islam, 2021-05-20 19:05:04, 2021-05-20 19:05:04, 1, 1))

/var/www/vendor/laravel/framework/src/Illuminate/Database/Connection.php:729
/var/www/vendor/laravel/framework/src/Illuminate/Database/Connection.php:685
/var/www/app/Sheba/Database/Connection.php:50
/var/www/vendor/laravel/framework/src/Illuminate/Database/Connection.php:414
/var/www/vendor/laravel/framework/src/Illuminate/Database/Query/Processors/Processor.php:32
/var/www/vendor/laravel/framework/src/Illuminate/Database/Query/Builder.php:2107
/var/www/vendor/laravel/framework/src/Illuminate/Database/Eloquent/Builder.php:1423
/var/www/vendor/laravel/framework/src/Illuminate/Database/Eloquent/Model.php:1628
/var/www/vendor/laravel/framework/src/Illuminate/Database/Eloquent/Model.php:1597
/var/www/vendor/laravel/framework/src/Illuminate/Database/Eloquent/Model.php:1488
/var/www/vendor/laravel/framework/src/Illuminate/Database/Eloquent/FactoryBuilder.php:87
/var/www/tests/Feature/sDeliverOrderPlacement/OrderPlacementAPITest.php:40

Caused by
PDOException: SQLSTATE[23000]: Integrity constraint violation: 1452 Cannot add or update a child row: a foreign key constraint fails (`sheba_testing`.`partner_pos_categories`, CONSTRAINT `partner_pos_categories_category_id_foreign` FOREIGN KEY (`category_id`) REFERENCES `pos_categories` (`id`) ON DELETE CASCADE ON UPDATE CAS)

/var/www/app/Sheba/Database/Connection.php:49
/var/www/vendor/laravel/framework/src/Illuminate/Database/Connection.php:722
/var/www/vendor/laravel/framework/src/Illuminate/Database/Connection.php:685
/var/www/app/Sheba/Database/Connection.php:50
/var/www/vendor/laravel/framework/src/Illuminate/Database/Connection.php:414
/var/www/vendor/laravel/framework/src/Illuminate/Database/Query/Processors/Processor.php:32
/var/www/vendor/laravel/framework/src/Illuminate/Database/Query/Builder.php:2107
/var/www/vendor/laravel/framework/src/Illuminate/Database/Eloquent/Builder.php:1423
/var/www/vendor/laravel/framework/src/Illuminate/Database/Eloquent/Model.php:1628
/var/www/vendor/laravel/framework/src/Illuminate/Database/Eloquent/Model.php:1597
/var/www/vendor/laravel/framework/src/Illuminate/Database/Eloquent/Model.php:1488
/var/www/vendor/laravel/framework/src/Illuminate/Database/Eloquent/FactoryBuilder.php:87
/var/www/tests/Feature/sDeliverOrderPlacement/OrderPlacementAPITest.php:40
</error>
      </testcase>
    </testsuite>
  </testsuite>
</testsuites>
