<?xml version="1.0" encoding="UTF-8"?>
<testsuites>
  <testsuite name="Application Test Suite" tests="1" assertions="0" failures="0" errors="1" time="1.876668">
    <testsuite name="Tests\Feature\TopUp\SingleTopUpTest" file="/var/www/tests/Feature/TopUp/SingleTopUpTest.php" tests="1" assertions="0" failures="0" errors="1" time="1.876668">
      <testcase name="testInvalidMobileNumberIsRejected" class="Tests\Feature\TopUp\SingleTopUpTest" file="/var/www/tests/Feature/TopUp/SingleTopUpTest.php" line="67" assertions="0" time="1.876668">
        <error type="ErrorException">Tests\Feature\TopUp\SingleTopUpTest::testInvalidMobileNumberIsRejected
ErrorException: include(/var/www/vendor/composer/../../database/Factory/TopUpVendorFactory 2.php): failed to open stream: No such file or directory

/var/www/vendor/sentry/sentry/lib/Raven/Breadcrumbs/ErrorHandler.php:34
/var/www/database/factories/ModelFactory.php:94
/var/www/vendor/laravel/framework/src/Illuminate/Database/Eloquent/Factory.php:113
/var/www/vendor/laravel/framework/src/Illuminate/Database/Eloquent/Factory.php:47
/var/www/vendor/laravel/framework/src/Illuminate/Database/DatabaseServiceProvider.php:73
/var/www/vendor/laravel/framework/src/Illuminate/Container/Container.php:731
/var/www/vendor/laravel/framework/src/Illuminate/Container/Container.php:629
/var/www/vendor/laravel/framework/src/Illuminate/Foundation/Application.php:697
/var/www/vendor/laravel/framework/src/Illuminate/Foundation/helpers.php:105
/var/www/vendor/laravel/framework/src/Illuminate/Foundation/helpers.php:432
/var/www/tests/Feature/FeatureTestCase.php:178
/var/www/tests/Feature/FeatureTestCase.php:157
/var/www/tests/Feature/TopUp/SingleTopUpTest.php:32
</error>
      </testcase>
    </testsuite>
  </testsuite>
</testsuites>
