<?xml version="1.0" encoding="UTF-8"?>
<testsuites>
  <testsuite name="Application Test Suite" tests="1" assertions="6" failures="0" errors="0" time="129.442255">
    <testsuite name="Tests\Feature\TopUp\SbusinessSingleTopupTest" file="/var/www/tests/Feature/TopUp/SbusinessSingleTopupTest.php" tests="1" assertions="6" failures="0" errors="0" time="129.442255">
      <testcase name="testBusinessTopupsBusinessConsecutiveNumber" class="Tests\Feature\TopUp\SbusinessSingleTopupTest" file="/var/www/tests/Feature/TopUp/SbusinessSingleTopupTest.php" line="86" assertions="6" time="129.442255"/>
    </testsuite>
  </testsuite>
</testsuites>
