<?xml version="1.0" encoding="UTF-8"?>
<testsuites>
  <testsuite name="Application Test Suite" tests="1" assertions="0" failures="0" errors="1" time="2.014312">
    <testsuite name="Tests\Feature\TopUp\SmanagerTopupTest" file="/var/www/tests/Feature/TopUp/SmanagerTopupTest.php" tests="1" assertions="0" failures="0" errors="1" time="2.014312">
      <testcase name="testSuccessfulTopupResponse" class="Tests\Feature\TopUp\SmanagerTopupTest" file="/var/www/tests/Feature/TopUp/SmanagerTopupTest.php" line="87" assertions="0" time="2.014312">
        <error type="Illuminate\Database\QueryException">Tests\Feature\TopUp\SmanagerTopupTest::testSuccessfulTopupResponse
Illuminate\Database\QueryException: SQLSTATE[42S22]: Column not found: 1054 Unknown column 'updated_by' in 'field list' (SQL: insert into `subscription_wise_payment_gateways` (`created_by`, `created_by_name`, `updated_by`, `updated_by_name`, `created_at`, `updated_at`, `package_id`, `expired`) values (1, IT - Shafiqul Islam, 1, IT - Shafiqul Islam, 2021-07-14 19:35:34, 2021-07-14 19:35:34, 1, 1))

/var/www/vendor/laravel/framework/src/Illuminate/Database/Connection.php:729
/var/www/vendor/laravel/framework/src/Illuminate/Database/Connection.php:685
/var/www/app/Sheba/Database/Connection.php:68
/var/www/vendor/laravel/framework/src/Illuminate/Database/Connection.php:414
/var/www/vendor/laravel/framework/src/Illuminate/Database/Query/Processors/Processor.php:32
/var/www/vendor/laravel/framework/src/Illuminate/Database/Query/Builder.php:2107
/var/www/vendor/laravel/framework/src/Illuminate/Database/Eloquent/Builder.php:1423
/var/www/vendor/laravel/framework/src/Illuminate/Database/Eloquent/Model.php:1628
/var/www/vendor/laravel/framework/src/Illuminate/Database/Eloquent/Model.php:1597
/var/www/vendor/laravel/framework/src/Illuminate/Database/Eloquent/Model.php:1488
/var/www/vendor/laravel/framework/src/Illuminate/Database/Eloquent/FactoryBuilder.php:87
/var/www/tests/Feature/TopUp/SmanagerTopupTest.php:50

Caused by
PDOException: SQLSTATE[42S22]: Column not found: 1054 Unknown column 'updated_by' in 'field list'

/var/www/app/Sheba/Database/Connection.php:64
/var/www/vendor/laravel/framework/src/Illuminate/Database/Connection.php:722
/var/www/vendor/laravel/framework/src/Illuminate/Database/Connection.php:685
/var/www/app/Sheba/Database/Connection.php:68
/var/www/vendor/laravel/framework/src/Illuminate/Database/Connection.php:414
/var/www/vendor/laravel/framework/src/Illuminate/Database/Query/Processors/Processor.php:32
/var/www/vendor/laravel/framework/src/Illuminate/Database/Query/Builder.php:2107
/var/www/vendor/laravel/framework/src/Illuminate/Database/Eloquent/Builder.php:1423
/var/www/vendor/laravel/framework/src/Illuminate/Database/Eloquent/Model.php:1628
/var/www/vendor/laravel/framework/src/Illuminate/Database/Eloquent/Model.php:1597
/var/www/vendor/laravel/framework/src/Illuminate/Database/Eloquent/Model.php:1488
/var/www/vendor/laravel/framework/src/Illuminate/Database/Eloquent/FactoryBuilder.php:87
/var/www/tests/Feature/TopUp/SmanagerTopupTest.php:50
</error>
      </testcase>
    </testsuite>
  </testsuite>
</testsuites>
