<?xml version="1.0" encoding="UTF-8"?>
<testsuites>
  <testsuite name="Application Test Suite" tests="1" assertions="6" failures="0" errors="0" time="4.891961">
    <testsuite name="Tests\Feature\CustomerInfoCall\InfoCallListTest" file="/var/www/tests/Feature/CustomerInfoCall/InfoCallListTest.php" tests="1" assertions="6" failures="0" errors="0" time="4.891961">
      <testcase name="testInfoCallListCustomerWithMultipleInfoCall" class="Tests\Feature\CustomerInfoCall\InfoCallListTest" file="/var/www/tests/Feature/CustomerInfoCall/InfoCallListTest.php" line="145" assertions="6" time="4.891961"/>
    </testsuite>
  </testsuite>
</testsuites>
