<?xml version="1.0" encoding="UTF-8"?>
<testsuites>
  <testsuite name="Application Test Suite" tests="1" assertions="1" failures="0" errors="0" time="1.831988">
    <testsuite name="Tests\Feature\sDeliverOrderPlacement\OrderPlacementAPITest" file="/var/www/tests/Feature/sDeliverOrderPlacement/OrderPlacementAPITest.php" tests="1" assertions="1" failures="0" errors="0" time="1.831988">
      <testcase name="testDummy" class="Tests\Feature\sDeliverOrderPlacement\OrderPlacementAPITest" file="/var/www/tests/Feature/sDeliverOrderPlacement/OrderPlacementAPITest.php" line="32" assertions="1" time="1.831988"/>
    </testsuite>
  </testsuite>
</testsuites>
