<?xml version="1.0" encoding="UTF-8"?>
<testsuites>
  <testsuite name="Application Test Suite" tests="1" assertions="0" failures="0" errors="1" time="0.000000">
    <testsuite name="Tests\Feature\sProOrderCreate\sProOrderCreateLocationTest" file="/var/www/tests/Feature/sProOrderCreate/sProOrderCreateLocationTest.php" tests="1" assertions="0" failures="0" errors="1" time="0.000000">
      <testcase name="testSProLocationAPIWithPartnerId" class="Tests\Feature\sProOrderCreate\sProOrderCreateLocationTest" file="/var/www/tests/Feature/sProOrderCreate/sProOrderCreateLocationTest.php" line="23" assertions="0" time="0.000000">
        <error type="PHPUnit_Framework_Exception">Tests\Feature\sProOrderCreate\sProOrderCreateLocationTest::testSProLocationAPIWithPartnerId
PHPUnit_Framework_Exception: array:3 [
  "code" =&gt; 200
  "message" =&gt; "Successful"
  "locations" =&gt; array:70 [
    0 =&gt; array:4 [
      "id" =&gt; 5
      "name" =&gt; "Mirpur"
      "lat" =&gt; 23.814800953807
      "lng" =&gt; 90.362328935888
    ]
    1 =&gt; array:4 [
      "id" =&gt; 116
      "name" =&gt; "Cantonment"
      "lat" =&gt; 23.830987706482
      "lng" =&gt; 90.39923959836
    ]
    2 =&gt; array:4 [
      "id" =&gt; 125
      "name" =&gt; "Savar"
      "lat" =&gt; 23.879014428131
      "lng" =&gt; 90.256108563385
    ]
    3 =&gt; array:4 [
      "id" =&gt; 26
      "name" =&gt; "Kafrul"
      "lat" =&gt; 23.790956012592
      "lng" =&gt; 90.391135
    ]
    4 =&gt; array:4 [
      "id" =&gt; 1
      "name" =&gt; "Mohammadpur"
      "lat" =&gt; 23.765181318668
      "lng" =&gt; 90.357595
    ]
    5 =&gt; array:4 [
      "id" =&gt; 7
      "name" =&gt; "Uttara"
      "lat" =&gt; 23.864875801165
      "lng" =&gt; 90.377921836233
    ]
    6 =&gt; array:4 [
      "id" =&gt; 4
      "name" =&gt; "Gulshan"
      "lat" =&gt; 23.788099544655
      "lng" =&gt; 90.412001016086
    ]
    7 =&gt; array:4 [
      "id" =&gt; 114
      "name" =&gt; "Tejgaon"
      "lat" =&gt; 23.763724675952
      "lng" =&gt; 90.394427837549
    ]
    8 =&gt; array:4 [
      "id" =&gt; 115
      "name" =&gt; "Dakshinkhan"
      "lat" =&gt; 23.845373272832
      "lng" =&gt; 90.440855
    ]
    9 =&gt; array:4 [
      "id" =&gt; 20
      "name" =&gt; "Badda"
      "lat" =&gt; 23.786347040464
      "lng" =&gt; 90.430788070431
    ]
    10 =&gt; array:4 [
      "id" =&gt; 3
      "name" =&gt; "Dhanmondi"
      "lat" =&gt; 23.740765185361
      "lng" =&gt; 90.371251122684
    ]
    11 =&gt; array:4 [
      "id" =&gt; 15
      "name" =&gt; "Bashundhara R/A"
      "lat" =&gt; 23.822148706625
      "lng" =&gt; 90.45567167638
    ]
    12 =&gt; array:4 [
      "id" =&gt; 108
      "name" =&gt; "Uttarkhan"
      "lat" =&gt; 23.87879091008
      "lng" =&gt; 90.436752536499
    ]
    13 =&gt; array:4 [
      "id" =&gt; 33
      "name" =&gt; "Rampura"
      "lat" =&gt; 23.76290404747
      "lng" =&gt; 90.421060437417
    ]
    14 =&gt; array:4 [
      "id" =&gt; 117
      "name" =&gt; "Ramna"
      "lat" =&gt; 23.738067921636
      "lng" =&gt; 90.400248968204
    ]
    15 =&gt; array:4 [
      "id" =&gt; 41
      "name" =&gt; "Tongi"
      "lat" =&gt; 23.928945656537
      "lng" =&gt; 90.430912971496
    ]
    16 =&gt; array:4 [
      "id" =&gt; 124
      "name" =&gt; "Vatara"
      "lat" =&gt; 23.787125
      "lng" =&gt; 90.460935
    ]
    17 =&gt; array:4 [
      "id" =&gt; 29
      "name" =&gt; "Khilgaon"
      "lat" =&gt; 23.752350958063
      "lng" =&gt; 90.450325
    ]
    18 =&gt; array:4 [
      "id" =&gt; 6
      "name" =&gt; "Motijheel"
      "lat" =&gt; 23.735523654455
      "lng" =&gt; 90.418698170408
    ]
    19 =&gt; array:4 [
      "id" =&gt; 119
      "name" =&gt; "Old Town (Dhaka)"
      "lat" =&gt; 23.707035
      "lng" =&gt; 90.40565
    ]
    20 =&gt; array:4 [
      "id" =&gt; 109
      "name" =&gt; "Sabujbagh"
      "lat" =&gt; 23.728754087811
      "lng" =&gt; 90.457916238963
    ]
    21 =&gt; array:4 [
      "id" =&gt; 40
      "name" =&gt; "Joydebpur"
      "lat" =&gt; 23.991155510557
      "lng" =&gt; 90.396561920643
    ]
    22 =&gt; array:4 [
      "id" =&gt; 54
      "name" =&gt; "Comilla"
      "lat" =&gt; 23.42271
      "lng" =&gt; 91.154865
    ]
    23 =&gt; array:4 [
      "id" =&gt; 202
      "name" =&gt; "Mantechester"
      "lat" =&gt; 23.75655
      "lng" =&gt; 90.387215
    ]
    24 =&gt; array:4 [
      "id" =&gt; 201
      "name" =&gt; "North Cedrickfort"
      "lat" =&gt; 23.75655
      "lng" =&gt; 90.387215
    ]
    25 =&gt; array:4 [
      "id" =&gt; 200
      "name" =&gt; "Lake Iva"
      "lat" =&gt; 23.75655
      "lng" =&gt; 90.387215
    ]
    26 =&gt; array:4 [
      "id" =&gt; 199
      "name" =&gt; "Caitlynview"
      "lat" =&gt; 23.75655
      "lng" =&gt; 90.387215
    ]
    27 =&gt; array:4 [
      "id" =&gt; 197
      "name" =&gt; "West Sidneyview"
      "lat" =&gt; 23.75655
      "lng" =&gt; 90.387215
    ]
    28 =&gt; array:4 [
      "id" =&gt; 133
      "name" =&gt; "Mirsharai"
      "lat" =&gt; 22.84301058979
      "lng" =&gt; 91.528730392456
    ]
    29 =&gt; array:4 [
      "id" =&gt; 193
      "name" =&gt; "Reyesfurt"
      "lat" =&gt; 23.75655
      "lng" =&gt; 90.387215
    ]
    30 =&gt; array:4 [
      "id" =&gt; 198
      "name" =&gt; "Kirstenton"
      "lat" =&gt; 23.75655
      "lng" =&gt; 90.387215
    ]
    31 =&gt; array:4 [
      "id" =&gt; 194
      "name" =&gt; "Port Ernestineport"
      "lat" =&gt; 23.75655
      "lng" =&gt; 90.387215
    ]
    32 =&gt; array:4 [
      "id" =&gt; 195
      "name" =&gt; "Turnermouth"
      "lat" =&gt; 23.75655
      "lng" =&gt; 90.387215
    ]
    33 =&gt; array:4 [
      "id" =&gt; 191
      "name" =&gt; "Port Buford"
      "lat" =&gt; 23.75655
      "lng" =&gt; 90.387215
    ]
    34 =&gt; array:4 [
      "id" =&gt; 192
      "name" =&gt; "Carrollville"
      "lat" =&gt; 23.75655
      "lng" =&gt; 90.387215
    ]
    35 =&gt; array:4 [
      "id" =&gt; 190
      "name" =&gt; "Colony"
      "lat" =&gt; 24.82466715
      "lng" =&gt; 89.3832521
    ]
    36 =&gt; array:4 [
      "id" =&gt; 188
      "name" =&gt; "Maloti Nagor"
      "lat" =&gt; 24.838811
      "lng" =&gt; 89.3835491
    ]
    37 =&gt; array:4 [
      "id" =&gt; 196
      "name" =&gt; "Borerbury"
      "lat" =&gt; 23.75655
      "lng" =&gt; 90.387215
    ]
    38 =&gt; array:4 [
      "id" =&gt; 189
      "name" =&gt; "Koigari"
      "lat" =&gt; 24.82579115
      "lng" =&gt; 89.37154
    ]
    39 =&gt; array:4 [
      "id" =&gt; 185
      "name" =&gt; "Khandar"
      "lat" =&gt; 24.8345174
      "lng" =&gt; 89.3575281
    ]
    40 =&gt; array:4 [
      "id" =&gt; 187
      "name" =&gt; "Rahman Nagar"
      "lat" =&gt; 24.83727865
      "lng" =&gt; 89.3779809
    ]
    41 =&gt; array:4 [
      "id" =&gt; 183
      "name" =&gt; "Sheujgari"
      "lat" =&gt; 24.8447305
      "lng" =&gt; 89.3687087
    ]
    42 =&gt; array:4 [
      "id" =&gt; 182
      "name" =&gt; "Jowelasory Tola"
      "lat" =&gt; 24.8447887
      "lng" =&gt; 89.3773516
    ]
    43 =&gt; array:4 [
      "id" =&gt; 122
      "name" =&gt; "Fatikchari"
      "lat" =&gt; 22.773335488186
      "lng" =&gt; 91.756117343903
    ]
    44 =&gt; array:4 [
      "id" =&gt; 137
      "name" =&gt; "Shitakund"
      "lat" =&gt; 22.559986520048
      "lng" =&gt; 91.624263972045
    ]
    45 =&gt; array:4 [
      "id" =&gt; 130
      "name" =&gt; "Hathazari"
      "lat" =&gt; 22.484091583097
      "lng" =&gt; 91.802337169647
    ]
    46 =&gt; array:4 [
      "id" =&gt; 136
      "name" =&gt; "Raozan"
      "lat" =&gt; 22.5221185142
      "lng" =&gt; 91.935074329376
    ]
    47 =&gt; array:4 [
      "id" =&gt; 142
      "name" =&gt; "Bayejid bostami"
      "lat" =&gt; 22.392686092842
      "lng" =&gt; 91.804163083434
    ]
    48 =&gt; array:4 [
      "id" =&gt; 145
      "name" =&gt; "Pahartali"
      "lat" =&gt; 22.360879144627
      "lng" =&gt; 91.775775924325
    ]
    49 =&gt; array:4 [
      "id" =&gt; 123
      "name" =&gt; "Chittagong"
      "lat" =&gt; 22.326907649733
      "lng" =&gt; 91.823913149711
    ]
    50 =&gt; array:4 [
      "id" =&gt; 146
      "name" =&gt; "Khulshi"
      "lat" =&gt; 22.357643192363
      "lng" =&gt; 91.796103715896
    ]
    51 =&gt; array:4 [
      "id" =&gt; 135
      "name" =&gt; "Rangunia"
      "lat" =&gt; 22.495684528236
      "lng" =&gt; 92.078125672415
    ]
    52 =&gt; array:4 [
      "id" =&gt; 149
      "name" =&gt; "Halishahar"
      "lat" =&gt; 22.322909360059
      "lng" =&gt; 91.785600185394
    ]
    53 =&gt; array:4 [
      "id" =&gt; 144
      "name" =&gt; "Pachlaish"
      "lat" =&gt; 22.371683894741
      "lng" =&gt; 91.830383499618
    ]
    54 =&gt; array:4 [
      "id" =&gt; 120
      "name" =&gt; "Nasirabad"
      "lat" =&gt; 22.362954216518
      "lng" =&gt; 91.819090800104
    ]
    55 =&gt; array:4 [
      "id" =&gt; 143
      "name" =&gt; "Chadgaon"
      "lat" =&gt; 22.371752340437
      "lng" =&gt; 91.863384246826
    ]
    56 =&gt; array:4 [
      "id" =&gt; 150
      "name" =&gt; "Double Mooring"
      "lat" =&gt; 22.320971856777
      "lng" =&gt; 91.799671053886
    ]
    57 =&gt; array:4 [
      "id" =&gt; 121
      "name" =&gt; "Sugandha"
      "lat" =&gt; 22.364014020545
      "lng" =&gt; 91.82933
    ]
    58 =&gt; array:4 [
      "id" =&gt; 147
      "name" =&gt; "Kotwali (Chittagong)"
      "lat" =&gt; 22.331868879907
      "lng" =&gt; 91.829455643892
    ]
    59 =&gt; array:4 [
      "id" =&gt; 151
      "name" =&gt; "Bandar"
      "lat" =&gt; 22.28834134654
      "lng" =&gt; 91.784377098083
    ]
    60 =&gt; array:4 [
      "id" =&gt; 128
      "name" =&gt; "Boalkhali"
      "lat" =&gt; 22.381131143289
      "lng" =&gt; 91.986293792725
    ]
    61 =&gt; array:4 [
      "id" =&gt; 152
      "name" =&gt; "Patenga"
      "lat" =&gt; 22.25779829989
      "lng" =&gt; 91.799869537354
    ]
    62 =&gt; array:4 [
      "id" =&gt; 148
      "name" =&gt; "Bakalia"
      "lat" =&gt; 22.338070629232
      "lng" =&gt; 91.857858896255
    ]
    63 =&gt; array:4 [
      "id" =&gt; 153
      "name" =&gt; "Karnafuli"
      "lat" =&gt; 22.266777358098
      "lng" =&gt; 91.858577728271
    ]
    64 =&gt; array:4 [
      "id" =&gt; 134
      "name" =&gt; "Patiya"
      "lat" =&gt; 22.288823002109
      "lng" =&gt; 91.991229057312
    ]
    65 =&gt; array:4 [
      "id" =&gt; 126
      "name" =&gt; "Anwara"
      "lat" =&gt; 22.192866146315
      "lng" =&gt; 91.889777183533
    ]
    66 =&gt; array:4 [
      "id" =&gt; 127
      "name" =&gt; "Banshakhali"
      "lat" =&gt; 22.059414701986
      "lng" =&gt; 91.949000358582
    ]
    67 =&gt; array:4 [
      "id" =&gt; 129
      "name" =&gt; "Chandanaish"
      "lat" =&gt; 22.245071431899
      "lng" =&gt; 92.044658660889
    ]
    68 =&gt; array:4 [
      "id" =&gt; 131
      "name" =&gt; "Kanchana"
      "lat" =&gt; 22.134914002753
      "lng" =&gt; 92.076759338379
    ]
    69 =&gt; array:4 [
      "id" =&gt; 132
      "name" =&gt; "Lohagara"
      "lat" =&gt; 22.004955665314
      "lng" =&gt; 92.10765838623
    ]
  ]
]

</error>
      </testcase>
    </testsuite>
  </testsuite>
</testsuites>
