<?xml version="1.0" encoding="UTF-8"?>
<testsuites>
  <testsuite name="Application Test Suite" tests="4" assertions="8" failures="0" errors="0" time="6.192894">
    <testsuite name="Tests\Feature\sDeliveryOrderManagement\DeliveryOrderCancelAPITest" file="/var/www/tests/Feature/sDeliveryOrderManagement/DeliveryOrderCancelAPITest.php" tests="4" assertions="8" failures="0" errors="0" time="6.192894">
      <testcase name="testCancelPosDeliveryOrder" class="Tests\Feature\sDeliveryOrderManagement\DeliveryOrderCancelAPITest" file="/var/www/tests/Feature/sDeliveryOrderManagement/DeliveryOrderCancelAPITest.php" line="38" assertions="3" time="2.048620"/>
      <testcase name="testFailedToCancelPosDeliveryOrderDueToAuthorizationError" class="Tests\Feature\sDeliveryOrderManagement\DeliveryOrderCancelAPITest" file="/var/www/tests/Feature/sDeliveryOrderManagement/DeliveryOrderCancelAPITest.php" line="53" assertions="2" time="0.779162"/>
      <testcase name="testPosOrderIdFieldIsRequired" class="Tests\Feature\sDeliveryOrderManagement\DeliveryOrderCancelAPITest" file="/var/www/tests/Feature/sDeliveryOrderManagement/DeliveryOrderCancelAPITest.php" line="67" assertions="2" time="2.420573"/>
      <testcase name="testCancelOrderDataUpdateIntoDB" class="Tests\Feature\sDeliveryOrderManagement\DeliveryOrderCancelAPITest" file="/var/www/tests/Feature/sDeliveryOrderManagement/DeliveryOrderCancelAPITest.php" line="85" assertions="1" time="0.944539"/>
    </testsuite>
  </testsuite>
</testsuites>
