<?xml version="1.0" encoding="UTF-8"?>
<testsuites>
  <testsuite name="Application Test Suite" tests="14" assertions="44" failures="0" errors="0" time="199.663237">
    <testsuite name="Tests\Feature\sProOrderCreate\sProOrderCreateTimeTest" file="/var/www/tests/Feature/sProOrderCreate/sProOrderCreateTimeTest.php" tests="14" assertions="44" failures="0" errors="0" time="199.663237">
      <testcase name="testSProTimeAPIWithValidCategoryIdPartnerIdLimit" class="Tests\Feature\sProOrderCreate\sProOrderCreateTimeTest" file="/var/www/tests/Feature/sProOrderCreate/sProOrderCreateTimeTest.php" line="66" assertions="4" time="11.884176"/>
      <testcase name="testSProTimeAPIWithValidCategoryIdPartnerIdAndInvalidAlphabeticCharacterLimit" class="Tests\Feature\sProOrderCreate\sProOrderCreateTimeTest" file="/var/www/tests/Feature/sProOrderCreate/sProOrderCreateTimeTest.php" line="84" assertions="2" time="13.535220"/>
      <testcase name="testSProTimeAPIWithValidCategoryIdPartnerIdAndInvalidSpecialCharacterLimit" class="Tests\Feature\sProOrderCreate\sProOrderCreateTimeTest" file="/var/www/tests/Feature/sProOrderCreate/sProOrderCreateTimeTest.php" line="99" assertions="2" time="15.691556"/>
      <testcase name="testSProTimeAPIWithValidCategoryIdPartnerIdAndNoLimit" class="Tests\Feature\sProOrderCreate\sProOrderCreateTimeTest" file="/var/www/tests/Feature/sProOrderCreate/sProOrderCreateTimeTest.php" line="114" assertions="4" time="14.366677"/>
      <testcase name="testSProTimeAPIWithValidCategoryIdLimitAndInvalidAlphabeticCharacterPartnerId" class="Tests\Feature\sProOrderCreate\sProOrderCreateTimeTest" file="/var/www/tests/Feature/sProOrderCreate/sProOrderCreateTimeTest.php" line="132" assertions="2" time="15.081171"/>
      <testcase name="testSProTimeAPIWithValidCategoryIdLimitAndInvalidSpecialCharacterPartnerId" class="Tests\Feature\sProOrderCreate\sProOrderCreateTimeTest" file="/var/www/tests/Feature/sProOrderCreate/sProOrderCreateTimeTest.php" line="147" assertions="2" time="15.346577"/>
      <testcase name="testSProTimeAPIWithValidCategoryIdLimitAndNoPartnerId" class="Tests\Feature\sProOrderCreate\sProOrderCreateTimeTest" file="/var/www/tests/Feature/sProOrderCreate/sProOrderCreateTimeTest.php" line="162" assertions="4" time="15.080178"/>
      <testcase name="testSProTimeAPIWithValidPartnerIdLimitAndInvalidAlphabeticCharacterCategoryId" class="Tests\Feature\sProOrderCreate\sProOrderCreateTimeTest" file="/var/www/tests/Feature/sProOrderCreate/sProOrderCreateTimeTest.php" line="179" assertions="2" time="14.133360"/>
      <testcase name="testSProTimeAPIWithValidPartnerIdLimitAndInvalidSpecialCharacterCategoryId" class="Tests\Feature\sProOrderCreate\sProOrderCreateTimeTest" file="/var/www/tests/Feature/sProOrderCreate/sProOrderCreateTimeTest.php" line="194" assertions="2" time="13.241253"/>
      <testcase name="testSProTimeAPIWithValidPartnerIdLimitAndNoCategoryId" class="Tests\Feature\sProOrderCreate\sProOrderCreateTimeTest" file="/var/www/tests/Feature/sProOrderCreate/sProOrderCreateTimeTest.php" line="209" assertions="4" time="15.200265"/>
      <testcase name="testSProTimeAPIWithNoPartnerIdLimitCategoryId" class="Tests\Feature\sProOrderCreate\sProOrderCreateTimeTest" file="/var/www/tests/Feature/sProOrderCreate/sProOrderCreateTimeTest.php" line="226" assertions="4" time="14.187983"/>
      <testcase name="testSProTimeAPIWithOnlyValidCategoryIdParameter" class="Tests\Feature\sProOrderCreate\sProOrderCreateTimeTest" file="/var/www/tests/Feature/sProOrderCreate/sProOrderCreateTimeTest.php" line="243" assertions="4" time="16.182431"/>
      <testcase name="testSProTimeAPIWithOnlyValidPartnerIdParameter" class="Tests\Feature\sProOrderCreate\sProOrderCreateTimeTest" file="/var/www/tests/Feature/sProOrderCreate/sProOrderCreateTimeTest.php" line="260" assertions="4" time="12.830936"/>
      <testcase name="testSProTimeAPIWithOnlyValidLimitParameter" class="Tests\Feature\sProOrderCreate\sProOrderCreateTimeTest" file="/var/www/tests/Feature/sProOrderCreate/sProOrderCreateTimeTest.php" line="277" assertions="4" time="12.901454"/>
    </testsuite>
  </testsuite>
</testsuites>
