<?xml version="1.0" encoding="UTF-8"?>
<testsuites>
  <testsuite name="Application Test Suite" tests="13" assertions="66" failures="0" errors="0" time="61.397379">
    <testsuite name="Tests\Feature\sProServiceBookCategory\sProSubCategoryTest" file="/var/www/tests/Feature/sProServiceBookCategory/sProSubCategoryTest.php" tests="13" assertions="66" failures="0" errors="0" time="61.397379">
      <testcase name="testSProSubCategoryAPIWithoutLocationParameter" class="Tests\Feature\sProServiceBookCategory\sProSubCategoryTest" file="/var/www/tests/Feature/sProServiceBookCategory/sProSubCategoryTest.php" line="32" assertions="10" time="4.118609"/>
      <testcase name="testSProSubCategoryAPIWithValidLatLngParameter" class="Tests\Feature\sProServiceBookCategory\sProSubCategoryTest" file="/var/www/tests/Feature/sProServiceBookCategory/sProSubCategoryTest.php" line="79" assertions="10" time="3.839231"/>
      <testcase name="testSProSubCategoryAPIWithValidLocationParameter" class="Tests\Feature\sProServiceBookCategory\sProSubCategoryTest" file="/var/www/tests/Feature/sProServiceBookCategory/sProSubCategoryTest.php" line="126" assertions="10" time="3.598087"/>
      <testcase name="testSProSubCategoryAPIWithInvalidLatAndValidLngParameter" class="Tests\Feature\sProServiceBookCategory\sProSubCategoryTest" file="/var/www/tests/Feature/sProServiceBookCategory/sProSubCategoryTest.php" line="173" assertions="2" time="4.661915"/>
      <testcase name="testSProSubCategoryAPIWithValidLatAndInvalidLngParameter" class="Tests\Feature\sProServiceBookCategory\sProSubCategoryTest" file="/var/www/tests/Feature/sProServiceBookCategory/sProSubCategoryTest.php" line="211" assertions="2" time="4.867417"/>
      <testcase name="testSProSubCategoryAPIWithInvalidLatLngParameter" class="Tests\Feature\sProServiceBookCategory\sProSubCategoryTest" file="/var/www/tests/Feature/sProServiceBookCategory/sProSubCategoryTest.php" line="250" assertions="2" time="5.258258"/>
      <testcase name="testSProSubCategoryAPIWithInvalidLocationParameter" class="Tests\Feature\sProServiceBookCategory\sProSubCategoryTest" file="/var/www/tests/Feature/sProServiceBookCategory/sProSubCategoryTest.php" line="289" assertions="2" time="5.174107"/>
      <testcase name="testSProSubCategoryAPIWithLatAndWithoutLngParameter" class="Tests\Feature\sProServiceBookCategory\sProSubCategoryTest" file="/var/www/tests/Feature/sProServiceBookCategory/sProSubCategoryTest.php" line="328" assertions="2" time="5.642935"/>
      <testcase name="testSProSubCategoryAPIWithoutLatAndWithLngParameter" class="Tests\Feature\sProServiceBookCategory\sProSubCategoryTest" file="/var/www/tests/Feature/sProServiceBookCategory/sProSubCategoryTest.php" line="367" assertions="2" time="5.494309"/>
      <testcase name="testSProSubCategoryAPIWithPublicationStatusZero" class="Tests\Feature\sProServiceBookCategory\sProSubCategoryTest" file="/var/www/tests/Feature/sProServiceBookCategory/sProSubCategoryTest.php" line="406" assertions="10" time="5.030070"/>
      <testcase name="testSProSubCategoryAPIWithInvalidMasterCategoryId" class="Tests\Feature\sProServiceBookCategory\sProSubCategoryTest" file="/var/www/tests/Feature/sProServiceBookCategory/sProSubCategoryTest.php" line="453" assertions="2" time="5.168143"/>
      <testcase name="testSProSubCategoryAPIWithLatLngOfLocationNotAvailableForThisCategory" class="Tests\Feature\sProServiceBookCategory\sProSubCategoryTest" file="/var/www/tests/Feature/sProServiceBookCategory/sProSubCategoryTest.php" line="492" assertions="10" time="4.472703"/>
      <testcase name="testSProSubCategoryAPIWithLocationNotAvailableForThisCategory" class="Tests\Feature\sProServiceBookCategory\sProSubCategoryTest" file="/var/www/tests/Feature/sProServiceBookCategory/sProSubCategoryTest.php" line="539" assertions="2" time="4.071595"/>
    </testsuite>
  </testsuite>
</testsuites>
