<?xml version="1.0" encoding="UTF-8"?>
<testsuites>
  <testsuite name="Application Test Suite" tests="1" assertions="1" failures="1" errors="0" time="4.516057">
    <testsuite name="Tests\Feature\sDeliverOrderPlacement\OrderPlaceDeliveryPriceCheckAPITest" file="/var/www/tests/Feature/sDeliverOrderPlacement/OrderPlaceDeliveryPriceCheckAPITest.php" tests="1" assertions="1" failures="1" errors="0" time="4.516057">
      <testcase name="testSuccessfulResponseToFetchProductPriceAccordingtoWeight" class="Tests\Feature\sDeliverOrderPlacement\OrderPlaceDeliveryPriceCheckAPITest" file="/var/www/tests/Feature/sDeliverOrderPlacement/OrderPlaceDeliveryPriceCheckAPITest.php" line="29" assertions="1" time="4.516057">
        <failure type="PHPUnit_Framework_ExpectationFailedException">Tests\Feature\sDeliverOrderPlacement\OrderPlaceDeliveryPriceCheckAPITest::testSuccessfulResponseToFetchProductPriceAccordingtoWeight
Failed asserting that 500 matches expected 200.

/var/www/tests/Feature/sDeliverOrderPlacement/OrderPlaceDeliveryPriceCheckAPITest.php:45
</failure>
      </testcase>
    </testsuite>
  </testsuite>
</testsuites>
