<?xml version="1.0" encoding="UTF-8"?>
<testsuites>
  <testsuite name="Application Test Suite" tests="69" assertions="209" failures="0" errors="0" time="400.263916">
    <testsuite name="Tests\Feature\UserProfileUpdate\SProInfoCallDashboardTest" file="/var/www/tests/Feature/UserProfileUpdate/SProInfoCallDashboardTest.php" tests="12" assertions="66" failures="0" errors="0" time="87.984828">
      <testcase name="testInfoCallDashboardAPIForServiceRequest" class="Tests\Feature\UserProfileUpdate\SProInfoCallDashboardTest" file="/var/www/tests/Feature/UserProfileUpdate/SProInfoCallDashboardTest.php" line="44" assertions="8" time="4.720587"/>
      <testcase name="testInfoCallDashboardAPIForCancelledOrder" class="Tests\Feature\UserProfileUpdate\SProInfoCallDashboardTest" file="/var/www/tests/Feature/UserProfileUpdate/SProInfoCallDashboardTest.php" line="77" assertions="8" time="4.886418"/>
      <testcase name="testInfoCallDashboardAPIForTotalOrder" class="Tests\Feature\UserProfileUpdate\SProInfoCallDashboardTest" file="/var/www/tests/Feature/UserProfileUpdate/SProInfoCallDashboardTest.php" line="113" assertions="8" time="14.842133"/>
      <testcase name="testInfoCallDashboardAPIForCompletedOrder" class="Tests\Feature\UserProfileUpdate\SProInfoCallDashboardTest" file="/var/www/tests/Feature/UserProfileUpdate/SProInfoCallDashboardTest.php" line="214" assertions="8" time="14.973764"/>
      <testcase name="testInfoCallDashboardAPIWithoutMonthAndYearParameter" class="Tests\Feature\UserProfileUpdate\SProInfoCallDashboardTest" file="/var/www/tests/Feature/UserProfileUpdate/SProInfoCallDashboardTest.php" line="319" assertions="8" time="5.541742"/>
      <testcase name="testInfoCallDashboardAPIWithInvalidMonth13" class="Tests\Feature\UserProfileUpdate\SProInfoCallDashboardTest" file="/var/www/tests/Feature/UserProfileUpdate/SProInfoCallDashboardTest.php" line="351" assertions="2" time="6.448450"/>
      <testcase name="testInfoCallDashboardAPIWithInvalidMonth0" class="Tests\Feature\UserProfileUpdate\SProInfoCallDashboardTest" file="/var/www/tests/Feature/UserProfileUpdate/SProInfoCallDashboardTest.php" line="375" assertions="2" time="6.259628"/>
      <testcase name="testInfoCallDashboardAPIWithInvalidMonthString" class="Tests\Feature\UserProfileUpdate\SProInfoCallDashboardTest" file="/var/www/tests/Feature/UserProfileUpdate/SProInfoCallDashboardTest.php" line="399" assertions="2" time="7.447617"/>
      <testcase name="testInfoCallDashboardAPIWithInvalidYearString" class="Tests\Feature\UserProfileUpdate\SProInfoCallDashboardTest" file="/var/www/tests/Feature/UserProfileUpdate/SProInfoCallDashboardTest.php" line="423" assertions="2" time="6.158973"/>
      <testcase name="testInfoCallDashboardAPIWithoutMonthAndYearValue" class="Tests\Feature\UserProfileUpdate\SProInfoCallDashboardTest" file="/var/www/tests/Feature/UserProfileUpdate/SProInfoCallDashboardTest.php" line="447" assertions="2" time="6.454150"/>
      <testcase name="testInfoCallDashboardAPIWithOnlyMonthParameter" class="Tests\Feature\UserProfileUpdate\SProInfoCallDashboardTest" file="/var/www/tests/Feature/UserProfileUpdate/SProInfoCallDashboardTest.php" line="469" assertions="8" time="5.079637"/>
      <testcase name="testInfoCallDashboardAPIWithOnlyYearParameter" class="Tests\Feature\UserProfileUpdate\SProInfoCallDashboardTest" file="/var/www/tests/Feature/UserProfileUpdate/SProInfoCallDashboardTest.php" line="499" assertions="8" time="5.171728"/>
    </testsuite>
    <testsuite name="Tests\Feature\UserProfileUpdate\SProInfoCallDetailsTest" file="/var/www/tests/Feature/UserProfileUpdate/SProInfoCallDetailsTest.php" tests="9" assertions="47" failures="0" errors="0" time="75.359977">
      <testcase name="testInfoCallDetailsAPIForInvalidInfoCallId" class="Tests\Feature\UserProfileUpdate\SProInfoCallDetailsTest" file="/var/www/tests/Feature/UserProfileUpdate/SProInfoCallDetailsTest.php" line="45" assertions="2" time="5.141002"/>
      <testcase name="testInfoCallDetailsAPIForPassingChacracterAsInfoCallId" class="Tests\Feature\UserProfileUpdate\SProInfoCallDetailsTest" file="/var/www/tests/Feature/UserProfileUpdate/SProInfoCallDetailsTest.php" line="67" assertions="2" time="4.633216"/>
      <testcase name="testInfoCallDetailsAPIForPassingInvalidURL" class="Tests\Feature\UserProfileUpdate\SProInfoCallDetailsTest" file="/var/www/tests/Feature/UserProfileUpdate/SProInfoCallDetailsTest.php" line="89" assertions="1" time="5.055603"/>
      <testcase name="testInfoCallDetailsAPIForInvalidAuthorizedToken" class="Tests\Feature\UserProfileUpdate\SProInfoCallDetailsTest" file="/var/www/tests/Feature/UserProfileUpdate/SProInfoCallDetailsTest.php" line="119" assertions="2" time="5.521990"/>
      <testcase name="testInfoCallDetailsAPIForOpenInfoCall" class="Tests\Feature\UserProfileUpdate\SProInfoCallDetailsTest" file="/var/www/tests/Feature/UserProfileUpdate/SProInfoCallDetailsTest.php" line="141" assertions="5" time="4.912264"/>
      <testcase name="testInfoCallDetailsAPIForRejectedInfoCall" class="Tests\Feature\UserProfileUpdate\SProInfoCallDetailsTest" file="/var/www/tests/Feature/UserProfileUpdate/SProInfoCallDetailsTest.php" line="175" assertions="7" time="5.440058"/>
      <testcase name="testInfoCallDetailsAPIForConvertedInfoCallRunning" class="Tests\Feature\UserProfileUpdate\SProInfoCallDetailsTest" file="/var/www/tests/Feature/UserProfileUpdate/SProInfoCallDetailsTest.php" line="216" assertions="9" time="12.630763"/>
      <testcase name="testInfoCallDetailsAPIForConvertedInfoCallCompleted" class="Tests\Feature\UserProfileUpdate\SProInfoCallDetailsTest" file="/var/www/tests/Feature/UserProfileUpdate/SProInfoCallDetailsTest.php" line="323" assertions="10" time="15.405855"/>
      <testcase name="testInfoCallDetailsAPIForConvertedInfoCallCanceled" class="Tests\Feature\UserProfileUpdate\SProInfoCallDetailsTest" file="/var/www/tests/Feature/UserProfileUpdate/SProInfoCallDetailsTest.php" line="433" assertions="9" time="16.619226"/>
    </testsuite>
    <testsuite name="Tests\Feature\UserProfileUpdate\UserProfileCreateTest" file="/var/www/tests/Feature/UserProfileUpdate/UserProfileCreateTest.php" tests="18" assertions="36" failures="0" errors="0" time="85.974881">
      <testcase name="testUserProfileCreateAPIByUpdatingName" class="Tests\Feature\UserProfileUpdate\UserProfileCreateTest" file="/var/www/tests/Feature/UserProfileUpdate/UserProfileCreateTest.php" line="22" assertions="2" time="4.922247"/>
      <testcase name="testUserProfileCreateAPIByUpdatingEmail" class="Tests\Feature\UserProfileUpdate\UserProfileCreateTest" file="/var/www/tests/Feature/UserProfileUpdate/UserProfileCreateTest.php" line="43" assertions="2" time="5.117945"/>
      <testcase name="testUserProfileCreateAPIByUpdatingDateOfBirth" class="Tests\Feature\UserProfileUpdate\UserProfileCreateTest" file="/var/www/tests/Feature/UserProfileUpdate/UserProfileCreateTest.php" line="64" assertions="2" time="4.547207"/>
      <testcase name="testUserProfileCreateAPIByUpdatingGender" class="Tests\Feature\UserProfileUpdate\UserProfileCreateTest" file="/var/www/tests/Feature/UserProfileUpdate/UserProfileCreateTest.php" line="85" assertions="2" time="4.286562"/>
      <testcase name="testUserProfileCreateAPIByUpdatingAddress" class="Tests\Feature\UserProfileUpdate\UserProfileCreateTest" file="/var/www/tests/Feature/UserProfileUpdate/UserProfileCreateTest.php" line="106" assertions="2" time="4.550208"/>
      <testcase name="testUserProfileCreateAPIByUpdatingDateOfBirthGender" class="Tests\Feature\UserProfileUpdate\UserProfileCreateTest" file="/var/www/tests/Feature/UserProfileUpdate/UserProfileCreateTest.php" line="127" assertions="2" time="4.815387"/>
      <testcase name="testUserProfileCreateAPIByUpdatingDateOfBirthName" class="Tests\Feature\UserProfileUpdate\UserProfileCreateTest" file="/var/www/tests/Feature/UserProfileUpdate/UserProfileCreateTest.php" line="149" assertions="2" time="4.335854"/>
      <testcase name="testUserProfileCreateAPIByUpdatingDateOfBirthGenderName" class="Tests\Feature\UserProfileUpdate\UserProfileCreateTest" file="/var/www/tests/Feature/UserProfileUpdate/UserProfileCreateTest.php" line="171" assertions="2" time="5.511728"/>
      <testcase name="testUserProfileCreateAPIByUpdatingDateOfBirthEmailGenderName" class="Tests\Feature\UserProfileUpdate\UserProfileCreateTest" file="/var/www/tests/Feature/UserProfileUpdate/UserProfileCreateTest.php" line="194" assertions="2" time="4.727208"/>
      <testcase name="testUserProfileCreateAPIByUpdatingDateOfBirthEmailGenderNameAddress" class="Tests\Feature\UserProfileUpdate\UserProfileCreateTest" file="/var/www/tests/Feature/UserProfileUpdate/UserProfileCreateTest.php" line="218" assertions="2" time="3.972585"/>
      <testcase name="testUserProfileCreateAPIByGivingInvalidGender" class="Tests\Feature\UserProfileUpdate\UserProfileCreateTest" file="/var/www/tests/Feature/UserProfileUpdate/UserProfileCreateTest.php" line="243" assertions="2" time="5.153862"/>
      <testcase name="testUserProfileCreateAPIByGivingInvalidRememberToken" class="Tests\Feature\UserProfileUpdate\UserProfileCreateTest" file="/var/www/tests/Feature/UserProfileUpdate/UserProfileCreateTest.php" line="267" assertions="2" time="4.139664"/>
      <testcase name="testUserProfileCreateAPIByNotGivingRememberToken" class="Tests\Feature\UserProfileUpdate\UserProfileCreateTest" file="/var/www/tests/Feature/UserProfileUpdate/UserProfileCreateTest.php" line="291" assertions="2" time="3.975957"/>
      <testcase name="testUserProfileCreateAPIByGivingInvalidCustomerId" class="Tests\Feature\UserProfileUpdate\UserProfileCreateTest" file="/var/www/tests/Feature/UserProfileUpdate/UserProfileCreateTest.php" line="315" assertions="2" time="4.012765"/>
      <testcase name="testUserProfileCreateAPIByGivingInvalidDateOfBirth" class="Tests\Feature\UserProfileUpdate\UserProfileCreateTest" file="/var/www/tests/Feature/UserProfileUpdate/UserProfileCreateTest.php" line="339" assertions="2" time="5.329089"/>
      <testcase name="testUserProfileCreateAPIByGivingCharacterInputInDateOfBirth" class="Tests\Feature\UserProfileUpdate\UserProfileCreateTest" file="/var/www/tests/Feature/UserProfileUpdate/UserProfileCreateTest.php" line="365" assertions="2" time="5.223665"/>
      <testcase name="testUserProfileCreateAPIByGivingInvalidEmail" class="Tests\Feature\UserProfileUpdate\UserProfileCreateTest" file="/var/www/tests/Feature/UserProfileUpdate/UserProfileCreateTest.php" line="391" assertions="2" time="5.629536"/>
      <testcase name="testUserProfileCreateAPIByGivingInvalidDateOfBirthGenderEmail" class="Tests\Feature\UserProfileUpdate\UserProfileCreateTest" file="/var/www/tests/Feature/UserProfileUpdate/UserProfileCreateTest.php" line="415" assertions="2" time="5.723412"/>
    </testsuite>
    <testsuite name="Tests\Feature\UserProfileUpdate\UserProfileUpdateV1Test" file="/var/www/tests/Feature/UserProfileUpdate/UserProfileUpdateV1Test.php" tests="12" assertions="24" failures="0" errors="0" time="61.503384">
      <testcase name="testUserProfileUpdateAPIV1ByUpdatingNameGenderBirthdayAddress" class="Tests\Feature\UserProfileUpdate\UserProfileUpdateV1Test" file="/var/www/tests/Feature/UserProfileUpdate/UserProfileUpdateV1Test.php" line="22" assertions="2" time="4.426178"/>
      <testcase name="testUserProfileUpdateAPIV1ByUpdatingNameOnly" class="Tests\Feature\UserProfileUpdate\UserProfileUpdateV1Test" file="/var/www/tests/Feature/UserProfileUpdate/UserProfileUpdateV1Test.php" line="49" assertions="2" time="4.187893"/>
      <testcase name="testUserProfileUpdateAPIV1ByUpdatingGenderOnly" class="Tests\Feature\UserProfileUpdate\UserProfileUpdateV1Test" file="/var/www/tests/Feature/UserProfileUpdate/UserProfileUpdateV1Test.php" line="67" assertions="2" time="6.048558"/>
      <testcase name="testUserProfileUpdateAPIV1ByUpdatingBirthdayOnly" class="Tests\Feature\UserProfileUpdate\UserProfileUpdateV1Test" file="/var/www/tests/Feature/UserProfileUpdate/UserProfileUpdateV1Test.php" line="85" assertions="2" time="3.843467"/>
      <testcase name="testUserProfileUpdateAPIV1ByUpdatingAddressOnly" class="Tests\Feature\UserProfileUpdate\UserProfileUpdateV1Test" file="/var/www/tests/Feature/UserProfileUpdate/UserProfileUpdateV1Test.php" line="103" assertions="2" time="3.846031"/>
      <testcase name="testUserProfileUpdateAPIV1ByGivingNullValueOfName" class="Tests\Feature\UserProfileUpdate\UserProfileUpdateV1Test" file="/var/www/tests/Feature/UserProfileUpdate/UserProfileUpdateV1Test.php" line="121" assertions="2" time="4.840926"/>
      <testcase name="testUserProfileUpdateAPIV1ByGivingNullValueOfGender" class="Tests\Feature\UserProfileUpdate\UserProfileUpdateV1Test" file="/var/www/tests/Feature/UserProfileUpdate/UserProfileUpdateV1Test.php" line="139" assertions="2" time="5.750357"/>
      <testcase name="testUserProfileUpdateAPIV1ByGivingNullValueOfBirthday" class="Tests\Feature\UserProfileUpdate\UserProfileUpdateV1Test" file="/var/www/tests/Feature/UserProfileUpdate/UserProfileUpdateV1Test.php" line="157" assertions="2" time="6.360211"/>
      <testcase name="testUserProfileUpdateAPIV1ByGivingNullValueOfAddress" class="Tests\Feature\UserProfileUpdate\UserProfileUpdateV1Test" file="/var/www/tests/Feature/UserProfileUpdate/UserProfileUpdateV1Test.php" line="175" assertions="2" time="6.573939"/>
      <testcase name="testUserProfileUpdateAPIV1ByGivingInvalidBirthday" class="Tests\Feature\UserProfileUpdate\UserProfileUpdateV1Test" file="/var/www/tests/Feature/UserProfileUpdate/UserProfileUpdateV1Test.php" line="193" assertions="2" time="5.391603"/>
      <testcase name="testUserProfileUpdateAPIV1ByGivingCharacterInputInBirthday" class="Tests\Feature\UserProfileUpdate\UserProfileUpdateV1Test" file="/var/www/tests/Feature/UserProfileUpdate/UserProfileUpdateV1Test.php" line="213" assertions="2" time="4.943576"/>
      <testcase name="testUserProfileUpdateAPIV1ByGivingInvalidGender" class="Tests\Feature\UserProfileUpdate\UserProfileUpdateV1Test" file="/var/www/tests/Feature/UserProfileUpdate/UserProfileUpdateV1Test.php" line="233" assertions="2" time="5.290645"/>
    </testsuite>
    <testsuite name="Tests\Feature\UserProfileUpdate\UserProfileUpdateV3Test" file="/var/www/tests/Feature/UserProfileUpdate/UserProfileUpdateV3Test.php" tests="18" assertions="36" failures="0" errors="0" time="89.440846">
      <testcase name="testUserProfileUpdateAPIV3ByUpdatingName" class="Tests\Feature\UserProfileUpdate\UserProfileUpdateV3Test" file="/var/www/tests/Feature/UserProfileUpdate/UserProfileUpdateV3Test.php" line="22" assertions="2" time="5.062167"/>
      <testcase name="testUserProfileUpdateAPIV3ByUpdatingEmail" class="Tests\Feature\UserProfileUpdate\UserProfileUpdateV3Test" file="/var/www/tests/Feature/UserProfileUpdate/UserProfileUpdateV3Test.php" line="43" assertions="2" time="4.859911"/>
      <testcase name="testUserProfileUpdateAPIV3ByUpdatingDateOfBirth" class="Tests\Feature\UserProfileUpdate\UserProfileUpdateV3Test" file="/var/www/tests/Feature/UserProfileUpdate/UserProfileUpdateV3Test.php" line="64" assertions="2" time="5.548846"/>
      <testcase name="testUserProfileUpdateAPIV3ByUpdatingGender" class="Tests\Feature\UserProfileUpdate\UserProfileUpdateV3Test" file="/var/www/tests/Feature/UserProfileUpdate/UserProfileUpdateV3Test.php" line="85" assertions="2" time="4.426810"/>
      <testcase name="testUserProfileUpdateAPIV3ByUpdatingAddress" class="Tests\Feature\UserProfileUpdate\UserProfileUpdateV3Test" file="/var/www/tests/Feature/UserProfileUpdate/UserProfileUpdateV3Test.php" line="106" assertions="2" time="5.185567"/>
      <testcase name="testUserProfileUpdateAPIV3ByUpdatingDateOfBirthGender" class="Tests\Feature\UserProfileUpdate\UserProfileUpdateV3Test" file="/var/www/tests/Feature/UserProfileUpdate/UserProfileUpdateV3Test.php" line="127" assertions="2" time="4.921223"/>
      <testcase name="testUserProfileUpdateAPIV3ByUpdatingDateOfBirthName" class="Tests\Feature\UserProfileUpdate\UserProfileUpdateV3Test" file="/var/www/tests/Feature/UserProfileUpdate/UserProfileUpdateV3Test.php" line="149" assertions="2" time="4.601369"/>
      <testcase name="testUserProfileUpdateAPIV3ByUpdatingDateOfBirthGenderName" class="Tests\Feature\UserProfileUpdate\UserProfileUpdateV3Test" file="/var/www/tests/Feature/UserProfileUpdate/UserProfileUpdateV3Test.php" line="171" assertions="2" time="4.257727"/>
      <testcase name="testUserProfileUpdateAPIV3ByUpdatingDateOfBirthEmailGenderName" class="Tests\Feature\UserProfileUpdate\UserProfileUpdateV3Test" file="/var/www/tests/Feature/UserProfileUpdate/UserProfileUpdateV3Test.php" line="194" assertions="2" time="5.904959"/>
      <testcase name="testUserProfileUpdateAPIV3ByUpdatingDateOfBirthEmailGenderNameAddress" class="Tests\Feature\UserProfileUpdate\UserProfileUpdateV3Test" file="/var/www/tests/Feature/UserProfileUpdate/UserProfileUpdateV3Test.php" line="218" assertions="2" time="4.157280"/>
      <testcase name="testUserProfileUpdateAPIV3ByGivingInvalidGender" class="Tests\Feature\UserProfileUpdate\UserProfileUpdateV3Test" file="/var/www/tests/Feature/UserProfileUpdate/UserProfileUpdateV3Test.php" line="243" assertions="2" time="4.968025"/>
      <testcase name="testUserProfileUpdateAPIV3ByGivingInvalidRememberToken" class="Tests\Feature\UserProfileUpdate\UserProfileUpdateV3Test" file="/var/www/tests/Feature/UserProfileUpdate/UserProfileUpdateV3Test.php" line="267" assertions="2" time="4.836935"/>
      <testcase name="testUserProfileUpdateAPIV3ByNotGivingRememberToken" class="Tests\Feature\UserProfileUpdate\UserProfileUpdateV3Test" file="/var/www/tests/Feature/UserProfileUpdate/UserProfileUpdateV3Test.php" line="291" assertions="2" time="4.707656"/>
      <testcase name="testUserProfileUpdateAPIV3ByGivingInvalidCustomerId" class="Tests\Feature\UserProfileUpdate\UserProfileUpdateV3Test" file="/var/www/tests/Feature/UserProfileUpdate/UserProfileUpdateV3Test.php" line="315" assertions="2" time="4.400898"/>
      <testcase name="testUserProfileUpdateAPIV3ByGivingInvalidDateOfBirth" class="Tests\Feature\UserProfileUpdate\UserProfileUpdateV3Test" file="/var/www/tests/Feature/UserProfileUpdate/UserProfileUpdateV3Test.php" line="339" assertions="2" time="5.137308"/>
      <testcase name="testUserProfileUpdateAPIV3ByGivingCharacterInputInDateOfBirth" class="Tests\Feature\UserProfileUpdate\UserProfileUpdateV3Test" file="/var/www/tests/Feature/UserProfileUpdate/UserProfileUpdateV3Test.php" line="365" assertions="2" time="6.095052"/>
      <testcase name="testUserProfileUpdateAPIV3ByGivingInvalidEmail" class="Tests\Feature\UserProfileUpdate\UserProfileUpdateV3Test" file="/var/www/tests/Feature/UserProfileUpdate/UserProfileUpdateV3Test.php" line="391" assertions="2" time="5.282210"/>
      <testcase name="testUserProfileUpdateAPIV3ByGivingInvalidDateOfBirthGenderEmail" class="Tests\Feature\UserProfileUpdate\UserProfileUpdateV3Test" file="/var/www/tests/Feature/UserProfileUpdate/UserProfileUpdateV3Test.php" line="415" assertions="2" time="5.086903"/>
    </testsuite>
  </testsuite>
</testsuites>
