<?xml version="1.0" encoding="UTF-8"?>
<testsuites>
  <testsuite name="Application Test Suite" tests="31" assertions="0" failures="0" errors="31" time="12.066633">
    <testsuite name="Tests\Feature\TopUp\SbusinessSingleTopupTest" file="/var/www/tests/Feature/TopUp/SbusinessSingleTopupTest.php" tests="31" assertions="0" failures="0" errors="31" time="12.066633">
      <testcase name="testSuccessfulBusinessTopupResponse" class="Tests\Feature\TopUp\SbusinessSingleTopupTest" file="/var/www/tests/Feature/TopUp/SbusinessSingleTopupTest.php" line="90" assertions="0" time="1.708753">
        <error type="Illuminate\Database\QueryException">Tests\Feature\TopUp\SbusinessSingleTopupTest::testSuccessfulBusinessTopupResponse
Illuminate\Database\QueryException: SQLSTATE[HY000]: General error: 1812 Tablespace is missing for table `sheba_testing`.`topup_vendor_commissions`. (SQL: truncate `topup_vendor_commissions`)

/var/www/vendor/laravel/framework/src/Illuminate/Database/Connection.php:729
/var/www/vendor/laravel/framework/src/Illuminate/Database/Connection.php:685
/var/www/app/Sheba/Database/Connection.php:68
/var/www/vendor/laravel/framework/src/Illuminate/Database/Query/Builder.php:2213
/var/www/vendor/laravel/framework/src/Illuminate/Database/Eloquent/Builder.php:1426
/var/www/vendor/laravel/framework/src/Illuminate/Database/Eloquent/Model.php:3526
/var/www/vendor/laravel/framework/src/Illuminate/Database/Eloquent/Model.php:3540
/var/www/tests/Feature/FeatureTestCase.php:190
/var/www/tests/Feature/TopUp/SbusinessSingleTopupTest.php:39

Caused by
PDOException: SQLSTATE[HY000]: General error: 1812 Tablespace is missing for table `sheba_testing`.`topup_vendor_commissions`.

/var/www/app/Sheba/Database/Connection.php:67
/var/www/vendor/laravel/framework/src/Illuminate/Database/Connection.php:722
/var/www/vendor/laravel/framework/src/Illuminate/Database/Connection.php:685
/var/www/app/Sheba/Database/Connection.php:68
/var/www/vendor/laravel/framework/src/Illuminate/Database/Query/Builder.php:2213
/var/www/vendor/laravel/framework/src/Illuminate/Database/Eloquent/Builder.php:1426
/var/www/vendor/laravel/framework/src/Illuminate/Database/Eloquent/Model.php:3526
/var/www/vendor/laravel/framework/src/Illuminate/Database/Eloquent/Model.php:3540
/var/www/tests/Feature/FeatureTestCase.php:190
/var/www/tests/Feature/TopUp/SbusinessSingleTopupTest.php:39
</error>
      </testcase>
      <testcase name="testBusinessTopupResponseForInvalidMobileNumber" class="Tests\Feature\TopUp\SbusinessSingleTopupTest" file="/var/www/tests/Feature/TopUp/SbusinessSingleTopupTest.php" line="111" assertions="0" time="0.283162">
        <error type="Illuminate\Database\QueryException">Tests\Feature\TopUp\SbusinessSingleTopupTest::testBusinessTopupResponseForInvalidMobileNumber
Illuminate\Database\QueryException: SQLSTATE[HY000]: General error: 1812 Tablespace is missing for table `sheba_testing`.`topup_vendor_commissions`. (SQL: truncate `topup_vendor_commissions`)

/var/www/vendor/laravel/framework/src/Illuminate/Database/Connection.php:729
/var/www/vendor/laravel/framework/src/Illuminate/Database/Connection.php:685
/var/www/app/Sheba/Database/Connection.php:68
/var/www/vendor/laravel/framework/src/Illuminate/Database/Query/Builder.php:2213
/var/www/vendor/laravel/framework/src/Illuminate/Database/Eloquent/Builder.php:1426
/var/www/vendor/laravel/framework/src/Illuminate/Database/Eloquent/Model.php:3526
/var/www/vendor/laravel/framework/src/Illuminate/Database/Eloquent/Model.php:3540
/var/www/tests/Feature/FeatureTestCase.php:190
/var/www/tests/Feature/TopUp/SbusinessSingleTopupTest.php:39

Caused by
PDOException: SQLSTATE[HY000]: General error: 1812 Tablespace is missing for table `sheba_testing`.`topup_vendor_commissions`.

/var/www/app/Sheba/Database/Connection.php:67
/var/www/vendor/laravel/framework/src/Illuminate/Database/Connection.php:722
/var/www/vendor/laravel/framework/src/Illuminate/Database/Connection.php:685
/var/www/app/Sheba/Database/Connection.php:68
/var/www/vendor/laravel/framework/src/Illuminate/Database/Query/Builder.php:2213
/var/www/vendor/laravel/framework/src/Illuminate/Database/Eloquent/Builder.php:1426
/var/www/vendor/laravel/framework/src/Illuminate/Database/Eloquent/Model.php:3526
/var/www/vendor/laravel/framework/src/Illuminate/Database/Eloquent/Model.php:3540
/var/www/tests/Feature/FeatureTestCase.php:190
/var/www/tests/Feature/TopUp/SbusinessSingleTopupTest.php:39
</error>
      </testcase>
      <testcase name="testBusinessTopupResponseForForeignMobileNumber" class="Tests\Feature\TopUp\SbusinessSingleTopupTest" file="/var/www/tests/Feature/TopUp/SbusinessSingleTopupTest.php" line="132" assertions="0" time="0.279307">
        <error type="Illuminate\Database\QueryException">Tests\Feature\TopUp\SbusinessSingleTopupTest::testBusinessTopupResponseForForeignMobileNumber
Illuminate\Database\QueryException: SQLSTATE[HY000]: General error: 1812 Tablespace is missing for table `sheba_testing`.`topup_vendor_commissions`. (SQL: truncate `topup_vendor_commissions`)

/var/www/vendor/laravel/framework/src/Illuminate/Database/Connection.php:729
/var/www/vendor/laravel/framework/src/Illuminate/Database/Connection.php:685
/var/www/app/Sheba/Database/Connection.php:68
/var/www/vendor/laravel/framework/src/Illuminate/Database/Query/Builder.php:2213
/var/www/vendor/laravel/framework/src/Illuminate/Database/Eloquent/Builder.php:1426
/var/www/vendor/laravel/framework/src/Illuminate/Database/Eloquent/Model.php:3526
/var/www/vendor/laravel/framework/src/Illuminate/Database/Eloquent/Model.php:3540
/var/www/tests/Feature/FeatureTestCase.php:190
/var/www/tests/Feature/TopUp/SbusinessSingleTopupTest.php:39

Caused by
PDOException: SQLSTATE[HY000]: General error: 1812 Tablespace is missing for table `sheba_testing`.`topup_vendor_commissions`.

/var/www/app/Sheba/Database/Connection.php:67
/var/www/vendor/laravel/framework/src/Illuminate/Database/Connection.php:722
/var/www/vendor/laravel/framework/src/Illuminate/Database/Connection.php:685
/var/www/app/Sheba/Database/Connection.php:68
/var/www/vendor/laravel/framework/src/Illuminate/Database/Query/Builder.php:2213
/var/www/vendor/laravel/framework/src/Illuminate/Database/Eloquent/Builder.php:1426
/var/www/vendor/laravel/framework/src/Illuminate/Database/Eloquent/Model.php:3526
/var/www/vendor/laravel/framework/src/Illuminate/Database/Eloquent/Model.php:3540
/var/www/tests/Feature/FeatureTestCase.php:190
/var/www/tests/Feature/TopUp/SbusinessSingleTopupTest.php:39
</error>
      </testcase>
      <testcase name="testBusinessTopupResponseForNullMobileNumber" class="Tests\Feature\TopUp\SbusinessSingleTopupTest" file="/var/www/tests/Feature/TopUp/SbusinessSingleTopupTest.php" line="152" assertions="0" time="0.281423">
        <error type="Illuminate\Database\QueryException">Tests\Feature\TopUp\SbusinessSingleTopupTest::testBusinessTopupResponseForNullMobileNumber
Illuminate\Database\QueryException: SQLSTATE[HY000]: General error: 1812 Tablespace is missing for table `sheba_testing`.`topup_vendor_commissions`. (SQL: truncate `topup_vendor_commissions`)

/var/www/vendor/laravel/framework/src/Illuminate/Database/Connection.php:729
/var/www/vendor/laravel/framework/src/Illuminate/Database/Connection.php:685
/var/www/app/Sheba/Database/Connection.php:68
/var/www/vendor/laravel/framework/src/Illuminate/Database/Query/Builder.php:2213
/var/www/vendor/laravel/framework/src/Illuminate/Database/Eloquent/Builder.php:1426
/var/www/vendor/laravel/framework/src/Illuminate/Database/Eloquent/Model.php:3526
/var/www/vendor/laravel/framework/src/Illuminate/Database/Eloquent/Model.php:3540
/var/www/tests/Feature/FeatureTestCase.php:190
/var/www/tests/Feature/TopUp/SbusinessSingleTopupTest.php:39

Caused by
PDOException: SQLSTATE[HY000]: General error: 1812 Tablespace is missing for table `sheba_testing`.`topup_vendor_commissions`.

/var/www/app/Sheba/Database/Connection.php:67
/var/www/vendor/laravel/framework/src/Illuminate/Database/Connection.php:722
/var/www/vendor/laravel/framework/src/Illuminate/Database/Connection.php:685
/var/www/app/Sheba/Database/Connection.php:68
/var/www/vendor/laravel/framework/src/Illuminate/Database/Query/Builder.php:2213
/var/www/vendor/laravel/framework/src/Illuminate/Database/Eloquent/Builder.php:1426
/var/www/vendor/laravel/framework/src/Illuminate/Database/Eloquent/Model.php:3526
/var/www/vendor/laravel/framework/src/Illuminate/Database/Eloquent/Model.php:3540
/var/www/tests/Feature/FeatureTestCase.php:190
/var/www/tests/Feature/TopUp/SbusinessSingleTopupTest.php:39
</error>
      </testcase>
      <testcase name="testBusinessTopupResponseWithoutlMobileNumber" class="Tests\Feature\TopUp\SbusinessSingleTopupTest" file="/var/www/tests/Feature/TopUp/SbusinessSingleTopupTest.php" line="173" assertions="0" time="0.331211">
        <error type="Illuminate\Database\QueryException">Tests\Feature\TopUp\SbusinessSingleTopupTest::testBusinessTopupResponseWithoutlMobileNumber
Illuminate\Database\QueryException: SQLSTATE[HY000]: General error: 1812 Tablespace is missing for table `sheba_testing`.`topup_vendor_commissions`. (SQL: truncate `topup_vendor_commissions`)

/var/www/vendor/laravel/framework/src/Illuminate/Database/Connection.php:729
/var/www/vendor/laravel/framework/src/Illuminate/Database/Connection.php:685
/var/www/app/Sheba/Database/Connection.php:68
/var/www/vendor/laravel/framework/src/Illuminate/Database/Query/Builder.php:2213
/var/www/vendor/laravel/framework/src/Illuminate/Database/Eloquent/Builder.php:1426
/var/www/vendor/laravel/framework/src/Illuminate/Database/Eloquent/Model.php:3526
/var/www/vendor/laravel/framework/src/Illuminate/Database/Eloquent/Model.php:3540
/var/www/tests/Feature/FeatureTestCase.php:190
/var/www/tests/Feature/TopUp/SbusinessSingleTopupTest.php:39

Caused by
PDOException: SQLSTATE[HY000]: General error: 1812 Tablespace is missing for table `sheba_testing`.`topup_vendor_commissions`.

/var/www/app/Sheba/Database/Connection.php:67
/var/www/vendor/laravel/framework/src/Illuminate/Database/Connection.php:722
/var/www/vendor/laravel/framework/src/Illuminate/Database/Connection.php:685
/var/www/app/Sheba/Database/Connection.php:68
/var/www/vendor/laravel/framework/src/Illuminate/Database/Query/Builder.php:2213
/var/www/vendor/laravel/framework/src/Illuminate/Database/Eloquent/Builder.php:1426
/var/www/vendor/laravel/framework/src/Illuminate/Database/Eloquent/Model.php:3526
/var/www/vendor/laravel/framework/src/Illuminate/Database/Eloquent/Model.php:3540
/var/www/tests/Feature/FeatureTestCase.php:190
/var/www/tests/Feature/TopUp/SbusinessSingleTopupTest.php:39
</error>
      </testcase>
      <testcase name="testBusinessTopupResponseForInvalidVendorID" class="Tests\Feature\TopUp\SbusinessSingleTopupTest" file="/var/www/tests/Feature/TopUp/SbusinessSingleTopupTest.php" line="193" assertions="0" time="0.307346">
        <error type="Illuminate\Database\QueryException">Tests\Feature\TopUp\SbusinessSingleTopupTest::testBusinessTopupResponseForInvalidVendorID
Illuminate\Database\QueryException: SQLSTATE[HY000]: General error: 1812 Tablespace is missing for table `sheba_testing`.`topup_vendor_commissions`. (SQL: truncate `topup_vendor_commissions`)

/var/www/vendor/laravel/framework/src/Illuminate/Database/Connection.php:729
/var/www/vendor/laravel/framework/src/Illuminate/Database/Connection.php:685
/var/www/app/Sheba/Database/Connection.php:68
/var/www/vendor/laravel/framework/src/Illuminate/Database/Query/Builder.php:2213
/var/www/vendor/laravel/framework/src/Illuminate/Database/Eloquent/Builder.php:1426
/var/www/vendor/laravel/framework/src/Illuminate/Database/Eloquent/Model.php:3526
/var/www/vendor/laravel/framework/src/Illuminate/Database/Eloquent/Model.php:3540
/var/www/tests/Feature/FeatureTestCase.php:190
/var/www/tests/Feature/TopUp/SbusinessSingleTopupTest.php:39

Caused by
PDOException: SQLSTATE[HY000]: General error: 1812 Tablespace is missing for table `sheba_testing`.`topup_vendor_commissions`.

/var/www/app/Sheba/Database/Connection.php:67
/var/www/vendor/laravel/framework/src/Illuminate/Database/Connection.php:722
/var/www/vendor/laravel/framework/src/Illuminate/Database/Connection.php:685
/var/www/app/Sheba/Database/Connection.php:68
/var/www/vendor/laravel/framework/src/Illuminate/Database/Query/Builder.php:2213
/var/www/vendor/laravel/framework/src/Illuminate/Database/Eloquent/Builder.php:1426
/var/www/vendor/laravel/framework/src/Illuminate/Database/Eloquent/Model.php:3526
/var/www/vendor/laravel/framework/src/Illuminate/Database/Eloquent/Model.php:3540
/var/www/tests/Feature/FeatureTestCase.php:190
/var/www/tests/Feature/TopUp/SbusinessSingleTopupTest.php:39
</error>
      </testcase>
      <testcase name="testBusinessTopupResponseForNullVendorID" class="Tests\Feature\TopUp\SbusinessSingleTopupTest" file="/var/www/tests/Feature/TopUp/SbusinessSingleTopupTest.php" line="213" assertions="0" time="0.287674">
        <error type="Illuminate\Database\QueryException">Tests\Feature\TopUp\SbusinessSingleTopupTest::testBusinessTopupResponseForNullVendorID
Illuminate\Database\QueryException: SQLSTATE[HY000]: General error: 1812 Tablespace is missing for table `sheba_testing`.`topup_vendor_commissions`. (SQL: truncate `topup_vendor_commissions`)

/var/www/vendor/laravel/framework/src/Illuminate/Database/Connection.php:729
/var/www/vendor/laravel/framework/src/Illuminate/Database/Connection.php:685
/var/www/app/Sheba/Database/Connection.php:68
/var/www/vendor/laravel/framework/src/Illuminate/Database/Query/Builder.php:2213
/var/www/vendor/laravel/framework/src/Illuminate/Database/Eloquent/Builder.php:1426
/var/www/vendor/laravel/framework/src/Illuminate/Database/Eloquent/Model.php:3526
/var/www/vendor/laravel/framework/src/Illuminate/Database/Eloquent/Model.php:3540
/var/www/tests/Feature/FeatureTestCase.php:190
/var/www/tests/Feature/TopUp/SbusinessSingleTopupTest.php:39

Caused by
PDOException: SQLSTATE[HY000]: General error: 1812 Tablespace is missing for table `sheba_testing`.`topup_vendor_commissions`.

/var/www/app/Sheba/Database/Connection.php:67
/var/www/vendor/laravel/framework/src/Illuminate/Database/Connection.php:722
/var/www/vendor/laravel/framework/src/Illuminate/Database/Connection.php:685
/var/www/app/Sheba/Database/Connection.php:68
/var/www/vendor/laravel/framework/src/Illuminate/Database/Query/Builder.php:2213
/var/www/vendor/laravel/framework/src/Illuminate/Database/Eloquent/Builder.php:1426
/var/www/vendor/laravel/framework/src/Illuminate/Database/Eloquent/Model.php:3526
/var/www/vendor/laravel/framework/src/Illuminate/Database/Eloquent/Model.php:3540
/var/www/tests/Feature/FeatureTestCase.php:190
/var/www/tests/Feature/TopUp/SbusinessSingleTopupTest.php:39
</error>
      </testcase>
      <testcase name="testBusinessTopupResponseWithoutVendorID" class="Tests\Feature\TopUp\SbusinessSingleTopupTest" file="/var/www/tests/Feature/TopUp/SbusinessSingleTopupTest.php" line="233" assertions="0" time="0.266838">
        <error type="Illuminate\Database\QueryException">Tests\Feature\TopUp\SbusinessSingleTopupTest::testBusinessTopupResponseWithoutVendorID
Illuminate\Database\QueryException: SQLSTATE[HY000]: General error: 1812 Tablespace is missing for table `sheba_testing`.`topup_vendor_commissions`. (SQL: truncate `topup_vendor_commissions`)

/var/www/vendor/laravel/framework/src/Illuminate/Database/Connection.php:729
/var/www/vendor/laravel/framework/src/Illuminate/Database/Connection.php:685
/var/www/app/Sheba/Database/Connection.php:68
/var/www/vendor/laravel/framework/src/Illuminate/Database/Query/Builder.php:2213
/var/www/vendor/laravel/framework/src/Illuminate/Database/Eloquent/Builder.php:1426
/var/www/vendor/laravel/framework/src/Illuminate/Database/Eloquent/Model.php:3526
/var/www/vendor/laravel/framework/src/Illuminate/Database/Eloquent/Model.php:3540
/var/www/tests/Feature/FeatureTestCase.php:190
/var/www/tests/Feature/TopUp/SbusinessSingleTopupTest.php:39

Caused by
PDOException: SQLSTATE[HY000]: General error: 1812 Tablespace is missing for table `sheba_testing`.`topup_vendor_commissions`.

/var/www/app/Sheba/Database/Connection.php:67
/var/www/vendor/laravel/framework/src/Illuminate/Database/Connection.php:722
/var/www/vendor/laravel/framework/src/Illuminate/Database/Connection.php:685
/var/www/app/Sheba/Database/Connection.php:68
/var/www/vendor/laravel/framework/src/Illuminate/Database/Query/Builder.php:2213
/var/www/vendor/laravel/framework/src/Illuminate/Database/Eloquent/Builder.php:1426
/var/www/vendor/laravel/framework/src/Illuminate/Database/Eloquent/Model.php:3526
/var/www/vendor/laravel/framework/src/Illuminate/Database/Eloquent/Model.php:3540
/var/www/tests/Feature/FeatureTestCase.php:190
/var/www/tests/Feature/TopUp/SbusinessSingleTopupTest.php:39
</error>
      </testcase>
      <testcase name="testBusinessTopupResponseWithNullConnection" class="Tests\Feature\TopUp\SbusinessSingleTopupTest" file="/var/www/tests/Feature/TopUp/SbusinessSingleTopupTest.php" line="252" assertions="0" time="0.320477">
        <error type="Illuminate\Database\QueryException">Tests\Feature\TopUp\SbusinessSingleTopupTest::testBusinessTopupResponseWithNullConnection
Illuminate\Database\QueryException: SQLSTATE[HY000]: General error: 1812 Tablespace is missing for table `sheba_testing`.`topup_vendor_commissions`. (SQL: truncate `topup_vendor_commissions`)

/var/www/vendor/laravel/framework/src/Illuminate/Database/Connection.php:729
/var/www/vendor/laravel/framework/src/Illuminate/Database/Connection.php:685
/var/www/app/Sheba/Database/Connection.php:68
/var/www/vendor/laravel/framework/src/Illuminate/Database/Query/Builder.php:2213
/var/www/vendor/laravel/framework/src/Illuminate/Database/Eloquent/Builder.php:1426
/var/www/vendor/laravel/framework/src/Illuminate/Database/Eloquent/Model.php:3526
/var/www/vendor/laravel/framework/src/Illuminate/Database/Eloquent/Model.php:3540
/var/www/tests/Feature/FeatureTestCase.php:190
/var/www/tests/Feature/TopUp/SbusinessSingleTopupTest.php:39

Caused by
PDOException: SQLSTATE[HY000]: General error: 1812 Tablespace is missing for table `sheba_testing`.`topup_vendor_commissions`.

/var/www/app/Sheba/Database/Connection.php:67
/var/www/vendor/laravel/framework/src/Illuminate/Database/Connection.php:722
/var/www/vendor/laravel/framework/src/Illuminate/Database/Connection.php:685
/var/www/app/Sheba/Database/Connection.php:68
/var/www/vendor/laravel/framework/src/Illuminate/Database/Query/Builder.php:2213
/var/www/vendor/laravel/framework/src/Illuminate/Database/Eloquent/Builder.php:1426
/var/www/vendor/laravel/framework/src/Illuminate/Database/Eloquent/Model.php:3526
/var/www/vendor/laravel/framework/src/Illuminate/Database/Eloquent/Model.php:3540
/var/www/tests/Feature/FeatureTestCase.php:190
/var/www/tests/Feature/TopUp/SbusinessSingleTopupTest.php:39
</error>
      </testcase>
      <testcase name="testBusinessTopupResponseWithoutConnectionType" class="Tests\Feature\TopUp\SbusinessSingleTopupTest" file="/var/www/tests/Feature/TopUp/SbusinessSingleTopupTest.php" line="271" assertions="0" time="0.297767">
        <error type="Illuminate\Database\QueryException">Tests\Feature\TopUp\SbusinessSingleTopupTest::testBusinessTopupResponseWithoutConnectionType
Illuminate\Database\QueryException: SQLSTATE[HY000]: General error: 1812 Tablespace is missing for table `sheba_testing`.`topup_vendor_commissions`. (SQL: truncate `topup_vendor_commissions`)

/var/www/vendor/laravel/framework/src/Illuminate/Database/Connection.php:729
/var/www/vendor/laravel/framework/src/Illuminate/Database/Connection.php:685
/var/www/app/Sheba/Database/Connection.php:68
/var/www/vendor/laravel/framework/src/Illuminate/Database/Query/Builder.php:2213
/var/www/vendor/laravel/framework/src/Illuminate/Database/Eloquent/Builder.php:1426
/var/www/vendor/laravel/framework/src/Illuminate/Database/Eloquent/Model.php:3526
/var/www/vendor/laravel/framework/src/Illuminate/Database/Eloquent/Model.php:3540
/var/www/tests/Feature/FeatureTestCase.php:190
/var/www/tests/Feature/TopUp/SbusinessSingleTopupTest.php:39

Caused by
PDOException: SQLSTATE[HY000]: General error: 1812 Tablespace is missing for table `sheba_testing`.`topup_vendor_commissions`.

/var/www/app/Sheba/Database/Connection.php:67
/var/www/vendor/laravel/framework/src/Illuminate/Database/Connection.php:722
/var/www/vendor/laravel/framework/src/Illuminate/Database/Connection.php:685
/var/www/app/Sheba/Database/Connection.php:68
/var/www/vendor/laravel/framework/src/Illuminate/Database/Query/Builder.php:2213
/var/www/vendor/laravel/framework/src/Illuminate/Database/Eloquent/Builder.php:1426
/var/www/vendor/laravel/framework/src/Illuminate/Database/Eloquent/Model.php:3526
/var/www/vendor/laravel/framework/src/Illuminate/Database/Eloquent/Model.php:3540
/var/www/tests/Feature/FeatureTestCase.php:190
/var/www/tests/Feature/TopUp/SbusinessSingleTopupTest.php:39
</error>
      </testcase>
      <testcase name="testBusinessTopupResponseWithNullAmount" class="Tests\Feature\TopUp\SbusinessSingleTopupTest" file="/var/www/tests/Feature/TopUp/SbusinessSingleTopupTest.php" line="290" assertions="0" time="0.307422">
        <error type="Illuminate\Database\QueryException">Tests\Feature\TopUp\SbusinessSingleTopupTest::testBusinessTopupResponseWithNullAmount
Illuminate\Database\QueryException: SQLSTATE[HY000]: General error: 1812 Tablespace is missing for table `sheba_testing`.`topup_vendor_commissions`. (SQL: truncate `topup_vendor_commissions`)

/var/www/vendor/laravel/framework/src/Illuminate/Database/Connection.php:729
/var/www/vendor/laravel/framework/src/Illuminate/Database/Connection.php:685
/var/www/app/Sheba/Database/Connection.php:68
/var/www/vendor/laravel/framework/src/Illuminate/Database/Query/Builder.php:2213
/var/www/vendor/laravel/framework/src/Illuminate/Database/Eloquent/Builder.php:1426
/var/www/vendor/laravel/framework/src/Illuminate/Database/Eloquent/Model.php:3526
/var/www/vendor/laravel/framework/src/Illuminate/Database/Eloquent/Model.php:3540
/var/www/tests/Feature/FeatureTestCase.php:190
/var/www/tests/Feature/TopUp/SbusinessSingleTopupTest.php:39

Caused by
PDOException: SQLSTATE[HY000]: General error: 1812 Tablespace is missing for table `sheba_testing`.`topup_vendor_commissions`.

/var/www/app/Sheba/Database/Connection.php:67
/var/www/vendor/laravel/framework/src/Illuminate/Database/Connection.php:722
/var/www/vendor/laravel/framework/src/Illuminate/Database/Connection.php:685
/var/www/app/Sheba/Database/Connection.php:68
/var/www/vendor/laravel/framework/src/Illuminate/Database/Query/Builder.php:2213
/var/www/vendor/laravel/framework/src/Illuminate/Database/Eloquent/Builder.php:1426
/var/www/vendor/laravel/framework/src/Illuminate/Database/Eloquent/Model.php:3526
/var/www/vendor/laravel/framework/src/Illuminate/Database/Eloquent/Model.php:3540
/var/www/tests/Feature/FeatureTestCase.php:190
/var/www/tests/Feature/TopUp/SbusinessSingleTopupTest.php:39
</error>
      </testcase>
      <testcase name="testBusinessTopupResponseWithoutAmount" class="Tests\Feature\TopUp\SbusinessSingleTopupTest" file="/var/www/tests/Feature/TopUp/SbusinessSingleTopupTest.php" line="309" assertions="0" time="0.302138">
        <error type="Illuminate\Database\QueryException">Tests\Feature\TopUp\SbusinessSingleTopupTest::testBusinessTopupResponseWithoutAmount
Illuminate\Database\QueryException: SQLSTATE[HY000]: General error: 1812 Tablespace is missing for table `sheba_testing`.`topup_vendor_commissions`. (SQL: truncate `topup_vendor_commissions`)

/var/www/vendor/laravel/framework/src/Illuminate/Database/Connection.php:729
/var/www/vendor/laravel/framework/src/Illuminate/Database/Connection.php:685
/var/www/app/Sheba/Database/Connection.php:68
/var/www/vendor/laravel/framework/src/Illuminate/Database/Query/Builder.php:2213
/var/www/vendor/laravel/framework/src/Illuminate/Database/Eloquent/Builder.php:1426
/var/www/vendor/laravel/framework/src/Illuminate/Database/Eloquent/Model.php:3526
/var/www/vendor/laravel/framework/src/Illuminate/Database/Eloquent/Model.php:3540
/var/www/tests/Feature/FeatureTestCase.php:190
/var/www/tests/Feature/TopUp/SbusinessSingleTopupTest.php:39

Caused by
PDOException: SQLSTATE[HY000]: General error: 1812 Tablespace is missing for table `sheba_testing`.`topup_vendor_commissions`.

/var/www/app/Sheba/Database/Connection.php:67
/var/www/vendor/laravel/framework/src/Illuminate/Database/Connection.php:722
/var/www/vendor/laravel/framework/src/Illuminate/Database/Connection.php:685
/var/www/app/Sheba/Database/Connection.php:68
/var/www/vendor/laravel/framework/src/Illuminate/Database/Query/Builder.php:2213
/var/www/vendor/laravel/framework/src/Illuminate/Database/Eloquent/Builder.php:1426
/var/www/vendor/laravel/framework/src/Illuminate/Database/Eloquent/Model.php:3526
/var/www/vendor/laravel/framework/src/Illuminate/Database/Eloquent/Model.php:3540
/var/www/tests/Feature/FeatureTestCase.php:190
/var/www/tests/Feature/TopUp/SbusinessSingleTopupTest.php:39
</error>
      </testcase>
      <testcase name="testBusinessTopupResponseWithNullPassword" class="Tests\Feature\TopUp\SbusinessSingleTopupTest" file="/var/www/tests/Feature/TopUp/SbusinessSingleTopupTest.php" line="328" assertions="0" time="0.296777">
        <error type="Illuminate\Database\QueryException">Tests\Feature\TopUp\SbusinessSingleTopupTest::testBusinessTopupResponseWithNullPassword
Illuminate\Database\QueryException: SQLSTATE[HY000]: General error: 1812 Tablespace is missing for table `sheba_testing`.`topup_vendor_commissions`. (SQL: truncate `topup_vendor_commissions`)

/var/www/vendor/laravel/framework/src/Illuminate/Database/Connection.php:729
/var/www/vendor/laravel/framework/src/Illuminate/Database/Connection.php:685
/var/www/app/Sheba/Database/Connection.php:68
/var/www/vendor/laravel/framework/src/Illuminate/Database/Query/Builder.php:2213
/var/www/vendor/laravel/framework/src/Illuminate/Database/Eloquent/Builder.php:1426
/var/www/vendor/laravel/framework/src/Illuminate/Database/Eloquent/Model.php:3526
/var/www/vendor/laravel/framework/src/Illuminate/Database/Eloquent/Model.php:3540
/var/www/tests/Feature/FeatureTestCase.php:190
/var/www/tests/Feature/TopUp/SbusinessSingleTopupTest.php:39

Caused by
PDOException: SQLSTATE[HY000]: General error: 1812 Tablespace is missing for table `sheba_testing`.`topup_vendor_commissions`.

/var/www/app/Sheba/Database/Connection.php:67
/var/www/vendor/laravel/framework/src/Illuminate/Database/Connection.php:722
/var/www/vendor/laravel/framework/src/Illuminate/Database/Connection.php:685
/var/www/app/Sheba/Database/Connection.php:68
/var/www/vendor/laravel/framework/src/Illuminate/Database/Query/Builder.php:2213
/var/www/vendor/laravel/framework/src/Illuminate/Database/Eloquent/Builder.php:1426
/var/www/vendor/laravel/framework/src/Illuminate/Database/Eloquent/Model.php:3526
/var/www/vendor/laravel/framework/src/Illuminate/Database/Eloquent/Model.php:3540
/var/www/tests/Feature/FeatureTestCase.php:190
/var/www/tests/Feature/TopUp/SbusinessSingleTopupTest.php:39
</error>
      </testcase>
      <testcase name="testBusinessTopupResponseWithoutPassword" class="Tests\Feature\TopUp\SbusinessSingleTopupTest" file="/var/www/tests/Feature/TopUp/SbusinessSingleTopupTest.php" line="348" assertions="0" time="0.304753">
        <error type="Illuminate\Database\QueryException">Tests\Feature\TopUp\SbusinessSingleTopupTest::testBusinessTopupResponseWithoutPassword
Illuminate\Database\QueryException: SQLSTATE[HY000]: General error: 1812 Tablespace is missing for table `sheba_testing`.`topup_vendor_commissions`. (SQL: truncate `topup_vendor_commissions`)

/var/www/vendor/laravel/framework/src/Illuminate/Database/Connection.php:729
/var/www/vendor/laravel/framework/src/Illuminate/Database/Connection.php:685
/var/www/app/Sheba/Database/Connection.php:68
/var/www/vendor/laravel/framework/src/Illuminate/Database/Query/Builder.php:2213
/var/www/vendor/laravel/framework/src/Illuminate/Database/Eloquent/Builder.php:1426
/var/www/vendor/laravel/framework/src/Illuminate/Database/Eloquent/Model.php:3526
/var/www/vendor/laravel/framework/src/Illuminate/Database/Eloquent/Model.php:3540
/var/www/tests/Feature/FeatureTestCase.php:190
/var/www/tests/Feature/TopUp/SbusinessSingleTopupTest.php:39

Caused by
PDOException: SQLSTATE[HY000]: General error: 1812 Tablespace is missing for table `sheba_testing`.`topup_vendor_commissions`.

/var/www/app/Sheba/Database/Connection.php:67
/var/www/vendor/laravel/framework/src/Illuminate/Database/Connection.php:722
/var/www/vendor/laravel/framework/src/Illuminate/Database/Connection.php:685
/var/www/app/Sheba/Database/Connection.php:68
/var/www/vendor/laravel/framework/src/Illuminate/Database/Query/Builder.php:2213
/var/www/vendor/laravel/framework/src/Illuminate/Database/Eloquent/Builder.php:1426
/var/www/vendor/laravel/framework/src/Illuminate/Database/Eloquent/Model.php:3526
/var/www/vendor/laravel/framework/src/Illuminate/Database/Eloquent/Model.php:3540
/var/www/tests/Feature/FeatureTestCase.php:190
/var/www/tests/Feature/TopUp/SbusinessSingleTopupTest.php:39
</error>
      </testcase>
      <testcase name="testBusinessTopupResponseWithUnverifiedEmailUser" class="Tests\Feature\TopUp\SbusinessSingleTopupTest" file="/var/www/tests/Feature/TopUp/SbusinessSingleTopupTest.php" line="373" assertions="0" time="0.318655">
        <error type="Illuminate\Database\QueryException">Tests\Feature\TopUp\SbusinessSingleTopupTest::testBusinessTopupResponseWithUnverifiedEmailUser
Illuminate\Database\QueryException: SQLSTATE[HY000]: General error: 1812 Tablespace is missing for table `sheba_testing`.`topup_vendor_commissions`. (SQL: truncate `topup_vendor_commissions`)

/var/www/vendor/laravel/framework/src/Illuminate/Database/Connection.php:729
/var/www/vendor/laravel/framework/src/Illuminate/Database/Connection.php:685
/var/www/app/Sheba/Database/Connection.php:68
/var/www/vendor/laravel/framework/src/Illuminate/Database/Query/Builder.php:2213
/var/www/vendor/laravel/framework/src/Illuminate/Database/Eloquent/Builder.php:1426
/var/www/vendor/laravel/framework/src/Illuminate/Database/Eloquent/Model.php:3526
/var/www/vendor/laravel/framework/src/Illuminate/Database/Eloquent/Model.php:3540
/var/www/tests/Feature/FeatureTestCase.php:190
/var/www/tests/Feature/TopUp/SbusinessSingleTopupTest.php:39

Caused by
PDOException: SQLSTATE[HY000]: General error: 1812 Tablespace is missing for table `sheba_testing`.`topup_vendor_commissions`.

/var/www/app/Sheba/Database/Connection.php:67
/var/www/vendor/laravel/framework/src/Illuminate/Database/Connection.php:722
/var/www/vendor/laravel/framework/src/Illuminate/Database/Connection.php:685
/var/www/app/Sheba/Database/Connection.php:68
/var/www/vendor/laravel/framework/src/Illuminate/Database/Query/Builder.php:2213
/var/www/vendor/laravel/framework/src/Illuminate/Database/Eloquent/Builder.php:1426
/var/www/vendor/laravel/framework/src/Illuminate/Database/Eloquent/Model.php:3526
/var/www/vendor/laravel/framework/src/Illuminate/Database/Eloquent/Model.php:3540
/var/www/tests/Feature/FeatureTestCase.php:190
/var/www/tests/Feature/TopUp/SbusinessSingleTopupTest.php:39
</error>
      </testcase>
      <testcase name="testBusinessTopupResponseWithinsufficientBalance" class="Tests\Feature\TopUp\SbusinessSingleTopupTest" file="/var/www/tests/Feature/TopUp/SbusinessSingleTopupTest.php" line="396" assertions="0" time="0.304786">
        <error type="Illuminate\Database\QueryException">Tests\Feature\TopUp\SbusinessSingleTopupTest::testBusinessTopupResponseWithinsufficientBalance
Illuminate\Database\QueryException: SQLSTATE[HY000]: General error: 1812 Tablespace is missing for table `sheba_testing`.`topup_vendor_commissions`. (SQL: truncate `topup_vendor_commissions`)

/var/www/vendor/laravel/framework/src/Illuminate/Database/Connection.php:729
/var/www/vendor/laravel/framework/src/Illuminate/Database/Connection.php:685
/var/www/app/Sheba/Database/Connection.php:68
/var/www/vendor/laravel/framework/src/Illuminate/Database/Query/Builder.php:2213
/var/www/vendor/laravel/framework/src/Illuminate/Database/Eloquent/Builder.php:1426
/var/www/vendor/laravel/framework/src/Illuminate/Database/Eloquent/Model.php:3526
/var/www/vendor/laravel/framework/src/Illuminate/Database/Eloquent/Model.php:3540
/var/www/tests/Feature/FeatureTestCase.php:190
/var/www/tests/Feature/TopUp/SbusinessSingleTopupTest.php:39

Caused by
PDOException: SQLSTATE[HY000]: General error: 1812 Tablespace is missing for table `sheba_testing`.`topup_vendor_commissions`.

/var/www/app/Sheba/Database/Connection.php:67
/var/www/vendor/laravel/framework/src/Illuminate/Database/Connection.php:722
/var/www/vendor/laravel/framework/src/Illuminate/Database/Connection.php:685
/var/www/app/Sheba/Database/Connection.php:68
/var/www/vendor/laravel/framework/src/Illuminate/Database/Query/Builder.php:2213
/var/www/vendor/laravel/framework/src/Illuminate/Database/Eloquent/Builder.php:1426
/var/www/vendor/laravel/framework/src/Illuminate/Database/Eloquent/Model.php:3526
/var/www/vendor/laravel/framework/src/Illuminate/Database/Eloquent/Model.php:3540
/var/www/tests/Feature/FeatureTestCase.php:190
/var/www/tests/Feature/TopUp/SbusinessSingleTopupTest.php:39
</error>
      </testcase>
      <testcase name="testBusinessTopupSessionoutResponse" class="Tests\Feature\TopUp\SbusinessSingleTopupTest" file="/var/www/tests/Feature/TopUp/SbusinessSingleTopupTest.php" line="414" assertions="0" time="0.312024">
        <error type="Illuminate\Database\QueryException">Tests\Feature\TopUp\SbusinessSingleTopupTest::testBusinessTopupSessionoutResponse
Illuminate\Database\QueryException: SQLSTATE[HY000]: General error: 1812 Tablespace is missing for table `sheba_testing`.`topup_vendor_commissions`. (SQL: truncate `topup_vendor_commissions`)

/var/www/vendor/laravel/framework/src/Illuminate/Database/Connection.php:729
/var/www/vendor/laravel/framework/src/Illuminate/Database/Connection.php:685
/var/www/app/Sheba/Database/Connection.php:68
/var/www/vendor/laravel/framework/src/Illuminate/Database/Query/Builder.php:2213
/var/www/vendor/laravel/framework/src/Illuminate/Database/Eloquent/Builder.php:1426
/var/www/vendor/laravel/framework/src/Illuminate/Database/Eloquent/Model.php:3526
/var/www/vendor/laravel/framework/src/Illuminate/Database/Eloquent/Model.php:3540
/var/www/tests/Feature/FeatureTestCase.php:190
/var/www/tests/Feature/TopUp/SbusinessSingleTopupTest.php:39

Caused by
PDOException: SQLSTATE[HY000]: General error: 1812 Tablespace is missing for table `sheba_testing`.`topup_vendor_commissions`.

/var/www/app/Sheba/Database/Connection.php:67
/var/www/vendor/laravel/framework/src/Illuminate/Database/Connection.php:722
/var/www/vendor/laravel/framework/src/Illuminate/Database/Connection.php:685
/var/www/app/Sheba/Database/Connection.php:68
/var/www/vendor/laravel/framework/src/Illuminate/Database/Query/Builder.php:2213
/var/www/vendor/laravel/framework/src/Illuminate/Database/Eloquent/Builder.php:1426
/var/www/vendor/laravel/framework/src/Illuminate/Database/Eloquent/Model.php:3526
/var/www/vendor/laravel/framework/src/Illuminate/Database/Eloquent/Model.php:3540
/var/www/tests/Feature/FeatureTestCase.php:190
/var/www/tests/Feature/TopUp/SbusinessSingleTopupTest.php:39
</error>
      </testcase>
      <testcase name="testBusinessTopupBlacklistNumberResponse" class="Tests\Feature\TopUp\SbusinessSingleTopupTest" file="/var/www/tests/Feature/TopUp/SbusinessSingleTopupTest.php" line="434" assertions="0" time="0.321377">
        <error type="Illuminate\Database\QueryException">Tests\Feature\TopUp\SbusinessSingleTopupTest::testBusinessTopupBlacklistNumberResponse
Illuminate\Database\QueryException: SQLSTATE[HY000]: General error: 1812 Tablespace is missing for table `sheba_testing`.`topup_vendor_commissions`. (SQL: truncate `topup_vendor_commissions`)

/var/www/vendor/laravel/framework/src/Illuminate/Database/Connection.php:729
/var/www/vendor/laravel/framework/src/Illuminate/Database/Connection.php:685
/var/www/app/Sheba/Database/Connection.php:68
/var/www/vendor/laravel/framework/src/Illuminate/Database/Query/Builder.php:2213
/var/www/vendor/laravel/framework/src/Illuminate/Database/Eloquent/Builder.php:1426
/var/www/vendor/laravel/framework/src/Illuminate/Database/Eloquent/Model.php:3526
/var/www/vendor/laravel/framework/src/Illuminate/Database/Eloquent/Model.php:3540
/var/www/tests/Feature/FeatureTestCase.php:190
/var/www/tests/Feature/TopUp/SbusinessSingleTopupTest.php:39

Caused by
PDOException: SQLSTATE[HY000]: General error: 1812 Tablespace is missing for table `sheba_testing`.`topup_vendor_commissions`.

/var/www/app/Sheba/Database/Connection.php:67
/var/www/vendor/laravel/framework/src/Illuminate/Database/Connection.php:722
/var/www/vendor/laravel/framework/src/Illuminate/Database/Connection.php:685
/var/www/app/Sheba/Database/Connection.php:68
/var/www/vendor/laravel/framework/src/Illuminate/Database/Query/Builder.php:2213
/var/www/vendor/laravel/framework/src/Illuminate/Database/Eloquent/Builder.php:1426
/var/www/vendor/laravel/framework/src/Illuminate/Database/Eloquent/Model.php:3526
/var/www/vendor/laravel/framework/src/Illuminate/Database/Eloquent/Model.php:3540
/var/www/tests/Feature/FeatureTestCase.php:190
/var/www/tests/Feature/TopUp/SbusinessSingleTopupTest.php:39
</error>
      </testcase>
      <testcase name="testBusinessTopupMinimumAmountResponse" class="Tests\Feature\TopUp\SbusinessSingleTopupTest" file="/var/www/tests/Feature/TopUp/SbusinessSingleTopupTest.php" line="454" assertions="0" time="0.327173">
        <error type="Illuminate\Database\QueryException">Tests\Feature\TopUp\SbusinessSingleTopupTest::testBusinessTopupMinimumAmountResponse
Illuminate\Database\QueryException: SQLSTATE[HY000]: General error: 1812 Tablespace is missing for table `sheba_testing`.`topup_vendor_commissions`. (SQL: truncate `topup_vendor_commissions`)

/var/www/vendor/laravel/framework/src/Illuminate/Database/Connection.php:729
/var/www/vendor/laravel/framework/src/Illuminate/Database/Connection.php:685
/var/www/app/Sheba/Database/Connection.php:68
/var/www/vendor/laravel/framework/src/Illuminate/Database/Query/Builder.php:2213
/var/www/vendor/laravel/framework/src/Illuminate/Database/Eloquent/Builder.php:1426
/var/www/vendor/laravel/framework/src/Illuminate/Database/Eloquent/Model.php:3526
/var/www/vendor/laravel/framework/src/Illuminate/Database/Eloquent/Model.php:3540
/var/www/tests/Feature/FeatureTestCase.php:190
/var/www/tests/Feature/TopUp/SbusinessSingleTopupTest.php:39

Caused by
PDOException: SQLSTATE[HY000]: General error: 1812 Tablespace is missing for table `sheba_testing`.`topup_vendor_commissions`.

/var/www/app/Sheba/Database/Connection.php:67
/var/www/vendor/laravel/framework/src/Illuminate/Database/Connection.php:722
/var/www/vendor/laravel/framework/src/Illuminate/Database/Connection.php:685
/var/www/app/Sheba/Database/Connection.php:68
/var/www/vendor/laravel/framework/src/Illuminate/Database/Query/Builder.php:2213
/var/www/vendor/laravel/framework/src/Illuminate/Database/Eloquent/Builder.php:1426
/var/www/vendor/laravel/framework/src/Illuminate/Database/Eloquent/Model.php:3526
/var/www/vendor/laravel/framework/src/Illuminate/Database/Eloquent/Model.php:3540
/var/www/tests/Feature/FeatureTestCase.php:190
/var/www/tests/Feature/TopUp/SbusinessSingleTopupTest.php:39
</error>
      </testcase>
      <testcase name="testBusinessTopupMaximumAmountResponse" class="Tests\Feature\TopUp\SbusinessSingleTopupTest" file="/var/www/tests/Feature/TopUp/SbusinessSingleTopupTest.php" line="474" assertions="0" time="0.315246">
        <error type="Illuminate\Database\QueryException">Tests\Feature\TopUp\SbusinessSingleTopupTest::testBusinessTopupMaximumAmountResponse
Illuminate\Database\QueryException: SQLSTATE[HY000]: General error: 1812 Tablespace is missing for table `sheba_testing`.`topup_vendor_commissions`. (SQL: truncate `topup_vendor_commissions`)

/var/www/vendor/laravel/framework/src/Illuminate/Database/Connection.php:729
/var/www/vendor/laravel/framework/src/Illuminate/Database/Connection.php:685
/var/www/app/Sheba/Database/Connection.php:68
/var/www/vendor/laravel/framework/src/Illuminate/Database/Query/Builder.php:2213
/var/www/vendor/laravel/framework/src/Illuminate/Database/Eloquent/Builder.php:1426
/var/www/vendor/laravel/framework/src/Illuminate/Database/Eloquent/Model.php:3526
/var/www/vendor/laravel/framework/src/Illuminate/Database/Eloquent/Model.php:3540
/var/www/tests/Feature/FeatureTestCase.php:190
/var/www/tests/Feature/TopUp/SbusinessSingleTopupTest.php:39

Caused by
PDOException: SQLSTATE[HY000]: General error: 1812 Tablespace is missing for table `sheba_testing`.`topup_vendor_commissions`.

/var/www/app/Sheba/Database/Connection.php:67
/var/www/vendor/laravel/framework/src/Illuminate/Database/Connection.php:722
/var/www/vendor/laravel/framework/src/Illuminate/Database/Connection.php:685
/var/www/app/Sheba/Database/Connection.php:68
/var/www/vendor/laravel/framework/src/Illuminate/Database/Query/Builder.php:2213
/var/www/vendor/laravel/framework/src/Illuminate/Database/Eloquent/Builder.php:1426
/var/www/vendor/laravel/framework/src/Illuminate/Database/Eloquent/Model.php:3526
/var/www/vendor/laravel/framework/src/Illuminate/Database/Eloquent/Model.php:3540
/var/www/tests/Feature/FeatureTestCase.php:190
/var/www/tests/Feature/TopUp/SbusinessSingleTopupTest.php:39
</error>
      </testcase>
      <testcase name="testBusinessTopupPrepaidMaxLimitResponse" class="Tests\Feature\TopUp\SbusinessSingleTopupTest" file="/var/www/tests/Feature/TopUp/SbusinessSingleTopupTest.php" line="498" assertions="0" time="0.362718">
        <error type="Illuminate\Database\QueryException">Tests\Feature\TopUp\SbusinessSingleTopupTest::testBusinessTopupPrepaidMaxLimitResponse
Illuminate\Database\QueryException: SQLSTATE[HY000]: General error: 1812 Tablespace is missing for table `sheba_testing`.`topup_vendor_commissions`. (SQL: truncate `topup_vendor_commissions`)

/var/www/vendor/laravel/framework/src/Illuminate/Database/Connection.php:729
/var/www/vendor/laravel/framework/src/Illuminate/Database/Connection.php:685
/var/www/app/Sheba/Database/Connection.php:68
/var/www/vendor/laravel/framework/src/Illuminate/Database/Query/Builder.php:2213
/var/www/vendor/laravel/framework/src/Illuminate/Database/Eloquent/Builder.php:1426
/var/www/vendor/laravel/framework/src/Illuminate/Database/Eloquent/Model.php:3526
/var/www/vendor/laravel/framework/src/Illuminate/Database/Eloquent/Model.php:3540
/var/www/tests/Feature/FeatureTestCase.php:190
/var/www/tests/Feature/TopUp/SbusinessSingleTopupTest.php:39

Caused by
PDOException: SQLSTATE[HY000]: General error: 1812 Tablespace is missing for table `sheba_testing`.`topup_vendor_commissions`.

/var/www/app/Sheba/Database/Connection.php:67
/var/www/vendor/laravel/framework/src/Illuminate/Database/Connection.php:722
/var/www/vendor/laravel/framework/src/Illuminate/Database/Connection.php:685
/var/www/app/Sheba/Database/Connection.php:68
/var/www/vendor/laravel/framework/src/Illuminate/Database/Query/Builder.php:2213
/var/www/vendor/laravel/framework/src/Illuminate/Database/Eloquent/Builder.php:1426
/var/www/vendor/laravel/framework/src/Illuminate/Database/Eloquent/Model.php:3526
/var/www/vendor/laravel/framework/src/Illuminate/Database/Eloquent/Model.php:3540
/var/www/tests/Feature/FeatureTestCase.php:190
/var/www/tests/Feature/TopUp/SbusinessSingleTopupTest.php:39
</error>
      </testcase>
      <testcase name="testOneBusinessMemberTopUpRequestCreateOneTopUpOrder" class="Tests\Feature\TopUp\SbusinessSingleTopupTest" file="/var/www/tests/Feature/TopUp/SbusinessSingleTopupTest.php" line="520" assertions="0" time="0.340561">
        <error type="Illuminate\Database\QueryException">Tests\Feature\TopUp\SbusinessSingleTopupTest::testOneBusinessMemberTopUpRequestCreateOneTopUpOrder
Illuminate\Database\QueryException: SQLSTATE[HY000]: General error: 1812 Tablespace is missing for table `sheba_testing`.`topup_vendor_commissions`. (SQL: truncate `topup_vendor_commissions`)

/var/www/vendor/laravel/framework/src/Illuminate/Database/Connection.php:729
/var/www/vendor/laravel/framework/src/Illuminate/Database/Connection.php:685
/var/www/app/Sheba/Database/Connection.php:68
/var/www/vendor/laravel/framework/src/Illuminate/Database/Query/Builder.php:2213
/var/www/vendor/laravel/framework/src/Illuminate/Database/Eloquent/Builder.php:1426
/var/www/vendor/laravel/framework/src/Illuminate/Database/Eloquent/Model.php:3526
/var/www/vendor/laravel/framework/src/Illuminate/Database/Eloquent/Model.php:3540
/var/www/tests/Feature/FeatureTestCase.php:190
/var/www/tests/Feature/TopUp/SbusinessSingleTopupTest.php:39

Caused by
PDOException: SQLSTATE[HY000]: General error: 1812 Tablespace is missing for table `sheba_testing`.`topup_vendor_commissions`.

/var/www/app/Sheba/Database/Connection.php:67
/var/www/vendor/laravel/framework/src/Illuminate/Database/Connection.php:722
/var/www/vendor/laravel/framework/src/Illuminate/Database/Connection.php:685
/var/www/app/Sheba/Database/Connection.php:68
/var/www/vendor/laravel/framework/src/Illuminate/Database/Query/Builder.php:2213
/var/www/vendor/laravel/framework/src/Illuminate/Database/Eloquent/Builder.php:1426
/var/www/vendor/laravel/framework/src/Illuminate/Database/Eloquent/Model.php:3526
/var/www/vendor/laravel/framework/src/Illuminate/Database/Eloquent/Model.php:3540
/var/www/tests/Feature/FeatureTestCase.php:190
/var/www/tests/Feature/TopUp/SbusinessSingleTopupTest.php:39
</error>
      </testcase>
      <testcase name="testBusinessTopUpOrderDataMatchesOnTopUpOrderTable" class="Tests\Feature\TopUp\SbusinessSingleTopupTest" file="/var/www/tests/Feature/TopUp/SbusinessSingleTopupTest.php" line="538" assertions="0" time="0.333114">
        <error type="Illuminate\Database\QueryException">Tests\Feature\TopUp\SbusinessSingleTopupTest::testBusinessTopUpOrderDataMatchesOnTopUpOrderTable
Illuminate\Database\QueryException: SQLSTATE[HY000]: General error: 1812 Tablespace is missing for table `sheba_testing`.`topup_vendor_commissions`. (SQL: truncate `topup_vendor_commissions`)

/var/www/vendor/laravel/framework/src/Illuminate/Database/Connection.php:729
/var/www/vendor/laravel/framework/src/Illuminate/Database/Connection.php:685
/var/www/app/Sheba/Database/Connection.php:68
/var/www/vendor/laravel/framework/src/Illuminate/Database/Query/Builder.php:2213
/var/www/vendor/laravel/framework/src/Illuminate/Database/Eloquent/Builder.php:1426
/var/www/vendor/laravel/framework/src/Illuminate/Database/Eloquent/Model.php:3526
/var/www/vendor/laravel/framework/src/Illuminate/Database/Eloquent/Model.php:3540
/var/www/tests/Feature/FeatureTestCase.php:190
/var/www/tests/Feature/TopUp/SbusinessSingleTopupTest.php:39

Caused by
PDOException: SQLSTATE[HY000]: General error: 1812 Tablespace is missing for table `sheba_testing`.`topup_vendor_commissions`.

/var/www/app/Sheba/Database/Connection.php:67
/var/www/vendor/laravel/framework/src/Illuminate/Database/Connection.php:722
/var/www/vendor/laravel/framework/src/Illuminate/Database/Connection.php:685
/var/www/app/Sheba/Database/Connection.php:68
/var/www/vendor/laravel/framework/src/Illuminate/Database/Query/Builder.php:2213
/var/www/vendor/laravel/framework/src/Illuminate/Database/Eloquent/Builder.php:1426
/var/www/vendor/laravel/framework/src/Illuminate/Database/Eloquent/Model.php:3526
/var/www/vendor/laravel/framework/src/Illuminate/Database/Eloquent/Model.php:3540
/var/www/tests/Feature/FeatureTestCase.php:190
/var/www/tests/Feature/TopUp/SbusinessSingleTopupTest.php:39
</error>
      </testcase>
      <testcase name="testBusinessSuccessfulTopupDeductAmountFromBusinessMemberWallet" class="Tests\Feature\TopUp\SbusinessSingleTopupTest" file="/var/www/tests/Feature/TopUp/SbusinessSingleTopupTest.php" line="565" assertions="0" time="1.068059">
        <error type="Illuminate\Database\QueryException">Tests\Feature\TopUp\SbusinessSingleTopupTest::testBusinessSuccessfulTopupDeductAmountFromBusinessMemberWallet
Illuminate\Database\QueryException: SQLSTATE[HY000]: General error: 1812 Tablespace is missing for table `sheba_testing`.`topup_vendor_commissions`. (SQL: truncate `topup_vendor_commissions`)

/var/www/vendor/laravel/framework/src/Illuminate/Database/Connection.php:729
/var/www/vendor/laravel/framework/src/Illuminate/Database/Connection.php:685
/var/www/app/Sheba/Database/Connection.php:68
/var/www/vendor/laravel/framework/src/Illuminate/Database/Query/Builder.php:2213
/var/www/vendor/laravel/framework/src/Illuminate/Database/Eloquent/Builder.php:1426
/var/www/vendor/laravel/framework/src/Illuminate/Database/Eloquent/Model.php:3526
/var/www/vendor/laravel/framework/src/Illuminate/Database/Eloquent/Model.php:3540
/var/www/tests/Feature/FeatureTestCase.php:190
/var/www/tests/Feature/TopUp/SbusinessSingleTopupTest.php:39

Caused by
PDOException: SQLSTATE[HY000]: General error: 1812 Tablespace is missing for table `sheba_testing`.`topup_vendor_commissions`.

/var/www/app/Sheba/Database/Connection.php:67
/var/www/vendor/laravel/framework/src/Illuminate/Database/Connection.php:722
/var/www/vendor/laravel/framework/src/Illuminate/Database/Connection.php:685
/var/www/app/Sheba/Database/Connection.php:68
/var/www/vendor/laravel/framework/src/Illuminate/Database/Query/Builder.php:2213
/var/www/vendor/laravel/framework/src/Illuminate/Database/Eloquent/Builder.php:1426
/var/www/vendor/laravel/framework/src/Illuminate/Database/Eloquent/Model.php:3526
/var/www/vendor/laravel/framework/src/Illuminate/Database/Eloquent/Model.php:3540
/var/www/tests/Feature/FeatureTestCase.php:190
/var/www/tests/Feature/TopUp/SbusinessSingleTopupTest.php:39
</error>
      </testcase>
      <testcase name="testBusinessSuccessfulTopupTransactionStoreBusinessMemberLatLngInfo" class="Tests\Feature\TopUp\SbusinessSingleTopupTest" file="/var/www/tests/Feature/TopUp/SbusinessSingleTopupTest.php" line="591" assertions="0" time="0.327918">
        <error type="Illuminate\Database\QueryException">Tests\Feature\TopUp\SbusinessSingleTopupTest::testBusinessSuccessfulTopupTransactionStoreBusinessMemberLatLngInfo
Illuminate\Database\QueryException: SQLSTATE[HY000]: General error: 1812 Tablespace is missing for table `sheba_testing`.`topup_vendor_commissions`. (SQL: truncate `topup_vendor_commissions`)

/var/www/vendor/laravel/framework/src/Illuminate/Database/Connection.php:729
/var/www/vendor/laravel/framework/src/Illuminate/Database/Connection.php:685
/var/www/app/Sheba/Database/Connection.php:68
/var/www/vendor/laravel/framework/src/Illuminate/Database/Query/Builder.php:2213
/var/www/vendor/laravel/framework/src/Illuminate/Database/Eloquent/Builder.php:1426
/var/www/vendor/laravel/framework/src/Illuminate/Database/Eloquent/Model.php:3526
/var/www/vendor/laravel/framework/src/Illuminate/Database/Eloquent/Model.php:3540
/var/www/tests/Feature/FeatureTestCase.php:190
/var/www/tests/Feature/TopUp/SbusinessSingleTopupTest.php:39

Caused by
PDOException: SQLSTATE[HY000]: General error: 1812 Tablespace is missing for table `sheba_testing`.`topup_vendor_commissions`.

/var/www/app/Sheba/Database/Connection.php:67
/var/www/vendor/laravel/framework/src/Illuminate/Database/Connection.php:722
/var/www/vendor/laravel/framework/src/Illuminate/Database/Connection.php:685
/var/www/app/Sheba/Database/Connection.php:68
/var/www/vendor/laravel/framework/src/Illuminate/Database/Query/Builder.php:2213
/var/www/vendor/laravel/framework/src/Illuminate/Database/Eloquent/Builder.php:1426
/var/www/vendor/laravel/framework/src/Illuminate/Database/Eloquent/Model.php:3526
/var/www/vendor/laravel/framework/src/Illuminate/Database/Eloquent/Model.php:3540
/var/www/tests/Feature/FeatureTestCase.php:190
/var/www/tests/Feature/TopUp/SbusinessSingleTopupTest.php:39
</error>
      </testcase>
      <testcase name="testBusinessSuccessfulTopupTransactionStoreBusinessMemberIP" class="Tests\Feature\TopUp\SbusinessSingleTopupTest" file="/var/www/tests/Feature/TopUp/SbusinessSingleTopupTest.php" line="618" assertions="0" time="0.338341">
        <error type="Illuminate\Database\QueryException">Tests\Feature\TopUp\SbusinessSingleTopupTest::testBusinessSuccessfulTopupTransactionStoreBusinessMemberIP
Illuminate\Database\QueryException: SQLSTATE[HY000]: General error: 1812 Tablespace is missing for table `sheba_testing`.`topup_vendor_commissions`. (SQL: truncate `topup_vendor_commissions`)

/var/www/vendor/laravel/framework/src/Illuminate/Database/Connection.php:729
/var/www/vendor/laravel/framework/src/Illuminate/Database/Connection.php:685
/var/www/app/Sheba/Database/Connection.php:68
/var/www/vendor/laravel/framework/src/Illuminate/Database/Query/Builder.php:2213
/var/www/vendor/laravel/framework/src/Illuminate/Database/Eloquent/Builder.php:1426
/var/www/vendor/laravel/framework/src/Illuminate/Database/Eloquent/Model.php:3526
/var/www/vendor/laravel/framework/src/Illuminate/Database/Eloquent/Model.php:3540
/var/www/tests/Feature/FeatureTestCase.php:190
/var/www/tests/Feature/TopUp/SbusinessSingleTopupTest.php:39

Caused by
PDOException: SQLSTATE[HY000]: General error: 1812 Tablespace is missing for table `sheba_testing`.`topup_vendor_commissions`.

/var/www/app/Sheba/Database/Connection.php:67
/var/www/vendor/laravel/framework/src/Illuminate/Database/Connection.php:722
/var/www/vendor/laravel/framework/src/Illuminate/Database/Connection.php:685
/var/www/app/Sheba/Database/Connection.php:68
/var/www/vendor/laravel/framework/src/Illuminate/Database/Query/Builder.php:2213
/var/www/vendor/laravel/framework/src/Illuminate/Database/Eloquent/Builder.php:1426
/var/www/vendor/laravel/framework/src/Illuminate/Database/Eloquent/Model.php:3526
/var/www/vendor/laravel/framework/src/Illuminate/Database/Eloquent/Model.php:3540
/var/www/tests/Feature/FeatureTestCase.php:190
/var/www/tests/Feature/TopUp/SbusinessSingleTopupTest.php:39
</error>
      </testcase>
      <testcase name="testBusinessSuccessfulTopupTransactionStoreUserAgentType" class="Tests\Feature\TopUp\SbusinessSingleTopupTest" file="/var/www/tests/Feature/TopUp/SbusinessSingleTopupTest.php" line="644" assertions="0" time="0.389478">
        <error type="Illuminate\Database\QueryException">Tests\Feature\TopUp\SbusinessSingleTopupTest::testBusinessSuccessfulTopupTransactionStoreUserAgentType
Illuminate\Database\QueryException: SQLSTATE[HY000]: General error: 1812 Tablespace is missing for table `sheba_testing`.`topup_vendor_commissions`. (SQL: truncate `topup_vendor_commissions`)

/var/www/vendor/laravel/framework/src/Illuminate/Database/Connection.php:729
/var/www/vendor/laravel/framework/src/Illuminate/Database/Connection.php:685
/var/www/app/Sheba/Database/Connection.php:68
/var/www/vendor/laravel/framework/src/Illuminate/Database/Query/Builder.php:2213
/var/www/vendor/laravel/framework/src/Illuminate/Database/Eloquent/Builder.php:1426
/var/www/vendor/laravel/framework/src/Illuminate/Database/Eloquent/Model.php:3526
/var/www/vendor/laravel/framework/src/Illuminate/Database/Eloquent/Model.php:3540
/var/www/tests/Feature/FeatureTestCase.php:190
/var/www/tests/Feature/TopUp/SbusinessSingleTopupTest.php:39

Caused by
PDOException: SQLSTATE[HY000]: General error: 1812 Tablespace is missing for table `sheba_testing`.`topup_vendor_commissions`.

/var/www/app/Sheba/Database/Connection.php:67
/var/www/vendor/laravel/framework/src/Illuminate/Database/Connection.php:722
/var/www/vendor/laravel/framework/src/Illuminate/Database/Connection.php:685
/var/www/app/Sheba/Database/Connection.php:68
/var/www/vendor/laravel/framework/src/Illuminate/Database/Query/Builder.php:2213
/var/www/vendor/laravel/framework/src/Illuminate/Database/Eloquent/Builder.php:1426
/var/www/vendor/laravel/framework/src/Illuminate/Database/Eloquent/Model.php:3526
/var/www/vendor/laravel/framework/src/Illuminate/Database/Eloquent/Model.php:3540
/var/www/tests/Feature/FeatureTestCase.php:190
/var/www/tests/Feature/TopUp/SbusinessSingleTopupTest.php:39
</error>
      </testcase>
      <testcase name="testSuccessfulTopupTransactionStoreUserAgentDeviceInformation" class="Tests\Feature\TopUp\SbusinessSingleTopupTest" file="/var/www/tests/Feature/TopUp/SbusinessSingleTopupTest.php" line="670" assertions="0" time="0.395778">
        <error type="Illuminate\Database\QueryException">Tests\Feature\TopUp\SbusinessSingleTopupTest::testSuccessfulTopupTransactionStoreUserAgentDeviceInformation
Illuminate\Database\QueryException: SQLSTATE[HY000]: General error: 1812 Tablespace is missing for table `sheba_testing`.`topup_vendor_commissions`. (SQL: truncate `topup_vendor_commissions`)

/var/www/vendor/laravel/framework/src/Illuminate/Database/Connection.php:729
/var/www/vendor/laravel/framework/src/Illuminate/Database/Connection.php:685
/var/www/app/Sheba/Database/Connection.php:68
/var/www/vendor/laravel/framework/src/Illuminate/Database/Query/Builder.php:2213
/var/www/vendor/laravel/framework/src/Illuminate/Database/Eloquent/Builder.php:1426
/var/www/vendor/laravel/framework/src/Illuminate/Database/Eloquent/Model.php:3526
/var/www/vendor/laravel/framework/src/Illuminate/Database/Eloquent/Model.php:3540
/var/www/tests/Feature/FeatureTestCase.php:190
/var/www/tests/Feature/TopUp/SbusinessSingleTopupTest.php:39

Caused by
PDOException: SQLSTATE[HY000]: General error: 1812 Tablespace is missing for table `sheba_testing`.`topup_vendor_commissions`.

/var/www/app/Sheba/Database/Connection.php:67
/var/www/vendor/laravel/framework/src/Illuminate/Database/Connection.php:722
/var/www/vendor/laravel/framework/src/Illuminate/Database/Connection.php:685
/var/www/app/Sheba/Database/Connection.php:68
/var/www/vendor/laravel/framework/src/Illuminate/Database/Query/Builder.php:2213
/var/www/vendor/laravel/framework/src/Illuminate/Database/Eloquent/Builder.php:1426
/var/www/vendor/laravel/framework/src/Illuminate/Database/Eloquent/Model.php:3526
/var/www/vendor/laravel/framework/src/Illuminate/Database/Eloquent/Model.php:3540
/var/www/tests/Feature/FeatureTestCase.php:190
/var/www/tests/Feature/TopUp/SbusinessSingleTopupTest.php:39
</error>
      </testcase>
      <testcase name="testBusinessSuccessfulTopupTransactionStoreTopupTransactionID" class="Tests\Feature\TopUp\SbusinessSingleTopupTest" file="/var/www/tests/Feature/TopUp/SbusinessSingleTopupTest.php" line="695" assertions="0" time="0.349349">
        <error type="Illuminate\Database\QueryException">Tests\Feature\TopUp\SbusinessSingleTopupTest::testBusinessSuccessfulTopupTransactionStoreTopupTransactionID
Illuminate\Database\QueryException: SQLSTATE[HY000]: General error: 1812 Tablespace is missing for table `sheba_testing`.`topup_vendor_commissions`. (SQL: truncate `topup_vendor_commissions`)

/var/www/vendor/laravel/framework/src/Illuminate/Database/Connection.php:729
/var/www/vendor/laravel/framework/src/Illuminate/Database/Connection.php:685
/var/www/app/Sheba/Database/Connection.php:68
/var/www/vendor/laravel/framework/src/Illuminate/Database/Query/Builder.php:2213
/var/www/vendor/laravel/framework/src/Illuminate/Database/Eloquent/Builder.php:1426
/var/www/vendor/laravel/framework/src/Illuminate/Database/Eloquent/Model.php:3526
/var/www/vendor/laravel/framework/src/Illuminate/Database/Eloquent/Model.php:3540
/var/www/tests/Feature/FeatureTestCase.php:190
/var/www/tests/Feature/TopUp/SbusinessSingleTopupTest.php:39

Caused by
PDOException: SQLSTATE[HY000]: General error: 1812 Tablespace is missing for table `sheba_testing`.`topup_vendor_commissions`.

/var/www/app/Sheba/Database/Connection.php:67
/var/www/vendor/laravel/framework/src/Illuminate/Database/Connection.php:722
/var/www/vendor/laravel/framework/src/Illuminate/Database/Connection.php:685
/var/www/app/Sheba/Database/Connection.php:68
/var/www/vendor/laravel/framework/src/Illuminate/Database/Query/Builder.php:2213
/var/www/vendor/laravel/framework/src/Illuminate/Database/Eloquent/Builder.php:1426
/var/www/vendor/laravel/framework/src/Illuminate/Database/Eloquent/Model.php:3526
/var/www/vendor/laravel/framework/src/Illuminate/Database/Eloquent/Model.php:3540
/var/www/tests/Feature/FeatureTestCase.php:190
/var/www/tests/Feature/TopUp/SbusinessSingleTopupTest.php:39
</error>
      </testcase>
      <testcase name="testBusinessSuccessfulTopupPartnerCommissionCheck" class="Tests\Feature\TopUp\SbusinessSingleTopupTest" file="/var/www/tests/Feature/TopUp/SbusinessSingleTopupTest.php" line="720" assertions="0" time="0.345443">
        <error type="Illuminate\Database\QueryException">Tests\Feature\TopUp\SbusinessSingleTopupTest::testBusinessSuccessfulTopupPartnerCommissionCheck
Illuminate\Database\QueryException: SQLSTATE[HY000]: General error: 1812 Tablespace is missing for table `sheba_testing`.`topup_vendor_commissions`. (SQL: truncate `topup_vendor_commissions`)

/var/www/vendor/laravel/framework/src/Illuminate/Database/Connection.php:729
/var/www/vendor/laravel/framework/src/Illuminate/Database/Connection.php:685
/var/www/app/Sheba/Database/Connection.php:68
/var/www/vendor/laravel/framework/src/Illuminate/Database/Query/Builder.php:2213
/var/www/vendor/laravel/framework/src/Illuminate/Database/Eloquent/Builder.php:1426
/var/www/vendor/laravel/framework/src/Illuminate/Database/Eloquent/Model.php:3526
/var/www/vendor/laravel/framework/src/Illuminate/Database/Eloquent/Model.php:3540
/var/www/tests/Feature/FeatureTestCase.php:190
/var/www/tests/Feature/TopUp/SbusinessSingleTopupTest.php:39

Caused by
PDOException: SQLSTATE[HY000]: General error: 1812 Tablespace is missing for table `sheba_testing`.`topup_vendor_commissions`.

/var/www/app/Sheba/Database/Connection.php:67
/var/www/vendor/laravel/framework/src/Illuminate/Database/Connection.php:722
/var/www/vendor/laravel/framework/src/Illuminate/Database/Connection.php:685
/var/www/app/Sheba/Database/Connection.php:68
/var/www/vendor/laravel/framework/src/Illuminate/Database/Query/Builder.php:2213
/var/www/vendor/laravel/framework/src/Illuminate/Database/Eloquent/Builder.php:1426
/var/www/vendor/laravel/framework/src/Illuminate/Database/Eloquent/Model.php:3526
/var/www/vendor/laravel/framework/src/Illuminate/Database/Eloquent/Model.php:3540
/var/www/tests/Feature/FeatureTestCase.php:190
/var/www/tests/Feature/TopUp/SbusinessSingleTopupTest.php:39
</error>
      </testcase>
      <testcase name="testBusinessSuccessfulTopupSpecificPartnerCommissionCheck" class="Tests\Feature\TopUp\SbusinessSingleTopupTest" file="/var/www/tests/Feature/TopUp/SbusinessSingleTopupTest.php" line="744" assertions="0" time="0.341565">
        <error type="Illuminate\Database\QueryException">Tests\Feature\TopUp\SbusinessSingleTopupTest::testBusinessSuccessfulTopupSpecificPartnerCommissionCheck
Illuminate\Database\QueryException: SQLSTATE[HY000]: General error: 1812 Tablespace is missing for table `sheba_testing`.`topup_vendor_commissions`. (SQL: truncate `topup_vendor_commissions`)

/var/www/vendor/laravel/framework/src/Illuminate/Database/Connection.php:729
/var/www/vendor/laravel/framework/src/Illuminate/Database/Connection.php:685
/var/www/app/Sheba/Database/Connection.php:68
/var/www/vendor/laravel/framework/src/Illuminate/Database/Query/Builder.php:2213
/var/www/vendor/laravel/framework/src/Illuminate/Database/Eloquent/Builder.php:1426
/var/www/vendor/laravel/framework/src/Illuminate/Database/Eloquent/Model.php:3526
/var/www/vendor/laravel/framework/src/Illuminate/Database/Eloquent/Model.php:3540
/var/www/tests/Feature/FeatureTestCase.php:190
/var/www/tests/Feature/TopUp/SbusinessSingleTopupTest.php:39

Caused by
PDOException: SQLSTATE[HY000]: General error: 1812 Tablespace is missing for table `sheba_testing`.`topup_vendor_commissions`.

/var/www/app/Sheba/Database/Connection.php:67
/var/www/vendor/laravel/framework/src/Illuminate/Database/Connection.php:722
/var/www/vendor/laravel/framework/src/Illuminate/Database/Connection.php:685
/var/www/app/Sheba/Database/Connection.php:68
/var/www/vendor/laravel/framework/src/Illuminate/Database/Query/Builder.php:2213
/var/www/vendor/laravel/framework/src/Illuminate/Database/Eloquent/Builder.php:1426
/var/www/vendor/laravel/framework/src/Illuminate/Database/Eloquent/Model.php:3526
/var/www/vendor/laravel/framework/src/Illuminate/Database/Eloquent/Model.php:3540
/var/www/tests/Feature/FeatureTestCase.php:190
/var/www/tests/Feature/TopUp/SbusinessSingleTopupTest.php:39
</error>
      </testcase>
    </testsuite>
  </testsuite>
</testsuites>
