<?xml version="1.0" encoding="UTF-8"?>
<testsuites>
  <testsuite name="Application Test Suite" tests="1" assertions="0" failures="0" errors="1" time="1.300403">
    <testsuite name="Tests\Feature\sDeliverOrderPlacement\OrderPlacementAPITest" file="/var/www/tests/Feature/sDeliverOrderPlacement/OrderPlacementAPITest.php" tests="1" assertions="0" failures="0" errors="1" time="1.300403">
      <testcase name="testDummy" class="Tests\Feature\sDeliverOrderPlacement\OrderPlacementAPITest" file="/var/www/tests/Feature/sDeliverOrderPlacement/OrderPlacementAPITest.php" line="18" assertions="0" time="1.300403">
        <error type="Illuminate\Database\QueryException">Tests\Feature\sDeliverOrderPlacement\OrderPlacementAPITest::testDummy
Illuminate\Database\QueryException: SQLSTATE[23000]: Integrity constraint violation: 1452 Cannot add or update a child row: a foreign key constraint fails (`sheba_testing`.`pos_orders`, CONSTRAINT `pos_orders_customer_id_foreign` FOREIGN KEY (`customer_id`) REFERENCES `pos_customers` (`id`) ON DELETE SET NULL ON UPDATE CASCADE) (SQL: insert into `pos_orders` (`created_by`, `created_by_name`, `updated_by`, `updated_by_name`, `created_at`, `updated_at`, `partner_wise_order_id`, `partner_id`, `customer_id`, `payment_status`, `delivery_charge`, `delivery_vendor_name`, `delivery_request_id`, `delivery_thana`, `delivery_district`, `delivery_status`, `address`, `status`, `sales_channel`) values (1, IT - Shafiqul Islam, 1, IT - Shafiqul Islam, 2021-05-19 16:38:34, 2021-05-19 16:38:34, 1, 1, 1, Due, 60, Paperfly, 0, Banari Para, Barisal, Created, 207 Bogan Coves Suite 223
Brekkeview, FL 37721-9771, Pending, webstore))

/var/www/vendor/laravel/framework/src/Illuminate/Database/Connection.php:729
/var/www/vendor/laravel/framework/src/Illuminate/Database/Connection.php:685
/var/www/app/Sheba/Database/Connection.php:50
/var/www/vendor/laravel/framework/src/Illuminate/Database/Connection.php:414
/var/www/vendor/laravel/framework/src/Illuminate/Database/Query/Processors/Processor.php:32
/var/www/vendor/laravel/framework/src/Illuminate/Database/Query/Builder.php:2107
/var/www/vendor/laravel/framework/src/Illuminate/Database/Eloquent/Builder.php:1423
/var/www/vendor/laravel/framework/src/Illuminate/Database/Eloquent/Model.php:1628
/var/www/vendor/laravel/framework/src/Illuminate/Database/Eloquent/Model.php:1597
/var/www/vendor/laravel/framework/src/Illuminate/Database/Eloquent/Model.php:1488
/var/www/vendor/laravel/framework/src/Illuminate/Database/Eloquent/FactoryBuilder.php:87
/var/www/tests/Feature/FeatureTestCase.php:148
/var/www/tests/Feature/sDeliverOrderPlacement/OrderPlacementAPITest.php:14

Caused by
PDOException: SQLSTATE[23000]: Integrity constraint violation: 1452 Cannot add or update a child row: a foreign key constraint fails (`sheba_testing`.`pos_orders`, CONSTRAINT `pos_orders_customer_id_foreign` FOREIGN KEY (`customer_id`) REFERENCES `pos_customers` (`id`) ON DELETE SET NULL ON UPDATE CASCADE)

/var/www/app/Sheba/Database/Connection.php:49
/var/www/vendor/laravel/framework/src/Illuminate/Database/Connection.php:722
/var/www/vendor/laravel/framework/src/Illuminate/Database/Connection.php:685
/var/www/app/Sheba/Database/Connection.php:50
/var/www/vendor/laravel/framework/src/Illuminate/Database/Connection.php:414
/var/www/vendor/laravel/framework/src/Illuminate/Database/Query/Processors/Processor.php:32
/var/www/vendor/laravel/framework/src/Illuminate/Database/Query/Builder.php:2107
/var/www/vendor/laravel/framework/src/Illuminate/Database/Eloquent/Builder.php:1423
/var/www/vendor/laravel/framework/src/Illuminate/Database/Eloquent/Model.php:1628
/var/www/vendor/laravel/framework/src/Illuminate/Database/Eloquent/Model.php:1597
/var/www/vendor/laravel/framework/src/Illuminate/Database/Eloquent/Model.php:1488
/var/www/vendor/laravel/framework/src/Illuminate/Database/Eloquent/FactoryBuilder.php:87
/var/www/tests/Feature/FeatureTestCase.php:148
/var/www/tests/Feature/sDeliverOrderPlacement/OrderPlacementAPITest.php:14
</error>
      </testcase>
    </testsuite>
  </testsuite>
</testsuites>
