<?xml version="1.0" encoding="UTF-8"?>
<testsuites>
  <testsuite name="Application Test Suite" tests="12" assertions="24" failures="0" errors="0" time="70.342008">
    <testsuite name="Tests\Feature\UserProfileUpdate\UserProfileUpdateV1Test" file="/var/www/tests/Feature/UserProfileUpdate/UserProfileUpdateV1Test.php" tests="12" assertions="24" failures="0" errors="0" time="70.342008">
      <testcase name="testUserProfileUpdateAPIV1ByUpdatingNameGenderBirthdayAddress" class="Tests\Feature\UserProfileUpdate\UserProfileUpdateV1Test" file="/var/www/tests/Feature/UserProfileUpdate/UserProfileUpdateV1Test.php" line="22" assertions="2" time="5.846598"/>
      <testcase name="testUserProfileUpdateAPIV1ByUpdatingNameOnly" class="Tests\Feature\UserProfileUpdate\UserProfileUpdateV1Test" file="/var/www/tests/Feature/UserProfileUpdate/UserProfileUpdateV1Test.php" line="49" assertions="2" time="4.547308"/>
      <testcase name="testUserProfileUpdateAPIV1ByUpdatingGenderOnly" class="Tests\Feature\UserProfileUpdate\UserProfileUpdateV1Test" file="/var/www/tests/Feature/UserProfileUpdate/UserProfileUpdateV1Test.php" line="67" assertions="2" time="5.579797"/>
      <testcase name="testUserProfileUpdateAPIV1ByUpdatingBirthdayOnly" class="Tests\Feature\UserProfileUpdate\UserProfileUpdateV1Test" file="/var/www/tests/Feature/UserProfileUpdate/UserProfileUpdateV1Test.php" line="85" assertions="2" time="5.725180"/>
      <testcase name="testUserProfileUpdateAPIV1ByUpdatingAddressOnly" class="Tests\Feature\UserProfileUpdate\UserProfileUpdateV1Test" file="/var/www/tests/Feature/UserProfileUpdate/UserProfileUpdateV1Test.php" line="103" assertions="2" time="5.312571"/>
      <testcase name="testUserProfileUpdateAPIV1ByGivingNullValueOfName" class="Tests\Feature\UserProfileUpdate\UserProfileUpdateV1Test" file="/var/www/tests/Feature/UserProfileUpdate/UserProfileUpdateV1Test.php" line="121" assertions="2" time="6.299253"/>
      <testcase name="testUserProfileUpdateAPIV1ByGivingNullValueOfGender" class="Tests\Feature\UserProfileUpdate\UserProfileUpdateV1Test" file="/var/www/tests/Feature/UserProfileUpdate/UserProfileUpdateV1Test.php" line="139" assertions="2" time="6.882518"/>
      <testcase name="testUserProfileUpdateAPIV1ByGivingNullValueOfBirthday" class="Tests\Feature\UserProfileUpdate\UserProfileUpdateV1Test" file="/var/www/tests/Feature/UserProfileUpdate/UserProfileUpdateV1Test.php" line="157" assertions="2" time="5.844908"/>
      <testcase name="testUserProfileUpdateAPIV1ByGivingNullValueOfAddress" class="Tests\Feature\UserProfileUpdate\UserProfileUpdateV1Test" file="/var/www/tests/Feature/UserProfileUpdate/UserProfileUpdateV1Test.php" line="175" assertions="2" time="6.145344"/>
      <testcase name="testUserProfileUpdateAPIV1ByGivingInvalidBirthday" class="Tests\Feature\UserProfileUpdate\UserProfileUpdateV1Test" file="/var/www/tests/Feature/UserProfileUpdate/UserProfileUpdateV1Test.php" line="193" assertions="2" time="6.854580"/>
      <testcase name="testUserProfileUpdateAPIV1ByGivingCharacterInputInBirthday" class="Tests\Feature\UserProfileUpdate\UserProfileUpdateV1Test" file="/var/www/tests/Feature/UserProfileUpdate/UserProfileUpdateV1Test.php" line="213" assertions="2" time="5.375815"/>
      <testcase name="testUserProfileUpdateAPIV1ByGivingInvalidGender" class="Tests\Feature\UserProfileUpdate\UserProfileUpdateV1Test" file="/var/www/tests/Feature/UserProfileUpdate/UserProfileUpdateV1Test.php" line="233" assertions="2" time="5.928136"/>
    </testsuite>
  </testsuite>
</testsuites>
